#
# A fatal error has been detected by the Java Runtime Environment:
#
#  EXCEPTION_ACCESS_VIOLATION (0xc0000005) at pc=0x0000000059186e97, pid=11440, tid=13600
#
# JRE version: 7.0_13-b20
# Java VM: Java HotSpot(TM) 64-Bit Server VM (23.7-b01 mixed mode windows-amd64 compressed oops)
# Problematic frame:
# C  [nio.dll+0x6e97]  Java_java_io_FileDescriptor_sync+0x1c3
#
# Failed to write core dump. Minidumps are not enabled by default on client versions of Windows
#
# If you would like to submit a bug report, please visit:
#   http://bugreport.sun.com/bugreport/crash.jsp
# The crash happened outside the Java Virtual Machine in native code.
# See problematic frame for where to report the bug.
#

---------------  T H R E A D  ---------------

Current thread (0x000000000e6f5800):  JavaThread "stderr" daemon [_thread_in_native, id=13600, stack(0x000000006ba80000,0x000000006bb80000)]

siginfo: ExceptionCode=0xc0000005, writing address 0x000000006bb74000

Registers:
RAX=0x000000000000d0d0, RBX=0x00000000b08e6ef0, RCX=0x000000000e6f59d8, RDX=0x000000006bb7ed68
RSP=0x000000006bb7ec08, RBP=0x000000006bb71c50, RSI=0x0000000000000091, RDI=0x00000000026564f0
R8 =0x000000000dbae000, R9 =0x0000000000000002, R10=0x000000006bb71000, R11=0x000000006bb74000
R12=0x0000000000000000, R13=0x00000000b08e6ef0, R14=0x000000006bb7ed68, R15=0x000000000e6f5800
RIP=0x0000000059186e97, EFLAGS=0x0000000000010287

Top of Stack: (sp=0x000000006bb7ec08)
0x000000006bb7ec08:   000000000266237c 00000000593a1f50
0x000000006bb7ec18:   0000000059186796 000000000e6f5800
0x000000006bb7ec28:   000000006bb7ed68 00000000b08e6ef0
0x000000006bb7ec38:   0000000000000000 00000000026564f0
0x000000006bb7ec48:   0000000000000091 000000006bb7ed08
0x000000006bb7ec58:   00000000026623a8 00000000eab2fd30
0x000000006bb7ec68:   00000000b08e6ef0 000000000dd35d08
0x000000006bb7ec78:   00000000b08c4d50 000000006bb7ed48
0x000000006bb7ec88:   000000006bb7ed40 000000006bb7ed38
0x000000006bb7ec98:   ffffffffffffffff 0000000000000000
0x000000006bb7eca8:   00000000026561f8 616d726f6e5f6472
0x000000006bb7ecb8:   00000000026628d9 00000000b0035d70
0x000000006bb7ecc8:   000000006bb7ecc8 0000000000000000
0x000000006bb7ecd8:   000000006bb7ed68 00000000b08e7a28
0x000000006bb7ece8:   0000000000000000 00000000b08e6ef0
0x000000006bb7ecf8:   0000000000000000 000000006bb7ed28 

Instructions: (pc=0x0000000059186e97)
0x0000000059186e77:   d0 4d 0f 42 d3 65 4c 8b 1c 25 10 00 00 00 4d 3b
0x0000000059186e87:   d3 73 16 66 41 81 e2 00 f0 4d 8d 9b 00 f0 ff ff
0x0000000059186e97:   41 c6 03 00 4d 3b d3 75 f0 4c 8b 14 24 4c 8b 5c
0x0000000059186ea7:   24 08 48 83 c4 10 c3 cc cc 40 53 48 83 ec 20 b9 


Register to memory mapping:

RAX=0x000000000000d0d0 is an unknown value
RBX=0x00000000b08e6ef0 is an oop
{method} 
 - klass: {other class}
RCX=0x000000000e6f59d8 is an unknown value
RDX=0x000000006bb7ed68 is pointing into the stack for thread: 0x000000000e6f5800
RSP=0x000000006bb7ec08 is pointing into the stack for thread: 0x000000000e6f5800
RBP=0x000000006bb71c50 is pointing into the stack for thread: 0x000000000e6f5800
RSI=0x0000000000000091 is an unknown value
RDI=0x00000000026564f0 is an Interpreter codelet
return entry points  [0x0000000002655820, 0x0000000002657620]  7680 bytes
R8 =0x000000000dbae000 is an unknown value
R9 =0x0000000000000002 is an unknown value
R10=0x000000006bb71000 is pointing into the stack for thread: 0x000000000e6f5800
R11=0x000000006bb74000 is pointing into the stack for thread: 0x000000000e6f5800
R12=0x0000000000000000 is an unknown value
R13=0x00000000b08e6ef0 is an oop
{method} 
 - klass: {other class}
R14=0x000000006bb7ed68 is pointing into the stack for thread: 0x000000000e6f5800
R15=0x000000000e6f5800 is a thread


Stack: [0x000000006ba80000,0x000000006bb80000],  sp=0x000000006bb7ec08,  free space=1019k
Native frames: (J=compiled Java code, j=interpreted, Vv=VM code, C=native code)
C  [nio.dll+0x6e97]  Java_java_io_FileDescriptor_sync+0x1c3

[error occurred during error reporting (printing native stack), id 0xc0000005]

Java frames: (J=compiled Java code, j=interpreted, Vv=VM code)
j  sun.nio.ch.WindowsSelectorImpl$SubSelector.poll0(JI[I[I[IJ)I+0
j  sun.nio.ch.WindowsSelectorImpl$SubSelector.poll()I+43
j  sun.nio.ch.WindowsSelectorImpl$SubSelector.access$400(Lsun/nio/ch/WindowsSelectorImpl$SubSelector;)I+1
j  sun.nio.ch.WindowsSelectorImpl.doSelect(J)I+63
j  sun.nio.ch.SelectorImpl.lockAndDoSelect(J)I+37
J  org.gradle.messaging.remote.internal.inet.SocketConnection$SocketOutputStream.flush()V
j  org.gradle.messaging.remote.internal.inet.SocketConnection.dispatch(Ljava/lang/Object;)V+14
j  org.gradle.launcher.daemon.server.SynchronizedDispatchConnection.dispatch(Ljava/lang/Object;)V+64
j  org.gradle.launcher.daemon.server.DefaultDaemonConnection.logEvent(Lorg/gradle/logging/internal/OutputEvent;)V+12
j  org.gradle.launcher.daemon.server.exec.LogToClient$1.onOutput(Lorg/gradle/logging/internal/OutputEvent;)V+29
j  sun.reflect.GeneratedMethodAccessor2.invoke(Ljava/lang/Object;[Ljava/lang/Object;)Ljava/lang/Object;+40
J  org.gradle.messaging.dispatch.ReflectionDispatch.dispatch(Ljava/lang/Object;)V
J  org.gradle.internal.event.AbstractBroadcastDispatch.dispatch(Lorg/gradle/messaging/dispatch/MethodInvocation;Ljava/util/Iterator;)V
J  org.gradle.messaging.dispatch.ProxyDispatchAdapter$DispatchingInvocationHandler.invoke(Ljava/lang/Object;Ljava/lang/reflect/Method;[Ljava/lang/Object;)Ljava/lang/Object;
j  sun.proxy.$Proxy0.onOutput(Lorg/gradle/logging/internal/OutputEvent;)V+16
j  org.gradle.logging.internal.OutputEventRenderer.onOutput(Lorg/gradle/logging/internal/OutputEvent;)V+94
j  org.gradle.logging.internal.slf4j.OutputEventListenerBackedLogger.log(Lorg/gradle/api/logging/LogLevel;Ljava/lang/Throwable;Ljava/lang/String;)V+38
j  org.gradle.logging.internal.slf4j.OutputEventListenerBackedLogger.log(Lorg/gradle/api/logging/LogLevel;Ljava/lang/String;)V+12
j  com.android.build.gradle.internal.LoggerWrapper.warning(Ljava/lang/String;[Ljava/lang/Object;)V+53
j  com.android.builder.png.AaptProcess$NotifierProcessOutput.err(Ljava/lang/String;)V+83
j  com.android.builder.png.AaptProcess$ProcessOutputFacade.err(Ljava/lang/String;)V+64
j  com.android.utils.GrabProcessOutput$1.run()V+45
v  ~StubRoutines::call_stub

---------------  P R O C E S S  ---------------

Java Threads: ( => current thread )
  0x000000000e014000 JavaThread "stdout" daemon [_thread_in_native, id=8492, stack(0x000000006cf80000,0x000000006d080000)]
  0x000000000e01a800 JavaThread "stderr" daemon [_thread_in_native, id=21224, stack(0x000000006ce80000,0x000000006cf80000)]
  0x000000000e01b000 JavaThread "stdout" daemon [_thread_in_native, id=20660, stack(0x000000006cd80000,0x000000006ce80000)]
  0x000000000e012800 JavaThread "stderr" daemon [_thread_in_native, id=20960, stack(0x000000006cc80000,0x000000006cd80000)]
  0x000000000e019800 JavaThread "stdout" daemon [_thread_in_native, id=20984, stack(0x000000006cb80000,0x000000006cc80000)]
  0x000000000e019000 JavaThread "stderr" daemon [_thread_in_native, id=12928, stack(0x000000006ca80000,0x000000006cb80000)]
  0x000000000e016800 JavaThread "stdout" daemon [_thread_in_native, id=21360, stack(0x000000006c980000,0x000000006ca80000)]
  0x000000000e018000 JavaThread "stderr" daemon [_thread_in_native, id=19208, stack(0x000000006c880000,0x000000006c980000)]
  0x000000000e015800 JavaThread "stdout" daemon [_thread_in_native, id=17420, stack(0x000000006c780000,0x000000006c880000)]
  0x000000000e017800 JavaThread "stderr" daemon [_thread_in_native, id=7204, stack(0x000000006c680000,0x000000006c780000)]
  0x000000000e013800 JavaThread "stdout" daemon [_thread_in_native, id=20996, stack(0x000000006c580000,0x000000006c680000)]
  0x000000000e701800 JavaThread "stderr" daemon [_thread_in_native, id=15844, stack(0x000000006c480000,0x000000006c580000)]
  0x000000000e700800 JavaThread "stdout" daemon [_thread_in_native, id=16204, stack(0x000000006c380000,0x000000006c480000)]
  0x000000000e700000 JavaThread "stderr" daemon [_thread_in_native, id=17596, stack(0x000000006c280000,0x000000006c380000)]
  0x000000000e6ff000 JavaThread "stdout" daemon [_thread_in_native, id=18024, stack(0x000000006c180000,0x000000006c280000)]
  0x000000000e6fe800 JavaThread "stderr" daemon [_thread_in_native, id=20224, stack(0x000000006c080000,0x000000006c180000)]
  0x000000000e6f7000 JavaThread "stdout" daemon [_thread_in_native, id=5692, stack(0x000000006bf80000,0x000000006c080000)]
  0x000000000e6fd800 JavaThread "stderr" daemon [_thread_in_native, id=8076, stack(0x000000006be80000,0x000000006bf80000)]
  0x000000000e6fd000 JavaThread "stdout" daemon [_thread_in_native, id=12892, stack(0x000000006bd80000,0x000000006be80000)]
  0x000000000e6fc000 JavaThread "stderr" daemon [_thread_in_native, id=9668, stack(0x000000006bc80000,0x000000006bd80000)]
  0x000000000e6f4800 JavaThread "stdout" daemon [_thread_blocked, id=10268, stack(0x000000006bb80000,0x000000006bc80000)]
=>0x000000000e6f5800 JavaThread "stderr" daemon [_thread_in_native, id=13600, stack(0x000000006ba80000,0x000000006bb80000)]
  0x000000000e6fb800 JavaThread "stdout" daemon [_thread_in_native, id=6272, stack(0x000000006b980000,0x000000006ba80000)]
  0x000000000e6fa800 JavaThread "stderr" daemon [_thread_in_native, id=20632, stack(0x000000006b880000,0x000000006b980000)]
  0x000000000e6fa000 JavaThread "stdout" daemon [_thread_in_native, id=20596, stack(0x000000006b780000,0x000000006b880000)]
  0x000000000e6f2800 JavaThread "stderr" daemon [_thread_in_native, id=15784, stack(0x000000006b680000,0x000000006b780000)]
  0x000000000e6f4000 JavaThread "stdout" daemon [_thread_in_native, id=20840, stack(0x000000006b580000,0x000000006b680000)]
  0x000000000e6f7800 JavaThread "stderr" daemon [_thread_in_native, id=5304, stack(0x000000006b480000,0x000000006b580000)]
  0x000000000e6f6000 JavaThread "stdout" daemon [_thread_in_native, id=4816, stack(0x000000006b380000,0x000000006b480000)]
  0x000000000e6f9000 JavaThread "stderr" daemon [_thread_in_native, id=20804, stack(0x000000006b280000,0x000000006b380000)]
  0x000000000e6f8800 JavaThread "stdout" daemon [_thread_in_native, id=2148, stack(0x000000006b180000,0x000000006b280000)]
  0x000000000e6f3000 JavaThread "stderr" daemon [_thread_in_native, id=12812, stack(0x000000006b080000,0x000000006b180000)]
  0x000000000ddde800 JavaThread "stdout" daemon [_thread_blocked, id=9752, stack(0x000000006af80000,0x000000006b080000)]
  0x000000000dde5800 JavaThread "stderr" daemon [_thread_in_native, id=16356, stack(0x000000006ae80000,0x000000006af80000)]
  0x000000000dde2800 JavaThread "stdout" daemon [_thread_in_native, id=18508, stack(0x000000006ad80000,0x000000006ae80000)]
  0x000000000dde4000 JavaThread "stderr" daemon [_thread_in_native, id=20640, stack(0x000000006ac80000,0x000000006ad80000)]
  0x000000000dde2000 JavaThread "stdout" daemon [_thread_in_native, id=21180, stack(0x000000006ab80000,0x000000006ac80000)]
  0x000000000dde1000 JavaThread "stderr" daemon [_thread_in_native, id=20432, stack(0x000000006aa80000,0x000000006ab80000)]
  0x000000000dddf800 JavaThread "stdout" daemon [_thread_in_native, id=6236, stack(0x000000006a980000,0x000000006aa80000)]
  0x000000000dde5000 JavaThread "stderr" daemon [_thread_in_native, id=19392, stack(0x000000006a880000,0x000000006a980000)]
  0x000000000dde0800 JavaThread "png-cruncher_20" daemon [_thread_blocked, id=21336, stack(0x000000006a780000,0x000000006a880000)]
  0x000000000dde3800 JavaThread "png-cruncher_19" daemon [_thread_blocked, id=21096, stack(0x000000006a680000,0x000000006a780000)]
  0x000000000b560800 JavaThread "png-cruncher_18" daemon [_thread_blocked, id=12336, stack(0x000000006a580000,0x000000006a680000)]
  0x000000000b55a800 JavaThread "png-cruncher_17" daemon [_thread_blocked, id=16824, stack(0x000000006a480000,0x000000006a580000)]
  0x000000000b55b800 JavaThread "png-cruncher_16" daemon [_thread_blocked, id=20176, stack(0x000000006a380000,0x000000006a480000)]
  0x000000000b55c000 JavaThread "png-cruncher_15" daemon [_thread_blocked, id=5616, stack(0x000000006a280000,0x000000006a380000)]
  0x000000000b560000 JavaThread "png-cruncher_14" daemon [_thread_blocked, id=11052, stack(0x000000006a180000,0x000000006a280000)]
  0x000000000b55f000 JavaThread "png-cruncher_13" daemon [_thread_blocked, id=2976, stack(0x000000006a080000,0x000000006a180000)]
  0x000000000b55e800 JavaThread "png-cruncher_12" daemon [_thread_blocked, id=20044, stack(0x0000000069f80000,0x000000006a080000)]
  0x000000000b55d000 JavaThread "png-cruncher_11" daemon [_thread_blocked, id=7360, stack(0x0000000069e80000,0x0000000069f80000)]
  0x000000000b55d800 JavaThread "png-cruncher_10" daemon [_thread_blocked, id=17544, stack(0x0000000069d80000,0x0000000069e80000)]
  0x000000000b554800 JavaThread "png-cruncher_9" daemon [_thread_blocked, id=19828, stack(0x0000000069c80000,0x0000000069d80000)]
  0x000000000b553000 JavaThread "png-cruncher_8" daemon [_thread_blocked, id=6280, stack(0x0000000069b80000,0x0000000069c80000)]
  0x000000000b55a000 JavaThread "png-cruncher_7" daemon [_thread_blocked, id=3692, stack(0x0000000069a80000,0x0000000069b80000)]
  0x000000000b559000 JavaThread "png-cruncher_6" daemon [_thread_blocked, id=20908, stack(0x0000000069980000,0x0000000069a80000)]
  0x000000000b551800 JavaThread "png-cruncher_5" daemon [_thread_blocked, id=20548, stack(0x0000000069880000,0x0000000069980000)]
  0x000000000b556000 JavaThread "png-cruncher_4" daemon [_thread_blocked, id=21144, stack(0x0000000069780000,0x0000000069880000)]
  0x000000000b555800 JavaThread "png-cruncher_3" daemon [_thread_blocked, id=9036, stack(0x0000000069680000,0x0000000069780000)]
  0x000000000b554000 JavaThread "png-cruncher_2" daemon [_thread_blocked, id=15956, stack(0x0000000069580000,0x0000000069680000)]
  0x000000000b558800 JavaThread "png-cruncher_1" daemon [_thread_blocked, id=21220, stack(0x0000000069480000,0x0000000069580000)]
  0x000000000b552800 JavaThread "pool-18-thread-4" [_thread_blocked, id=12600, stack(0x0000000069380000,0x0000000069480000)]
  0x000000000b557800 JavaThread "pool-18-thread-3" [_thread_blocked, id=19992, stack(0x0000000069280000,0x0000000069380000)]
  0x000000000b557000 JavaThread "pool-18-thread-2" [_thread_blocked, id=20704, stack(0x0000000069180000,0x0000000069280000)]
  0x000000000be7a000 JavaThread "pool-18-thread-1" [_thread_blocked, id=21064, stack(0x0000000069080000,0x0000000069180000)]
  0x000000000be79800 JavaThread "Stdin handler" [_thread_blocked, id=19044, stack(0x0000000068f80000,0x0000000069080000)]
  0x000000000be7e800 JavaThread "Daemon worker Thread 52" [_thread_blocked, id=20628, stack(0x0000000068e80000,0x0000000068f80000)]
  0x000000000be78800 JavaThread "Cancel handler" [_thread_blocked, id=21052, stack(0x0000000068d80000,0x0000000068e80000)]
  0x000000000be7d000 JavaThread "Handler for socket connection from /127.0.0.1:62351 to /127.0.0.1:59200" [_thread_in_native, id=1072, stack(0x0000000068c80000,0x0000000068d80000)]
  0x000000000be7b800 JavaThread "Daemon Thread 51" [_thread_blocked, id=20920, stack(0x0000000068b80000,0x0000000068c80000)]
  0x000000000b4f3800 JavaThread "File lock request listener" [_thread_in_native, id=10512, stack(0x000000000cfc0000,0x000000000d0c0000)]
  0x000000000b407800 JavaThread "Incoming local TCP Connector on port 62351" [_thread_in_native, id=13328, stack(0x000000000c8f0000,0x000000000c9f0000)]
  0x0000000009272000 JavaThread "Service Thread" daemon [_thread_blocked, id=6788, stack(0x000000000aa10000,0x000000000ab10000)]
  0x000000000926d800 JavaThread "C2 CompilerThread1" daemon [_thread_blocked, id=1564, stack(0x000000000a910000,0x000000000aa10000)]
  0x000000000923c000 JavaThread "C2 CompilerThread0" daemon [_thread_blocked, id=7268, stack(0x000000000a810000,0x000000000a910000)]
  0x0000000009260800 JavaThread "Attach Listener" daemon [_thread_blocked, id=6692, stack(0x000000000a710000,0x000000000a810000)]
  0x000000000923b000 JavaThread "Signal Dispatcher" daemon [_thread_blocked, id=13128, stack(0x000000000a610000,0x000000000a710000)]
  0x00000000091d1000 JavaThread "Finalizer" daemon [_thread_blocked, id=11228, stack(0x000000000a510000,0x000000000a610000)]
  0x00000000091cd800 JavaThread "Reference Handler" daemon [_thread_blocked, id=7964, stack(0x000000000a410000,0x000000000a510000)]
  0x000000000244d800 JavaThread "main" [_thread_blocked, id=1408, stack(0x0000000002450000,0x0000000002550000)]

Other Threads:
  0x00000000091c8000 VMThread [stack: 0x000000000a310000,0x000000000a410000] [id=968]
  0x0000000009285800 WatcherThread [stack: 0x000000000ab10000,0x000000000ac10000] [id=17268]

VM state:not at safepoint (normal execution)

VM Mutex/Monitor currently owned by a thread: None

Heap
 PSYoungGen      total 192064K, used 115923K [0x00000000eaab0000, 0x00000000f85a0000, 0x0000000100000000)
  eden space 163648K, 70% used [0x00000000eaab0000,0x00000000f1be4d88,0x00000000f4a80000)
  from space 28416K, 0% used [0x00000000f69e0000,0x00000000f69e0000,0x00000000f85a0000)
  to   space 30272K, 0% used [0x00000000f4a80000,0x00000000f4a80000,0x00000000f6810000)
 ParOldGen       total 103040K, used 59534K [0x00000000c0000000, 0x00000000c64a0000, 0x00000000eaab0000)
  object space 103040K, 57% used [0x00000000c0000000,0x00000000c3a23880,0x00000000c64a0000)
 PSPermGen       total 74880K, used 73766K [0x00000000b0000000, 0x00000000b4920000, 0x00000000c0000000)
  object space 74880K, 98% used [0x00000000b0000000,0x00000000b4809b90,0x00000000b4920000)

Card table byte_map: [0x0000000005710000,0x00000000059a0000] byte_map_base: 0x0000000005190000

Polling page: 0x0000000000530000

Code Cache  [0x0000000002650000, 0x00000000037b0000, 0x0000000005650000)
 total_blobs=4811 nmethods=4126 adapters=633 free_code_cache=31526Kb largest_free_block=32116096

Compilation events (10 events):
Event: 33528.953 Thread 0x000000000926d800 nmethod 4572 0x00000000037a2c10 code [0x00000000037a2d40, 0x00000000037a2d98]
Event: 33528.955 Thread 0x000000000926d800 4573             com.android.ide.common.res2.ResourceItem::getIgnoredFromDiskMerge (5 bytes)
Event: 33528.956 Thread 0x000000000926d800 nmethod 4573 0x0000000003795e90 code [0x0000000003795fc0, 0x0000000003796018]
Event: 33528.970 Thread 0x000000000923c000 nmethod 4569 0x00000000037a9250 code [0x00000000037a9480, 0x00000000037a9d50]
Event: 33528.987 Thread 0x000000000926d800 4574             com.android.ide.common.res2.NodeUtils::updateNamespace (161 bytes)
Event: 33529.092 Thread 0x000000000926d800 nmethod 4574 0x00000000037ab010 code [0x00000000037ab300, 0x00000000037ad160]
Event: 33529.175 Thread 0x000000000926d800 4576             com.android.ide.common.res2.ResourceItem::compareTo (30 bytes)
Event: 33529.175 Thread 0x000000000923c000 4575             com.android.ide.common.res2.ResourceItem::compareTo (9 bytes)
Event: 33529.178 Thread 0x000000000926d800 nmethod 4576 0x00000000037a4390 code [0x00000000037a44e0, 0x00000000037a4678]
Event: 33529.178 Thread 0x000000000923c000 nmethod 4575 0x00000000037a3ed0 code [0x00000000037a4020, 0x00000000037a41d8]

GC Heap History (10 events):
Event: 33232.952 GC heap before
{Heap before GC invocations=142 (full 48):
 PSYoungGen      total 173056K, used 171136K [0x00000000eaab0000, 0x00000000f8fd0000, 0x0000000100000000)
  eden space 171136K, 100% used [0x00000000eaab0000,0x00000000f51d0000,0x00000000f51d0000)
  from space 1920K, 0% used [0x00000000f51d0000,0x00000000f51d0000,0x00000000f53b0000)
  to   space 31744K, 0% used [0x00000000f70d0000,0x00000000f70d0000,0x00000000f8fd0000)
 ParOldGen       total 103040K, used 48641K [0x00000000c0000000, 0x00000000c64a0000, 0x00000000eaab0000)
  object space 103040K, 47% used [0x00000000c0000000,0x00000000c2f805c8,0x00000000c64a0000)
 PSPermGen       total 73664K, used 73435K [0x00000000b0000000, 0x00000000b47f0000, 0x00000000c0000000)
  object space 73664K, 99% used [0x00000000b0000000,0x00000000b47b6c70,0x00000000b47f0000)
Event: 33233.114 GC heap after
Heap after GC invocations=142 (full 48):
 PSYoungGen      total 192512K, used 20446K [0x00000000eaab0000, 0x00000000f8d00000, 0x0000000100000000)
  eden space 163648K, 0% used [0x00000000eaab0000,0x00000000eaab0000,0x00000000f4a80000)
  from space 28864K, 70% used [0x00000000f70d0000,0x00000000f84c7a10,0x00000000f8d00000)
  to   space 34048K, 0% used [0x00000000f4a80000,0x00000000f4a80000,0x00000000f6bc0000)
 ParOldGen       total 103040K, used 48641K [0x00000000c0000000, 0x00000000c64a0000, 0x00000000eaab0000)
  object space 103040K, 47% used [0x00000000c0000000,0x00000000c2f805c8,0x00000000c64a0000)
 PSPermGen       total 73664K, used 73435K [0x00000000b0000000, 0x00000000b47f0000, 0x00000000c0000000)
  object space 73664K, 99% used [0x00000000b0000000,0x00000000b47b6c70,0x00000000b47f0000)
}
Event: 33239.284 GC heap before
{Heap before GC invocations=143 (full 48):
 PSYoungGen      total 192512K, used 32382K [0x00000000eaab0000, 0x00000000f8d00000, 0x0000000100000000)
  eden space 163648K, 7% used [0x00000000eaab0000,0x00000000eb658128,0x00000000f4a80000)
  from space 28864K, 70% used [0x00000000f70d0000,0x00000000f84c7a10,0x00000000f8d00000)
  to   space 34048K, 0% used [0x00000000f4a80000,0x00000000f4a80000,0x00000000f6bc0000)
 ParOldGen       total 103040K, used 48641K [0x00000000c0000000, 0x00000000c64a0000, 0x00000000eaab0000)
  object space 103040K, 47% used [0x00000000c0000000,0x00000000c2f805c8,0x00000000c64a0000)
 PSPermGen       total 73664K, used 73462K [0x00000000b0000000, 0x00000000b47f0000, 0x00000000c0000000)
  object space 73664K, 99% used [0x00000000b0000000,0x00000000b47bdb38,0x00000000b47f0000)
Event: 33239.299 GC heap after
Heap after GC invocations=143 (full 48):
 PSYoungGen      total 169024K, used 5376K [0x00000000eaab0000, 0x00000000f8940000, 0x0000000100000000)
  eden space 163648K, 0% used [0x00000000eaab0000,0x00000000eaab0000,0x00000000f4a80000)
  from space 5376K, 100% used [0x00000000f4a80000,0x00000000f4fc0000,0x00000000f4fc0000)
  to   space 32128K, 0% used [0x00000000f69e0000,0x00000000f69e0000,0x00000000f8940000)
 ParOldGen       total 103040K, used 48641K [0x00000000c0000000, 0x00000000c64a0000, 0x00000000eaab0000)
  object space 103040K, 47% used [0x00000000c0000000,0x00000000c2f805c8,0x00000000c64a0000)
 PSPermGen       total 73664K, used 73462K [0x00000000b0000000, 0x00000000b47f0000, 0x00000000c0000000)
  object space 73664K, 99% used [0x00000000b0000000,0x00000000b47bdb38,0x00000000b47f0000)
}
Event: 33239.299 GC heap before
{Heap before GC invocations=144 (full 49):
 PSYoungGen      total 169024K, used 5376K [0x00000000eaab0000, 0x00000000f8940000, 0x0000000100000000)
  eden space 163648K, 0% used [0x00000000eaab0000,0x00000000eaab0000,0x00000000f4a80000)
  from space 5376K, 100% used [0x00000000f4a80000,0x00000000f4fc0000,0x00000000f4fc0000)
  to   space 32128K, 0% used [0x00000000f69e0000,0x00000000f69e0000,0x00000000f8940000)
 ParOldGen       total 103040K, used 48641K [0x00000000c0000000, 0x00000000c64a0000, 0x00000000eaab0000)
  object space 103040K, 47% used [0x00000000c0000000,0x00000000c2f805c8,0x00000000c64a0000)
 PSPermGen       total 73664K, used 73462K [0x00000000b0000000, 0x00000000b47f0000, 0x00000000c0000000)
  object space 73664K, 99% used [0x00000000b0000000,0x00000000b47bdb38,0x00000000b47f0000)
Event: 33239.949 GC heap after
Heap after GC invocations=144 (full 49):
 PSYoungGen      total 169024K, used 0K [0x00000000eaab0000, 0x00000000f8940000, 0x0000000100000000)
  eden space 163648K, 0% used [0x00000000eaab0000,0x00000000eaab0000,0x00000000f4a80000)
  from space 5376K, 0% used [0x00000000f4a80000,0x00000000f4a80000,0x00000000f4fc0000)
  to   space 32128K, 0% used [0x00000000f69e0000,0x00000000f69e0000,0x00000000f8940000)
 ParOldGen       total 103040K, used 50209K [0x00000000c0000000, 0x00000000c64a0000, 0x00000000eaab0000)
  object space 103040K, 48% used [0x00000000c0000000,0x00000000c3108680,0x00000000c64a0000)
 PSPermGen       total 74688K, used 72785K [0x00000000b0000000, 0x00000000b48f0000, 0x00000000c0000000)
  object space 74688K, 97% used [0x00000000b0000000,0x00000000b47145d0,0x00000000b48f0000)
}
Event: 33454.679 GC heap before
{Heap before GC invocations=145 (full 49):
 PSYoungGen      total 169024K, used 135520K [0x00000000eaab0000, 0x00000000f8940000, 0x0000000100000000)
  eden space 163648K, 82% used [0x00000000eaab0000,0x00000000f2f08158,0x00000000f4a80000)
  from space 5376K, 0% used [0x00000000f4a80000,0x00000000f4a80000,0x00000000f4fc0000)
  to   space 32128K, 0% used [0x00000000f69e0000,0x00000000f69e0000,0x00000000f8940000)
 ParOldGen       total 103040K, used 50209K [0x00000000c0000000, 0x00000000c64a0000, 0x00000000eaab0000)
  object space 103040K, 48% used [0x00000000c0000000,0x00000000c3108680,0x00000000c64a0000)
 PSPermGen       total 74688K, used 73349K [0x00000000b0000000, 0x00000000b48f0000, 0x00000000c0000000)
  object space 74688K, 98% used [0x00000000b0000000,0x00000000b47a1510,0x00000000b48f0000)
Event: 33454.723 GC heap after
Heap after GC invocations=145 (full 49):
 PSYoungGen      total 192064K, used 9904K [0x00000000eaab0000, 0x00000000f85a0000, 0x0000000100000000)
  eden space 163648K, 0% used [0x00000000eaab0000,0x00000000eaab0000,0x00000000f4a80000)
  from space 28416K, 34% used [0x00000000f69e0000,0x00000000f738c030,0x00000000f85a0000)
  to   space 30272K, 0% used [0x00000000f4a80000,0x00000000f4a80000,0x00000000f6810000)
 ParOldGen       total 103040K, used 50209K [0x00000000c0000000, 0x00000000c64a0000, 0x00000000eaab0000)
  object space 103040K, 48% used [0x00000000c0000000,0x00000000c3108680,0x00000000c64a0000)
 PSPermGen       total 74688K, used 73349K [0x00000000b0000000, 0x00000000b48f0000, 0x00000000c0000000)
  object space 74688K, 98% used [0x00000000b0000000,0x00000000b47a1510,0x00000000b48f0000)
}
Event: 33454.723 GC heap before
{Heap before GC invocations=146 (full 50):
 PSYoungGen      total 192064K, used 9904K [0x00000000eaab0000, 0x00000000f85a0000, 0x0000000100000000)
  eden space 163648K, 0% used [0x00000000eaab0000,0x00000000eaab0000,0x00000000f4a80000)
  from space 28416K, 34% used [0x00000000f69e0000,0x00000000f738c030,0x00000000f85a0000)
  to   space 30272K, 0% used [0x00000000f4a80000,0x00000000f4a80000,0x00000000f6810000)
 ParOldGen       total 103040K, used 50209K [0x00000000c0000000, 0x00000000c64a0000, 0x00000000eaab0000)
  object space 103040K, 48% used [0x00000000c0000000,0x00000000c3108680,0x00000000c64a0000)
 PSPermGen       total 74688K, used 73349K [0x00000000b0000000, 0x00000000b48f0000, 0x00000000c0000000)
  object space 74688K, 98% used [0x00000000b0000000,0x00000000b47a1510,0x00000000b48f0000)
Event: 33455.276 GC heap after
Heap after GC invocations=146 (full 50):
 PSYoungGen      total 192064K, used 0K [0x00000000eaab0000, 0x00000000f85a0000, 0x0000000100000000)
  eden space 163648K, 0% used [0x00000000eaab0000,0x00000000eaab0000,0x00000000f4a80000)
  from space 28416K, 0% used [0x00000000f69e0000,0x00000000f69e0000,0x00000000f85a0000)
  to   space 30272K, 0% used [0x00000000f4a80000,0x00000000f4a80000,0x00000000f6810000)
 ParOldGen       total 103040K, used 59534K [0x00000000c0000000, 0x00000000c64a0000, 0x00000000eaab0000)
  object space 103040K, 57% used [0x00000000c0000000,0x00000000c3a23880,0x00000000c64a0000)
 PSPermGen       total 74880K, used 73349K [0x00000000b0000000, 0x00000000b4920000, 0x00000000c0000000)
  object space 74880K, 97% used [0x00000000b0000000,0x00000000b47a1490,0x00000000b4920000)
}

Deoptimization events (10 events):
Event: 33528.986 Thread 0x000000000be7e800 Uncommon trap -58 fr.pc 0x00000000034c38f4
Event: 33528.987 Thread 0x000000000be7e800 Uncommon trap -58 fr.pc 0x00000000037903a4
Event: 33528.987 Thread 0x000000000be7e800 Uncommon trap -58 fr.pc 0x00000000037903a4
Event: 33528.987 Thread 0x000000000be7e800 Uncommon trap -58 fr.pc 0x00000000037903a4
Event: 33528.987 Thread 0x000000000be7e800 Uncommon trap -58 fr.pc 0x00000000037903a4
Event: 33529.023 Thread 0x000000000be7e800 Uncommon trap -58 fr.pc 0x000000000379cc94
Event: 33529.023 Thread 0x000000000be7e800 Uncommon trap -58 fr.pc 0x000000000379cc94
Event: 33529.026 Thread 0x000000000be7e800 Uncommon trap -58 fr.pc 0x000000000342b798
Event: 33529.027 Thread 0x000000000be7e800 Uncommon trap -58 fr.pc 0x0000000003411b10
Event: 33529.033 Thread 0x000000000be7e800 Uncommon trap -58 fr.pc 0x000000000342b798

Internal exceptions (10 events):
Event: 33528.481 Thread 0x000000000be7e800 Threw 0x00000000ef168a78 at C:\jdk7u2_64p\jdk7u13\hotspot\src\share\vm\classfile\systemDictionary.cpp:179
Event: 33528.481 Thread 0x000000000be7e800 Threw 0x00000000ef16d4c8 at C:\jdk7u2_64p\jdk7u13\hotspot\src\share\vm\prims\jvm.cpp:1166
Event: 33528.481 Thread 0x000000000be7e800 Threw 0x00000000ef171c58 at C:\jdk7u2_64p\jdk7u13\hotspot\src\share\vm\prims\jvm.cpp:1166
Event: 33528.481 Thread 0x000000000be7e800 Threw 0x00000000ef172108 at C:\jdk7u2_64p\jdk7u13\hotspot\src\share\vm\classfile\systemDictionary.cpp:179
Event: 33528.481 Thread 0x000000000be7e800 Threw 0x00000000ef176c18 at C:\jdk7u2_64p\jdk7u13\hotspot\src\share\vm\prims\jvm.cpp:1166
Event: 33528.482 Thread 0x000000000be7e800 Threw 0x00000000ef17b490 at C:\jdk7u2_64p\jdk7u13\hotspot\src\share\vm\prims\jvm.cpp:1166
Event: 33528.482 Thread 0x000000000be7e800 Threw 0x00000000ef17b948 at C:\jdk7u2_64p\jdk7u13\hotspot\src\share\vm\classfile\systemDictionary.cpp:179
Event: 33528.482 Thread 0x000000000be7e800 Threw 0x00000000ef1845b0 at C:\jdk7u2_64p\jdk7u13\hotspot\src\share\vm\prims\jvm.cpp:1166
Event: 33528.482 Thread 0x000000000be7e800 Threw 0x00000000ef189448 at C:\jdk7u2_64p\jdk7u13\hotspot\src\share\vm\prims\jvm.cpp:1166
Event: 33528.482 Thread 0x000000000be7e800 Threw 0x00000000ef189908 at C:\jdk7u2_64p\jdk7u13\hotspot\src\share\vm\classfile\systemDictionary.cpp:179

Events (10 events):
Event: 33530.041 Executing VM operation: RevokeBias
Event: 33530.041 Executing VM operation: RevokeBias done
Event: 33530.050 Executing VM operation: RevokeBias
Event: 33530.050 Executing VM operation: RevokeBias done
Event: 33530.050 Executing VM operation: RevokeBias
Event: 33530.050 Executing VM operation: RevokeBias done
Event: 33530.056 Executing VM operation: RevokeBias
Event: 33530.056 Executing VM operation: RevokeBias done
Event: 33530.067 Executing VM operation: RevokeBias
Event: 33530.067 Executing VM operation: RevokeBias done


Dynamic libraries:
0x00007ff7e8830000 - 0x00007ff7e8863000 	E:\Program Files\Java\jdk1.7.0_13\bin\java.exe
0x00007fff64d80000 - 0x00007fff64f41000 	C:\WINDOWS\SYSTEM32\ntdll.dll
0x00007fff62a00000 - 0x00007fff62aad000 	C:\WINDOWS\system32\KERNEL32.DLL
0x00007fff61e60000 - 0x00007fff62048000 	C:\WINDOWS\system32\KERNELBASE.dll
0x00007fff64cd0000 - 0x00007fff64d77000 	C:\WINDOWS\system32\ADVAPI32.dll
0x00007fff630d0000 - 0x00007fff6316d000 	C:\WINDOWS\system32\msvcrt.dll
0x00007fff622a0000 - 0x00007fff622fb000 	C:\WINDOWS\system32\sechost.dll
0x00007fff62180000 - 0x00007fff6229c000 	C:\WINDOWS\system32\RPCRT4.dll
0x00007fff62890000 - 0x00007fff629e6000 	C:\WINDOWS\system32\USER32.dll
0x00007fff62ab0000 - 0x00007fff62c36000 	C:\WINDOWS\system32\GDI32.dll
0x00007fff5c0a0000 - 0x00007fff5c314000 	C:\WINDOWS\WinSxS\amd64_microsoft.windows.common-controls_6595b64144ccf1df_6.0.10586.0_none_8c15ae12515e1c22\COMCTL32.dll
0x00007fff63370000 - 0x00007fff635ed000 	C:\WINDOWS\system32\combase.dll
0x00007fff62110000 - 0x00007fff6217a000 	C:\WINDOWS\system32\bcryptPrimitives.dll
0x00007fff63330000 - 0x00007fff6336b000 	C:\WINDOWS\system32\IMM32.DLL
0x00007fff61290000 - 0x00007fff612c1000 	C:\Windows\system32\nvinitx.dll
0x00007fff61280000 - 0x00007fff6128a000 	C:\WINDOWS\SYSTEM32\VERSION.dll
0x0000000058db0000 - 0x0000000058e81000 	E:\Program Files\Java\jdk1.7.0_13\jre\bin\msvcr100.dll
0x00000000591e0000 - 0x00000000598ff000 	E:\Program Files\Java\jdk1.7.0_13\jre\bin\server\jvm.dll
0x00007fff63700000 - 0x00007fff63708000 	C:\WINDOWS\system32\PSAPI.DLL
0x00007fff557c0000 - 0x00007fff557c9000 	C:\WINDOWS\SYSTEM32\WSOCK32.dll
0x00007fff632c0000 - 0x00007fff6332b000 	C:\WINDOWS\system32\WS2_32.dll
0x00007fff5f8d0000 - 0x00007fff5f8f3000 	C:\WINDOWS\SYSTEM32\WINMM.dll
0x00007fff5f6b0000 - 0x00007fff5f6dc000 	C:\WINDOWS\SYSTEM32\WINMMBASE.dll
0x00007fff61430000 - 0x00007fff61473000 	C:\WINDOWS\system32\cfgmgr32.dll
0x000000005a260000 - 0x000000005a26f000 	E:\Program Files\Java\jdk1.7.0_13\jre\bin\verify.dll
0x000000005a230000 - 0x000000005a258000 	E:\Program Files\Java\jdk1.7.0_13\jre\bin\java.dll
0x00000000591c0000 - 0x00000000591d5000 	E:\Program Files\Java\jdk1.7.0_13\jre\bin\zip.dll
0x00000000591a0000 - 0x00000000591b9000 	E:\Program Files\Java\jdk1.7.0_13\jre\bin\net.dll
0x00007fff60c20000 - 0x00007fff60c7c000 	C:\WINDOWS\system32\mswsock.dll
0x0000000059180000 - 0x0000000059191000 	E:\Program Files\Java\jdk1.7.0_13\jre\bin\nio.dll
0x00007fff5a3d0000 - 0x00007fff5a3e2000 	E:\work\.gradle\native\19\windows-amd64\native-platform.dll
0x00007fff63710000 - 0x00007fff63762000 	C:\WINDOWS\system32\SHLWAPI.dll
0x00007fff601d0000 - 0x00007fff60208000 	C:\WINDOWS\SYSTEM32\IPHLPAPI.DLL
0x00007fff62300000 - 0x00007fff62308000 	C:\WINDOWS\system32\NSI.dll
0x00007fff5a0c0000 - 0x00007fff5a0d6000 	C:\WINDOWS\SYSTEM32\dhcpcsvc6.DLL
0x00007fff5a0a0000 - 0x00007fff5a0ba000 	C:\WINDOWS\SYSTEM32\dhcpcsvc.DLL
0x00007fff60cd0000 - 0x00007fff60ce7000 	C:\WINDOWS\SYSTEM32\CRYPTSP.dll
0x00007fff60960000 - 0x00007fff60994000 	C:\WINDOWS\system32\rsaenh.dll
0x00007fff612d0000 - 0x00007fff612f9000 	C:\WINDOWS\SYSTEM32\bcrypt.dll
0x00007fff60ab0000 - 0x00007fff60acf000 	C:\WINDOWS\SYSTEM32\USERENV.dll
0x00007fff613a0000 - 0x00007fff613b4000 	C:\WINDOWS\system32\profapi.dll
0x00007fff60df0000 - 0x00007fff60dfb000 	C:\WINDOWS\SYSTEM32\CRYPTBASE.dll
0x00007fff51170000 - 0x00007fff51186000 	C:\WINDOWS\system32\napinsp.dll
0x00007fff51190000 - 0x00007fff511aa000 	C:\WINDOWS\system32\pnrpnsp.dll
0x00007fff5af70000 - 0x00007fff5af88000 	C:\WINDOWS\system32\NLAapi.dll
0x00007fff5fc60000 - 0x00007fff5fd0a000 	C:\WINDOWS\SYSTEM32\DNSAPI.dll
0x00007fff5a490000 - 0x00007fff5a49d000 	C:\WINDOWS\System32\winrnr.dll
0x000000005aa50000 - 0x000000005aa76000 	C:\Program Files\Bonjour\mdnsNSP.dll
0x0000000010000000 - 0x0000000010030000 	C:\Windows\system32\xunyount64.dll
0x00007fff601c0000 - 0x00007fff601ca000 	C:\WINDOWS\system32\wshqos.dll
0x00007fff601b0000 - 0x00007fff601b8000 	C:\WINDOWS\SYSTEM32\wshtcpip.DLL
0x00007fff601a0000 - 0x00007fff601a8000 	C:\WINDOWS\SYSTEM32\wship6.dll
0x00007fff54a90000 - 0x00007fff54a9a000 	C:\Windows\System32\rasadhlp.dll
0x00007fff5a410000 - 0x00007fff5a477000 	C:\WINDOWS\System32\fwpuclnt.dll
0x000000005a220000 - 0x000000005a22b000 	E:\Program Files\Java\jdk1.7.0_13\jre\bin\management.dll
0x0000000058ed0000 - 0x0000000058ef4000 	E:\Program Files\Java\jdk1.7.0_13\jre\bin\sunec.dll
0x0000000058ec0000 - 0x0000000058ecb000 	E:\Program Files\Java\jdk1.7.0_13\jre\bin\sunmscapi.dll
0x00007fff61af0000 - 0x00007fff61cb7000 	C:\WINDOWS\system32\CRYPT32.dll
0x00007fff61410000 - 0x00007fff61420000 	C:\WINDOWS\system32\MSASN1.dll
0x00007fff5ad00000 - 0x00007fff5ae8c000 	C:\WINDOWS\SYSTEM32\dbghelp.dll

VM Arguments:
jvm_args: -XX:MaxPermSize=256m -XX:+HeapDumpOnOutOfMemoryError -Xmx1024m -Dfile.encoding=GBK -Duser.country=CN -Duser.language=zh -Duser.variant 
java_command: org.gradle.launcher.daemon.bootstrap.GradleDaemon 2.8
Launcher Type: SUN_STANDARD

Environment Variables:
JAVA_HOME=E:\Program Files\Java\jdk1.7.0_13
CLASSPATH=.;E:\Program Files\Java\jdk1.7.0_13\lib\dt.jar;E:\Program Files\Java\jdk1.7.0_13\lib\tools.jar;
PATH=C:\ProgramData\Oracle\Java\javapath;C:\WINDOWS\system32;C:\WINDOWS;C:\WINDOWS\System32\Wbem;C:\WINDOWS\System32\WindowsPowerShell\v1.0\;E:\Program Files\Java\jdk1.7.0_13\bin;E:\Program Files\Java\jdk1.7.0_13\jre\bin;C:\Program Files (x86)\NVIDIA Corporation\PhysX\Common;E:\Program Files\TortoiseGit\bin;C:\Program Files\TortoiseSVN\bin;C:\WINDOWS\system32;C:\WINDOWS;C:\WINDOWS\System32\Wbem;C:\WINDOWS\System32\WindowsPowerShell\v1.0\
USERNAME=bzmoop
OS=Windows_NT
PROCESSOR_IDENTIFIER=Intel64 Family 6 Model 58 Stepping 9, GenuineIntel



---------------  S Y S T E M  ---------------

OS: Windows 8 , 64 bit Build 9200 

CPU:total 4 (2 cores per cpu, 2 threads per core) family 6 model 58 stepping 9, cmov, cx8, fxsr, mmx, sse, sse2, sse3, ssse3, sse4.1, sse4.2, popcnt, avx, ht, tsc, tscinvbit, tscinv

Memory: 4k page, physical 6125928k(571744k free), swap 10278248k(656k free)

vm_info: Java HotSpot(TM) 64-Bit Server VM (23.7-b01) for windows-amd64 JRE (1.7.0_13-b20), built on Jan 30 2013 10:10:00 by "java_re" with unknown MS VC++:1600

time: Wed Mar 16 18:33:36 2016
elapsed time: 33530 seconds

