#
# There is insufficient memory for the Java Runtime Environment to continue.
# Native memory allocation (malloc) failed to allocate 1294416 bytes for Chunk::new
# Possible reasons:
#   The system is out of physical RAM or swap space
#   In 32 bit mode, the process size limit was hit
# Possible solutions:
#   Reduce memory load on the system
#   Increase physical memory or swap space
#   Check if swap backing store is full
#   Use 64 bit Java on a 64 bit OS
#   Decrease Java heap size (-Xmx/-Xms)
#   Decrease number of Java threads
#   Decrease Java thread stack sizes (-Xss)
#   Set larger code cache with -XX:ReservedCodeCacheSize=
# This output file may be truncated or incomplete.
#
#  Out of Memory Error (allocation.cpp:390), pid=17876, tid=4780
#
# JRE version: Java(TM) SE Runtime Environment (8.0_31-b13) (build 1.8.0_31-b13)
# Java VM: Java HotSpot(TM) 64-Bit Server VM (25.31-b07 mixed mode windows-amd64 compressed oops)
# Failed to write core dump. Minidumps are not enabled by default on client versions of Windows
#

---------------  T H R E A D  ---------------

Current thread (0x000000001595c000):  JavaThread "C2 CompilerThread0" daemon [_thread_in_native, id=4780, stack(0x0000000016e80000,0x0000000016f80000)]

Stack: [0x0000000016e80000,0x0000000016f80000]
Native frames: (J=compiled Java code, j=interpreted, Vv=VM code, C=native code)
V  [jvm.dll+0x3169ba]
V  [jvm.dll+0x2674c3]
V  [jvm.dll+0x268103]
V  [jvm.dll+0x25f8f5]
V  [jvm.dll+0xbf025]
V  [jvm.dll+0xbf4cc]
V  [jvm.dll+0x4798bc]
V  [jvm.dll+0x446c9b]
V  [jvm.dll+0x451bce]
V  [jvm.dll+0x4541b8]
V  [jvm.dll+0x437c62]
V  [jvm.dll+0x988e2]
V  [jvm.dll+0x990d3]
V  [jvm.dll+0x22c194]
V  [jvm.dll+0x28576a]
C  [msvcr100.dll+0x21d9f]
C  [msvcr100.dll+0x21e3b]
C  [KERNEL32.DLL+0x8364]
C  [ntdll.dll+0x65e91]


Current CompileTask:
C2:  13995 2077   !   4       com.android.dx.cf.code.RopperMachine::run (1550 bytes)


---------------  P R O C E S S  ---------------

Java Threads: ( => current thread )
  0x00000000170e3000 JavaThread "pool-1-thread-4" [_thread_in_vm, id=15768, stack(0x0000000017b80000,0x0000000017c80000)]
  0x00000000170e2000 JavaThread "pool-1-thread-3" [_thread_blocked, id=14896, stack(0x0000000017a80000,0x0000000017b80000)]
  0x00000000170e0800 JavaThread "pool-1-thread-2" [_thread_in_Java, id=17056, stack(0x0000000017980000,0x0000000017a80000)]
  0x00000000170dd800 JavaThread "pool-2-thread-1" [_thread_blocked, id=18316, stack(0x0000000017880000,0x0000000017980000)]
  0x00000000170dc800 JavaThread "pool-1-thread-1" [_thread_in_Java, id=2540, stack(0x0000000017780000,0x0000000017880000)]
  0x0000000016fdf000 JavaThread "Service Thread" daemon [_thread_blocked, id=6140, stack(0x0000000017580000,0x0000000017680000)]
  0x0000000016fd5800 JavaThread "C1 CompilerThread2" daemon [_thread_blocked, id=7056, stack(0x0000000017480000,0x0000000017580000)]
  0x000000001595e800 JavaThread "C2 CompilerThread1" daemon [_thread_in_native, id=14576, stack(0x0000000017380000,0x0000000017480000)]
=>0x000000001595c000 JavaThread "C2 CompilerThread0" daemon [_thread_in_native, id=4780, stack(0x0000000016e80000,0x0000000016f80000)]
  0x000000001595b800 JavaThread "Attach Listener" daemon [_thread_blocked, id=18064, stack(0x0000000016d80000,0x0000000016e80000)]
  0x000000001590f800 JavaThread "Signal Dispatcher" daemon [_thread_blocked, id=17152, stack(0x0000000016c80000,0x0000000016d80000)]
  0x000000000321f000 JavaThread "Finalizer" daemon [_thread_blocked, id=17540, stack(0x0000000016b80000,0x0000000016c80000)]
  0x000000000321c000 JavaThread "Reference Handler" daemon [_thread_blocked, id=14392, stack(0x0000000016a80000,0x0000000016b80000)]
  0x0000000003133000 JavaThread "main" [_thread_in_native, id=14520, stack(0x0000000002f50000,0x0000000003050000)]

Other Threads:
  0x00000000158c7000 VMThread [stack: 0x0000000016980000,0x0000000016a80000] [id=15384]
  0x0000000016fe1800 WatcherThread [stack: 0x0000000017680000,0x0000000017780000] [id=17516]

VM state:not at safepoint (normal execution)

VM Mutex/Monitor currently owned by a thread: None

Heap:
 PSYoungGen      total 105984K, used 58649K [0x00000000eab00000, 0x00000000f1a00000, 0x0000000100000000)
  eden space 98304K, 51% used [0x00000000eab00000,0x00000000edcc7b60,0x00000000f0b00000)
  from space 7680K, 99% used [0x00000000f0b00000,0x00000000f127e960,0x00000000f1280000)
  to   space 7680K, 0% used [0x00000000f1280000,0x00000000f1280000,0x00000000f1a00000)
 ParOldGen       total 130048K, used 22509K [0x00000000c0000000, 0x00000000c7f00000, 0x00000000eab00000)
  object space 130048K, 17% used [0x00000000c0000000,0x00000000c15fb488,0x00000000c7f00000)
 Metaspace       used 6402K, capacity 7256K, committed 7424K, reserved 1056768K
  class space    used 614K, capacity 656K, committed 768K, reserved 1048576K

Card table byte_map: [0x00000000125f0000,0x0000000012800000] byte_map_base: 0x0000000011ff0000

Marking Bits: (ParMarkBitMap*) 0x000000005494d4f0
 Begin Bits: [0x0000000012d60000, 0x0000000013d60000)
 End Bits:   [0x0000000013d60000, 0x0000000014d60000)

Polling page: 0x0000000001390000

CodeCache: size=245760Kb used=9479Kb max_used=9489Kb free=236280Kb
 bounds [0x0000000003230000, 0x0000000003b80000, 0x0000000012230000]
 total_blobs=2264 nmethods=1997 adapters=180
 compilation: enabled

Compilation events (10 events):
Event: 13.841 Thread 0x0000000016fd5800 2094       2       com.android.dx.ssa.InterferenceRegisterMapper::areAnyPinned (81 bytes)
Event: 13.842 Thread 0x0000000016fd5800 nmethod 2094 0x0000000003b01690 code [0x0000000003b01820, 0x0000000003b01b78]
Event: 13.848 Thread 0x000000001595e800 nmethod 2087 0x0000000003b4d3d0 code [0x0000000003b4d540, 0x0000000003b4dab8]
Event: 13.848 Thread 0x000000001595e800 2066       4       com.android.dx.rop.code.RegisterSpec::<init> (48 bytes)
Event: 13.849 Thread 0x000000001595e800 nmethod 2066 0x00000000039ead10 code [0x00000000039eae40, 0x00000000039eaef8]
Event: 13.849 Thread 0x000000001595e800 2091       4       com.android.dx.cf.code.BasicBlocker::visitConstant (39 bytes)
Event: 13.908 Thread 0x000000001595e800 nmethod 2091 0x0000000003b75c50 code [0x0000000003b75e60, 0x0000000003b77418]
Event: 13.908 Thread 0x000000001595e800 2095       4       com.android.dx.ssa.SsaConverter::edgeSplitPredecessors (44 bytes)
Event: 13.908 Thread 0x0000000016fd5800 2096       1       java.util.concurrent.locks.AbstractQueuedSynchronizer::compareAndSetWaitStatus (13 bytes)
Event: 13.909 Thread 0x0000000016fd5800 nmethod 2096 0x0000000003af8c90 code [0x0000000003af8de0, 0x0000000003af8ef0]

GC Heap History (6 events):
Event: 3.589 GC heap before
{Heap before GC invocations=1 (full 0):
 PSYoungGen      total 56832K, used 49152K [0x00000000eab00000, 0x00000000eea00000, 0x0000000100000000)
  eden space 49152K, 100% used [0x00000000eab00000,0x00000000edb00000,0x00000000edb00000)
  from space 7680K, 0% used [0x00000000ee280000,0x00000000ee280000,0x00000000eea00000)
  to   space 7680K, 0% used [0x00000000edb00000,0x00000000edb00000,0x00000000ee280000)
 ParOldGen       total 130048K, used 0K [0x00000000c0000000, 0x00000000c7f00000, 0x00000000eab00000)
  object space 130048K, 0% used [0x00000000c0000000,0x00000000c0000000,0x00000000c7f00000)
 Metaspace       used 6059K, capacity 7024K, committed 7296K, reserved 1056768K
  class space    used 591K, capacity 616K, committed 640K, reserved 1048576K
Event: 3.678 GC heap after
Heap after GC invocations=1 (full 0):
 PSYoungGen      total 56832K, used 7656K [0x00000000eab00000, 0x00000000f1a00000, 0x0000000100000000)
  eden space 49152K, 0% used [0x00000000eab00000,0x00000000eab00000,0x00000000edb00000)
  from space 7680K, 99% used [0x00000000edb00000,0x00000000ee27a138,0x00000000ee280000)
  to   space 7680K, 0% used [0x00000000f1280000,0x00000000f1280000,0x00000000f1a00000)
 ParOldGen       total 130048K, used 1573K [0x00000000c0000000, 0x00000000c7f00000, 0x00000000eab00000)
  object space 130048K, 1% used [0x00000000c0000000,0x00000000c01894a8,0x00000000c7f00000)
 Metaspace       used 6059K, capacity 7024K, committed 7296K, reserved 1056768K
  class space    used 591K, capacity 616K, committed 640K, reserved 1048576K
}
Event: 5.713 GC heap before
{Heap before GC invocations=2 (full 0):
 PSYoungGen      total 56832K, used 56808K [0x00000000eab00000, 0x00000000f1a00000, 0x0000000100000000)
  eden space 49152K, 100% used [0x00000000eab00000,0x00000000edb00000,0x00000000edb00000)
  from space 7680K, 99% used [0x00000000edb00000,0x00000000ee27a138,0x00000000ee280000)
  to   space 7680K, 0% used [0x00000000f1280000,0x00000000f1280000,0x00000000f1a00000)
 ParOldGen       total 130048K, used 1573K [0x00000000c0000000, 0x00000000c7f00000, 0x00000000eab00000)
  object space 130048K, 1% used [0x00000000c0000000,0x00000000c01894a8,0x00000000c7f00000)
 Metaspace       used 6200K, capacity 7152K, committed 7296K, reserved 1056768K
  class space    used 592K, capacity 616K, committed 640K, reserved 1048576K
Event: 5.878 GC heap after
Heap after GC invocations=2 (full 0):
 PSYoungGen      total 105984K, used 7653K [0x00000000eab00000, 0x00000000f1a00000, 0x0000000100000000)
  eden space 98304K, 0% used [0x00000000eab00000,0x00000000eab00000,0x00000000f0b00000)
  from space 7680K, 99% used [0x00000000f1280000,0x00000000f19f9538,0x00000000f1a00000)
  to   space 7680K, 0% used [0x00000000f0b00000,0x00000000f0b00000,0x00000000f1280000)
 ParOldGen       total 130048K, used 8753K [0x00000000c0000000, 0x00000000c7f00000, 0x00000000eab00000)
  object space 130048K, 6% used [0x00000000c0000000,0x00000000c088c5f0,0x00000000c7f00000)
 Metaspace       used 6200K, capacity 7152K, committed 7296K, reserved 1056768K
  class space    used 592K, capacity 616K, committed 640K, reserved 1048576K
}
Event: 12.267 GC heap before
{Heap before GC invocations=3 (full 0):
 PSYoungGen      total 105984K, used 105957K [0x00000000eab00000, 0x00000000f1a00000, 0x0000000100000000)
  eden space 98304K, 100% used [0x00000000eab00000,0x00000000f0b00000,0x00000000f0b00000)
  from space 7680K, 99% used [0x00000000f1280000,0x00000000f19f9538,0x00000000f1a00000)
  to   space 7680K, 0% used [0x00000000f0b00000,0x00000000f0b00000,0x00000000f1280000)
 ParOldGen       total 130048K, used 8753K [0x00000000c0000000, 0x00000000c7f00000, 0x00000000eab00000)
  object space 130048K, 6% used [0x00000000c0000000,0x00000000c088c5f0,0x00000000c7f00000)
 Metaspace       used 6387K, capacity 7192K, committed 7424K, reserved 1056768K
  class space    used 613K, capacity 656K, committed 768K, reserved 1048576K
Event: 12.963 GC heap after
Heap after GC invocations=3 (full 0):
 PSYoungGen      total 105984K, used 7674K [0x00000000eab00000, 0x00000000f1a00000, 0x0000000100000000)
  eden space 98304K, 0% used [0x00000000eab00000,0x00000000eab00000,0x00000000f0b00000)
  from space 7680K, 99% used [0x00000000f0b00000,0x00000000f127e960,0x00000000f1280000)
  to   space 7680K, 0% used [0x00000000f1280000,0x00000000f1280000,0x00000000f1a00000)
 ParOldGen       total 130048K, used 22509K [0x00000000c0000000, 0x00000000c7f00000, 0x00000000eab00000)
  object space 130048K, 17% used [0x00000000c0000000,0x00000000c15fb488,0x00000000c7f00000)
 Metaspace       used 6387K, capacity 7192K, committed 7424K, reserved 1056768K
  class space    used 613K, capacity 656K, committed 768K, reserved 1048576K
}

Deoptimization events (10 events):
Event: 10.138 Thread 0x00000000170e0800 Uncommon trap: reason=unreached action=reinterpret pc=0x00000000039a05d4 method=java.util.HashMap.getNode(ILjava/lang/Object;)Ljava/util/HashMap$Node; @ 84
Event: 11.198 Thread 0x00000000170e3000 Uncommon trap: reason=unreached action=reinterpret pc=0x0000000003764c8c method=com.android.dx.ssa.MoveParamCombiner$1.visitNonMoveInsn(Lcom/android/dx/ssa/NormalSsaInsn;)V @ 27
Event: 11.674 Thread 0x00000000170e2000 Uncommon trap: reason=bimorphic action=maybe_recompile pc=0x0000000003ac9360 method=com.android.dx.cf.code.BytecodeArray.parseInstruction(ILcom/android/dx/cf/code/BytecodeArray$Visitor;)I @ 1357
Event: 11.677 Thread 0x00000000170e2000 Uncommon trap: reason=bimorphic action=maybe_recompile pc=0x0000000003ac9360 method=com.android.dx.cf.code.BytecodeArray.parseInstruction(ILcom/android/dx/cf/code/BytecodeArray$Visitor;)I @ 1357
Event: 11.759 Thread 0x0000000003133000 Uncommon trap: reason=class_check action=maybe_recompile pc=0x0000000003a32f88 method=com.android.dx.cf.attrib.AttConstantValue.<init>(Lcom/android/dx/rop/cst/TypedConstant;)V @ 21
Event: 12.166 Thread 0x00000000170e0800 Uncommon trap: reason=unreached action=reinterpret pc=0x00000000038a5d64 method=java.util.HashMap.resize()[Ljava/util/HashMap$Node; @ 206
Event: 13.243 Thread 0x00000000170e3000 Uncommon trap: reason=unreached action=reinterpret pc=0x0000000003afd8a4 method=java.util.HashMap.putVal(ILjava/lang/Object;Ljava/lang/Object;ZZ)Ljava/lang/Object; @ 109
Event: 13.243 Thread 0x00000000170e3000 Uncommon trap: reason=unreached action=reinterpret pc=0x000000000399fe6c method=java.util.HashMap.getNode(ILjava/lang/Object;)Ljava/util/HashMap$Node; @ 84
Event: 13.542 Thread 0x0000000003133000 Uncommon trap: reason=class_check action=maybe_recompile pc=0x0000000003a32f88 method=com.android.dx.cf.attrib.AttConstantValue.<init>(Lcom/android/dx/rop/cst/TypedConstant;)V @ 21
Event: 13.542 Thread 0x0000000003133000 Uncommon trap: reason=unreached action=reinterpret pc=0x0000000003a32f6c method=com.android.dx.cf.direct.StdAttributeFactory.parse0(Lcom/android/dx/cf/direct/DirectClassFile;ILjava/lang/String;IILcom/android/dx/cf/iface/ParseObserver;)Lcom/android/dx/cf/ifvӔ|F$@

Internal exceptions (10 events):
Event: 2.044 Thread 0x00000000170e2000 Exception <a 'java/security/PrivilegedActionException'> (0x00000000ebe71660) thrown at [C:\workspace\8-2-build-windows-amd64-cygwin\jdk8u31\2394\hotspot\src\share\vm\prims\jvm.cpp, line 1312]
Event: 2.065 Thread 0x00000000170e2000 Exception <a 'java/security/PrivilegedActionException'> (0x00000000ec516fd0) thrown at [C:\workspace\8-2-build-windows-amd64-cygwin\jdk8u31\2394\hotspot\src\share\vm\prims\jvm.cpp, line 1312]
Event: 4.557 Thread 0x0000000003133000 Exception <a 'java/security/PrivilegedActionException'> (0x00000000ec83c080) thrown at [C:\workspace\8-2-build-windows-amd64-cygwin\jdk8u31\2394\hotspot\src\share\vm\prims\jvm.cpp, line 1312]
Event: 6.027 Thread 0x00000000170e2000 Exception <a 'java/security/PrivilegedActionException'> (0x00000000eacc4aa8) thrown at [C:\workspace\8-2-build-windows-amd64-cygwin\jdk8u31\2394\hotspot\src\share\vm\prims\jvm.cpp, line 1312]
Event: 8.315 Thread 0x0000000003133000 Exception <a 'java/security/PrivilegedActionException'> (0x00000000ec334268) thrown at [C:\workspace\8-2-build-windows-amd64-cygwin\jdk8u31\2394\hotspot\src\share\vm\prims\jvm.cpp, line 1312]
Event: 10.111 Thread 0x00000000170e0800 Exception <a 'java/lang/ArrayIndexOutOfBoundsException': 18> (0x00000000ede6d9d0) thrown at [C:\workspace\8-2-build-windows-amd64-cygwin\jdk8u31\2394\hotspot\src\share\vm\interpreter\interpreterRuntime.cpp, line 366]
Event: 10.112 Thread 0x00000000170e0800 Exception <a 'java/lang/ArrayIndexOutOfBoundsException'> (0x00000000ede6f468) thrown at [C:\workspace\8-2-build-windows-amd64-cygwin\jdk8u31\2394\hotspot\src\share\vm\runtime\sharedRuntime.cpp, line 604]
Event: 10.113 Thread 0x00000000170e0800 Exception <a 'java/lang/ArrayIndexOutOfBoundsException'> (0x00000000ede70680) thrown at [C:\workspace\8-2-build-windows-amd64-cygwin\jdk8u31\2394\hotspot\src\share\vm\runtime\sharedRuntime.cpp, line 604]
Event: 13.542 Thread 0x0000000003133000 Exception <a 'java/security/PrivilegedActionException'> (0x00000000ec92a5e0) thrown at [C:\workspace\8-2-build-windows-amd64-cygwin\jdk8u31\2394\hotspot\src\share\vm\prims\jvm.cpp, line 1312]
Event: 13.543 Thread 0x0000000003133000 Exception <a 'java/security/PrivilegedActionException'> (0x00000000ec92cb80) thrown at [C:\workspace\8-2-build-windows-amd64-cygwin\jdk8u31\2394\hotspot\src\share\vm\prims\jvm.cpp, line 1312]

Events (10 events):
Event: 13.542 Thread 0x0000000003133000 DEOPT PACKING pc=0x0000000003a32f6c sp=0x000000000304dfe0
Event: 13.542 Thread 0x0000000003133000 DEOPT UNPACKING pc=0x000000000327556a sp=0x000000000304df78 mode 2
Event: 13.542 loading class com/android/dx/cf/attrib/AttDeprecated
Event: 13.542 loading class com/android/dx/cf/attrib/AttDeprecated done
Event: 13.543 loading class com/android/dx/cf/attrib/AttRuntimeVisibleAnnotations
Event: 13.543 loading class com/android/dx/cf/attrib/AttRuntimeVisibleAnnotations done
Event: 13.831 Thread 0x00000000170e3000 DEOPT PACKING pc=0x00000000036513c5 sp=0x0000000017c7e560
Event: 13.831 Thread 0x00000000170e3000 DEOPT UNPACKING pc=0x00000000032775bf sp=0x0000000017c7e2c0 mode 0
Event: 13.834 Thread 0x00000000170e3000 DEOPT PACKING pc=0x0000000003627e41 sp=0x0000000017c7e5c0
Event: 13.834 Thread 0x00000000170e3000 DEOPT UNPACKING pc=0x00000000032775bf sp=0x0000000017c7e3a0 mode 0


Dynamic libraries:
0x00007ff6cf3b0000 - 0x00007ff6cf3e4000 	E:\Program Files\Java\jdk1.8.0_31\bin\java.exe
0x00007ffab5630000 - 0x00007ffab5801000 	C:\WINDOWS\SYSTEM32\ntdll.dll
0x00007ffab2df0000 - 0x00007ffab2e9b000 	C:\WINDOWS\System32\KERNEL32.DLL
0x00007ffab25c0000 - 0x00007ffab27dd000 	C:\WINDOWS\System32\KERNELBASE.dll
0x00007ffab4bb0000 - 0x00007ffab4c52000 	C:\WINDOWS\System32\ADVAPI32.dll
0x00007ffab5230000 - 0x00007ffab52ce000 	C:\WINDOWS\System32\msvcrt.dll
0x00007ffab4810000 - 0x00007ffab4869000 	C:\WINDOWS\System32\sechost.dll
0x00007ffab2bc0000 - 0x00007ffab2ce1000 	C:\WINDOWS\System32\RPCRT4.dll
0x00007ffab43e0000 - 0x00007ffab4545000 	C:\WINDOWS\System32\USER32.dll
0x00007ffab25a0000 - 0x00007ffab25be000 	C:\WINDOWS\System32\win32u.dll
0x00007ffab54e0000 - 0x00007ffab5514000 	C:\WINDOWS\System32\GDI32.dll
0x00007ffab27e0000 - 0x00007ffab2962000 	C:\WINDOWS\System32\gdi32full.dll
0x00007ffaaaa10000 - 0x00007ffaaac89000 	C:\WINDOWS\WinSxS\amd64_microsoft.windows.common-controls_6595b64144ccf1df_6.0.14393.447_none_42191651c6827bb3\COMCTL32.dll
0x00007ffab48e0000 - 0x00007ffab4ba7000 	C:\WINDOWS\System32\combase.dll
0x00007ffab2ac0000 - 0x00007ffab2bb5000 	C:\WINDOWS\System32\ucrtbase.dll
0x00007ffab2430000 - 0x00007ffab249a000 	C:\WINDOWS\System32\bcryptPrimitives.dll
0x00007ffab2ea0000 - 0x00007ffab2ece000 	C:\WINDOWS\System32\IMM32.DLL
0x00007ffab1990000 - 0x00007ffab19c1000 	C:\Windows\system32\nvinitx.dll
0x00007ffab1980000 - 0x00007ffab198a000 	C:\WINDOWS\SYSTEM32\VERSION.dll
0x00000000559a0000 - 0x0000000055a72000 	E:\Program Files\Java\jdk1.8.0_31\jre\bin\msvcr100.dll
0x0000000054170000 - 0x00000000549ca000 	E:\Program Files\Java\jdk1.8.0_31\jre\bin\server\jvm.dll
0x00007ffab4780000 - 0x00007ffab4788000 	C:\WINDOWS\System32\PSAPI.DLL
0x00007ffaa2410000 - 0x00007ffaa2419000 	C:\WINDOWS\SYSTEM32\WSOCK32.dll
0x00007ffab52d0000 - 0x00007ffab533a000 	C:\WINDOWS\System32\WS2_32.dll
0x00007ffaaff50000 - 0x00007ffaaff73000 	C:\WINDOWS\SYSTEM32\WINMM.dll
0x00007ffaaff20000 - 0x00007ffaaff4b000 	C:\WINDOWS\SYSTEM32\WINMMBASE.dll
0x00007ffab24a0000 - 0x00007ffab24e2000 	C:\WINDOWS\System32\cfgmgr32.dll
0x0000000055990000 - 0x000000005599f000 	E:\Program Files\Java\jdk1.8.0_31\jre\bin\verify.dll
0x0000000055960000 - 0x0000000055988000 	E:\Program Files\Java\jdk1.8.0_31\jre\bin\java.dll
0x0000000055940000 - 0x0000000055956000 	E:\Program Files\Java\jdk1.8.0_31\jre\bin\zip.dll
0x00007ffab2ed0000 - 0x00007ffab43d9000 	C:\WINDOWS\System32\SHELL32.dll
0x00007ffab1d50000 - 0x00007ffab242a000 	C:\WINDOWS\System32\windows.storage.dll
0x00007ffab1ad0000 - 0x00007ffab1b1c000 	C:\WINDOWS\System32\powrprof.dll
0x00007ffab4880000 - 0x00007ffab48d2000 	C:\WINDOWS\System32\shlwapi.dll
0x00007ffab1a90000 - 0x00007ffab1a9f000 	C:\WINDOWS\System32\kernel.appcore.dll
0x00007ffab24f0000 - 0x00007ffab2599000 	C:\WINDOWS\System32\shcore.dll
0x00007ffab1aa0000 - 0x00007ffab1ab4000 	C:\WINDOWS\System32\profapi.dll
0x00007ffaa0490000 - 0x00007ffaa0622000 	C:\WINDOWS\SYSTEM32\dbghelp.dll

VM Arguments:
jvm_args: -Djava.awt.headless=true -Xmx1024M -Dfile.encoding=GBK -Duser.country=CN -Duser.language=zh -Duser.variant 
java_command: com.android.dx.command.Main --dex --num-threads=4 --output E:\john_work\MV_085\app\build\intermediates\pre-dexed\debug\debug_59ec8aa13df5cc16c7c22342803a4f64ba423538.jar E:\john_work\MV_085\app\build\intermediates\classes\debug
java_class_path (initial): E:\Android\sdk\build-tools\24.0.2\lib\dx.jar
Launcher Type: SUN_STANDARD

Environment Variables:
JAVA_HOME=E:\Program Files\Java\jdk1.8.0_31
CLASSPATH=.;E:\Program Files\Java\jdk1.8.0_31\lib;E:\Program Files\Java\jdk1.8.0_31\lib\tools.jar
PATH=C:\WINDOWS\system32;C:\WINDOWS;C:\WINDOWS\System32\Wbem;C:\WINDOWS\System32\WindowsPowerShell\v1.0\;C:\Program Files (x86)\NVIDIA Corporation\PhysX\Common;C:\Program Files\TortoiseSVN\bin;C:\WINDOWS\system32;C:\WINDOWS;C:\WINDOWS\System32\Wbem;C:\WINDOWS\System32\WindowsPowerShell\v1.0\;C:\Program Files (x86)\GtkSharp\2.12\bin;C:\WINDOWS\system32\config\systemprofile\.dnx\bin;C:\Program Files\Microsoft DNX\Dnvm\;C:\Program Files\Microsoft SQL Server\130\Tools\Binn\;E:\Android\sdk\platform-tools;E:\Android\sdk\platform-tools;E:\Program Files\TortoiseGit\bin;E:\Program Files\Java\jdk1.8.0_31\bin;E:\Program Files\Java\jdk1.8.0_31\jre\bin;e:\Program Files\MATLAB\R2016b\bin;C:\Users\bzmoop\AppData\Local\Microsoft\WindowsApps;
USERNAME=bzmoop
OS=Windows_NT
PROCESSOR_IDENTIFIER=Intel64 Family 6 Model 58 Stepping 9, GenuineIntel



---------------  S Y S T E M  ---------------

OS: Windows 8.1 , 64 bit Build 9600 

CPU:total 4 (2 cores per cpu, 2 threads per core) family 6 model 58 stepping 9, cmov, cx8, fxsr, mmx, sse, sse2, sse3, ssse3, sse4.1, sse4.2, popcnt, avx, aes, clmul, erms, ht, tsc, tscinvbit, tscinv

Memory: 4k page, physical 12417384k(2047004k free), swap 12417384k(5348k free)

vm_info: Java HotSpot(TM) 64-Bit Server VM (25.31-b07) for windows-amd64 JRE (1.8.0_31-b13), built on Dec 17 2014 21:00:28 by "java_re" with MS VC++ 10.0 (VS2010)

time: Wed Nov 16 18:16:30 2016
elapsed time: 13 seconds (0d 0h 0m 13s)

