#
# There is insufficient memory for the Java Runtime Environment to continue.
# Native memory allocation (malloc) failed to allocate 96016 bytes for Chunk::new
# Possible reasons:
#   The system is out of physical RAM or swap space
#   In 32 bit mode, the process size limit was hit
# Possible solutions:
#   Reduce memory load on the system
#   Increase physical memory or swap space
#   Check if swap backing store is full
#   Use 64 bit Java on a 64 bit OS
#   Decrease Java heap size (-Xmx/-Xms)
#   Decrease number of Java threads
#   Decrease Java thread stack sizes (-Xss)
#   Set larger code cache with -XX:ReservedCodeCacheSize=
# This output file may be truncated or incomplete.
#
#  Out of Memory Error (allocation.cpp:390), pid=18364, tid=11880
#
# JRE version: Java(TM) SE Runtime Environment (8.0_31-b13) (build 1.8.0_31-b13)
# Java VM: Java HotSpot(TM) 64-Bit Server VM (25.31-b07 mixed mode windows-amd64 compressed oops)
# Failed to write core dump. Minidumps are not enabled by default on client versions of Windows
#

---------------  T H R E A D  ---------------

Current thread (0x0000000015d6b000):  JavaThread "C2 CompilerThread0" daemon [_thread_in_native, id=11880, stack(0x0000000017270000,0x0000000017370000)]

Stack: [0x0000000017270000,0x0000000017370000]
Native frames: (J=compiled Java code, j=interpreted, Vv=VM code, C=native code)
V  [jvm.dll+0x3169ba]
V  [jvm.dll+0x2674c3]
V  [jvm.dll+0x268103]
V  [jvm.dll+0x25f8f5]
V  [jvm.dll+0xbf025]
V  [jvm.dll+0xbf4cc]
V  [jvm.dll+0x45df82]
V  [jvm.dll+0x49f21f]
V  [jvm.dll+0x453401]
V  [jvm.dll+0x454124]
V  [jvm.dll+0x437c62]
V  [jvm.dll+0x988e2]
V  [jvm.dll+0x990d3]
V  [jvm.dll+0x22c194]
V  [jvm.dll+0x28576a]
C  [msvcr100.dll+0x21d9f]
C  [msvcr100.dll+0x21e3b]
C  [KERNEL32.DLL+0x8364]
C  [ntdll.dll+0x65e91]


Current CompileTask:
C2:   6803  425       4       sun.misc.MetaIndex::mayContain (51 bytes)


---------------  P R O C E S S  ---------------

Java Threads: ( => current thread )
  0x00000000176a3000 JavaThread "pool-1-thread-4" [_thread_in_vm, id=13404, stack(0x0000000018770000,0x0000000018870000)]
  0x00000000176a1800 JavaThread "pool-1-thread-3" [_thread_blocked, id=18092, stack(0x0000000018670000,0x0000000018770000)]
  0x00000000176a0800 JavaThread "pool-1-thread-2" [_thread_blocked, id=3604, stack(0x0000000018570000,0x0000000018670000)]
  0x0000000017c6a000 JavaThread "pool-2-thread-1" [_thread_blocked, id=15540, stack(0x0000000018470000,0x0000000018570000)]
  0x00000000176d9000 JavaThread "pool-1-thread-1" [_thread_blocked, id=4636, stack(0x0000000018370000,0x0000000018470000)]
  0x00000000173c8800 JavaThread "Service Thread" daemon [_thread_blocked, id=5632, stack(0x0000000017970000,0x0000000017a70000)]
  0x00000000173c2800 JavaThread "C1 CompilerThread2" daemon [_thread_blocked, id=11132, stack(0x0000000017870000,0x0000000017970000)]
  0x00000000173b7800 JavaThread "C2 CompilerThread1" daemon [_thread_blocked, id=8440, stack(0x0000000017770000,0x0000000017870000)]
=>0x0000000015d6b000 JavaThread "C2 CompilerThread0" daemon [_thread_in_native, id=11880, stack(0x0000000017270000,0x0000000017370000)]
  0x0000000015d6a800 JavaThread "Attach Listener" daemon [_thread_blocked, id=15132, stack(0x0000000017170000,0x0000000017270000)]
  0x0000000015d1e000 JavaThread "Signal Dispatcher" daemon [_thread_blocked, id=1608, stack(0x0000000017070000,0x0000000017170000)]
  0x000000000362f000 JavaThread "Finalizer" daemon [_thread_blocked, id=1888, stack(0x0000000016f70000,0x0000000017070000)]
  0x000000000362c000 JavaThread "Reference Handler" daemon [_thread_blocked, id=11708, stack(0x0000000016e70000,0x0000000016f70000)]
  0x0000000003543000 JavaThread "main" [_thread_blocked, id=15208, stack(0x0000000003340000,0x0000000003440000)]

Other Threads:
  0x0000000015cd7000 VMThread [stack: 0x0000000016d70000,0x0000000016e70000] [id=10956]
  0x00000000173cb000 WatcherThread [stack: 0x0000000017a70000,0x0000000017b70000] [id=12992]

VM state:not at safepoint (normal execution)

VM Mutex/Monitor currently owned by a thread: None

Heap:
 PSYoungGen      total 56832K, used 25568K [0x00000000eab00000, 0x00000000eea00000, 0x0000000100000000)
  eden space 49152K, 52% used [0x00000000eab00000,0x00000000ec3f8108,0x00000000edb00000)
  from space 7680K, 0% used [0x00000000ee280000,0x00000000ee280000,0x00000000eea00000)
  to   space 7680K, 0% used [0x00000000edb00000,0x00000000edb00000,0x00000000ee280000)
 ParOldGen       total 130048K, used 0K [0x00000000c0000000, 0x00000000c7f00000, 0x00000000eab00000)
  object space 130048K, 0% used [0x00000000c0000000,0x00000000c0000000,0x00000000c7f00000)
 Metaspace       used 5077K, capacity 6096K, committed 6272K, reserved 1056768K
  class space    used 556K, capacity 584K, committed 640K, reserved 1048576K

Card table byte_map: [0x0000000012a00000,0x0000000012c10000] byte_map_base: 0x0000000012400000

Marking Bits: (ParMarkBitMap*) 0x000000005ac6d4f0
 Begin Bits: [0x0000000013170000, 0x0000000014170000)
 End Bits:   [0x0000000014170000, 0x0000000015170000)

Polling page: 0x00000000016e0000

CodeCache: size=245760Kb used=2085Kb max_used=2095Kb free=243675Kb
 bounds [0x0000000003640000, 0x00000000038b0000, 0x0000000012640000]
 total_blobs=705 nmethods=440 adapters=179
 compilation: enabled

Compilation events (10 events):
Event: 6.783 Thread 0x00000000173c2800 nmethod 426 0x00000000038421d0 code [0x00000000038423a0, 0x00000000038429d8]
Event: 6.784 Thread 0x00000000173c2800  427       3       java.util.zip.ZipEntry::<init> (146 bytes)
Event: 6.784 Thread 0x00000000173c2800 nmethod 427 0x0000000003842c90 code [0x0000000003842e00, 0x0000000003843208]
Event: 6.784 Thread 0x00000000173c2800  428   !   3       sun.misc.URLClassPath$JarLoader::checkResource (55 bytes)
Event: 6.785 Thread 0x00000000173c2800 nmethod 428 0x0000000003843390 code [0x0000000003843540, 0x0000000003843ba8]
Event: 6.785 Thread 0x00000000173c2800  429       3       java.lang.Package::isSealed (13 bytes)
Event: 6.785 Thread 0x00000000173c2800 nmethod 429 0x0000000003843f10 code [0x0000000003844060, 0x0000000003844210]
Event: 6.785 Thread 0x00000000173c2800  430       3       java.net.URLClassLoader::isSealed (72 bytes)
Event: 6.786 Thread 0x00000000173c2800 nmethod 430 0x0000000003844290 code [0x00000000038444c0, 0x00000000038450b8]
Event: 6.786 Thread 0x00000000173c2800  431       3       java.lang.ClassLoader::compareCerts (149 bytes)

GC Heap History (0 events):
No events

Deoptimization events (0 events):
No events

Internal exceptions (10 events):
Event: 6.773 Thread 0x00000000176d9000 Exception <a 'java/security/PrivilegedActionException'> (0x00000000ec269788) thrown at [C:\workspace\8-2-build-windows-amd64-cygwin\jdk8u31\2394\hotspot\src\share\vm\prims\jvm.cpp, line 1312]
Event: 6.774 Thread 0x00000000176d9000 Exception <a 'java/security/PrivilegedActionException'> (0x00000000ec26ea10) thrown at [C:\workspace\8-2-build-windows-amd64-cygwin\jdk8u31\2394\hotspot\src\share\vm\prims\jvm.cpp, line 1312]
Event: 6.775 Thread 0x00000000176d9000 Exception <a 'java/security/PrivilegedActionException'> (0x00000000ec2808a0) thrown at [C:\workspace\8-2-build-windows-amd64-cygwin\jdk8u31\2394\hotspot\src\share\vm\prims\jvm.cpp, line 1312]
Event: 6.776 Thread 0x00000000176d9000 Exception <a 'java/security/PrivilegedActionException'> (0x00000000ec283990) thrown at [C:\workspace\8-2-build-windows-amd64-cygwin\jdk8u31\2394\hotspot\src\share\vm\prims\jvm.cpp, line 1312]
Event: 6.776 Thread 0x00000000176d9000 Exception <a 'java/security/PrivilegedActionException'> (0x00000000ec288e68) thrown at [C:\workspace\8-2-build-windows-amd64-cygwin\jdk8u31\2394\hotspot\src\share\vm\prims\jvm.cpp, line 1312]
Event: 6.777 Thread 0x00000000176d9000 Exception <a 'java/security/PrivilegedActionException'> (0x00000000ec28c248) thrown at [C:\workspace\8-2-build-windows-amd64-cygwin\jdk8u31\2394\hotspot\src\share\vm\prims\jvm.cpp, line 1312]
Event: 6.778 Thread 0x00000000176d9000 Exception <a 'java/security/PrivilegedActionException'> (0x00000000ec28f018) thrown at [C:\workspace\8-2-build-windows-amd64-cygwin\jdk8u31\2394\hotspot\src\share\vm\prims\jvm.cpp, line 1312]
Event: 6.779 Thread 0x00000000176d9000 Exception <a 'java/security/PrivilegedActionException'> (0x00000000ec291770) thrown at [C:\workspace\8-2-build-windows-amd64-cygwin\jdk8u31\2394\hotspot\src\share\vm\prims\jvm.cpp, line 1312]
Event: 6.781 Thread 0x00000000176d9000 Exception <a 'java/security/PrivilegedActionException'> (0x00000000ec294e78) thrown at [C:\workspace\8-2-build-windows-amd64-cygwin\jdk8u31\2394\hotspot\src\share\vm\prims\jvm.cpp, line 1312]
Event: 6.783 Thread 0x00000000176d9000 Exception <a 'java/security/PrivilegedActionException'> (0x00000000ec299810) thrown at [C:\workspace\8-2-build-windows-amd64-cygwin\jdk8u31\2394\hotspot\src\share\vm\prims\jvm.cpp, line 1312]

Events (10 events):
Event: 6.778 loading class java/util/ArrayList$SubList
Event: 6.778 loading class java/util/ArrayList$SubList done
Event: 6.779 loading class com/android/dx/ssa/InterferenceRegisterMapper
Event: 6.779 loading class com/android/dx/ssa/InterferenceRegisterMapper done
Event: 6.781 loading class com/android/dx/ssa/back/FirstFitLocalCombiningAllocator$1
Event: 6.781 loading class com/android/dx/ssa/back/FirstFitLocalCombiningAllocator$1 done
Event: 6.782 Executing VM operation: RevokeBias
Event: 6.782 Executing VM operation: RevokeBias done
Event: 6.783 loading class com/android/dx/ssa/back/FirstFitLocalCombiningAllocator$Alignment
Event: 6.783 loading class com/android/dx/ssa/back/FirstFitLocalCombiningAllocator$Alignment done


Dynamic libraries:
0x00007ff625be0000 - 0x00007ff625c14000 	E:\Program Files\Java\jdk1.8.0_31\bin\java.exe
0x00007fff70f30000 - 0x00007fff71101000 	C:\WINDOWS\SYSTEM32\ntdll.dll
0x00007fff6ebd0000 - 0x00007fff6ec7b000 	C:\WINDOWS\System32\KERNEL32.DLL
0x00007fff6d570000 - 0x00007fff6d78d000 	C:\WINDOWS\System32\KERNELBASE.dll
0x00007fff6ed20000 - 0x00007fff6edc2000 	C:\WINDOWS\System32\ADVAPI32.dll
0x00007fff70d30000 - 0x00007fff70dce000 	C:\WINDOWS\System32\msvcrt.dll
0x00007fff6e850000 - 0x00007fff6e8a9000 	C:\WINDOWS\System32\sechost.dll
0x00007fff6e8b0000 - 0x00007fff6e9d1000 	C:\WINDOWS\System32\RPCRT4.dll
0x00007fff6f0b0000 - 0x00007fff6f215000 	C:\WINDOWS\System32\USER32.dll
0x00007fff6e110000 - 0x00007fff6e12e000 	C:\WINDOWS\System32\win32u.dll
0x00007fff708c0000 - 0x00007fff708f4000 	C:\WINDOWS\System32\GDI32.dll
0x00007fff6e130000 - 0x00007fff6e2b2000 	C:\WINDOWS\System32\gdi32full.dll
0x00007fff65f70000 - 0x00007fff661e9000 	C:\WINDOWS\WinSxS\amd64_microsoft.windows.common-controls_6595b64144ccf1df_6.0.14393.447_none_42191651c6827bb3\COMCTL32.dll
0x00007fff6ede0000 - 0x00007fff6f0a7000 	C:\WINDOWS\System32\combase.dll
0x00007fff6d420000 - 0x00007fff6d515000 	C:\WINDOWS\System32\ucrtbase.dll
0x00007fff6d790000 - 0x00007fff6d7fa000 	C:\WINDOWS\System32\bcryptPrimitives.dll
0x00007fff6e610000 - 0x00007fff6e63e000 	C:\WINDOWS\System32\IMM32.DLL
0x00007fff6d290000 - 0x00007fff6d2c1000 	C:\Windows\system32\nvinitx.dll
0x00007fff6d280000 - 0x00007fff6d28a000 	C:\WINDOWS\SYSTEM32\VERSION.dll
0x000000005acf0000 - 0x000000005adc2000 	E:\Program Files\Java\jdk1.8.0_31\jre\bin\msvcr100.dll
0x000000005a490000 - 0x000000005acea000 	E:\Program Files\Java\jdk1.8.0_31\jre\bin\server\jvm.dll
0x00007fff6e600000 - 0x00007fff6e608000 	C:\WINDOWS\System32\PSAPI.DLL
0x00007fff5e220000 - 0x00007fff5e229000 	C:\WINDOWS\SYSTEM32\WSOCK32.dll
0x00007fff6e640000 - 0x00007fff6e6aa000 	C:\WINDOWS\System32\WS2_32.dll
0x00007fff6b7d0000 - 0x00007fff6b7f3000 	C:\WINDOWS\SYSTEM32\WINMM.dll
0x00007fff6b770000 - 0x00007fff6b79b000 	C:\WINDOWS\SYSTEM32\WINMMBASE.dll
0x00007fff6d520000 - 0x00007fff6d562000 	C:\WINDOWS\System32\cfgmgr32.dll
0x000000005a480000 - 0x000000005a48f000 	E:\Program Files\Java\jdk1.8.0_31\jre\bin\verify.dll
0x000000005a450000 - 0x000000005a478000 	E:\Program Files\Java\jdk1.8.0_31\jre\bin\java.dll
0x000000005a430000 - 0x000000005a446000 	E:\Program Files\Java\jdk1.8.0_31\jre\bin\zip.dll
0x00007fff6f340000 - 0x00007fff70849000 	C:\WINDOWS\System32\SHELL32.dll
0x00007fff6d800000 - 0x00007fff6deda000 	C:\WINDOWS\System32\windows.storage.dll
0x00007fff6d3c0000 - 0x00007fff6d40c000 	C:\WINDOWS\System32\powrprof.dll
0x00007fff6f220000 - 0x00007fff6f272000 	C:\WINDOWS\System32\shlwapi.dll
0x00007fff6d3b0000 - 0x00007fff6d3bf000 	C:\WINDOWS\System32\kernel.appcore.dll
0x00007fff6e2c0000 - 0x00007fff6e369000 	C:\WINDOWS\System32\shcore.dll
0x00007fff6d390000 - 0x00007fff6d3a4000 	C:\WINDOWS\System32\profapi.dll
0x00007fff5b590000 - 0x00007fff5b722000 	C:\WINDOWS\SYSTEM32\dbghelp.dll

VM Arguments:
jvm_args: -Djava.awt.headless=true -Xmx1024M -Dfile.encoding=GBK -Duser.country=CN -Duser.language=zh -Duser.variant 
java_command: com.android.dx.command.Main --dex --num-threads=4 --output E:\john_work\MV_085\app\build\intermediates\pre-dexed\debug\com.android.support-support-v4-23.4.0_4f23fae384f0dd329c29d6ccb8a3be530d125730.jar E:\john_work\MV_085\app\build\intermediates\exploded-aar\com.android.support\support-v4\23.4.0\jars\classes.jar
java_class_path (initial): E:\Android\sdk\build-tools\24.0.2\lib\dx.jar
Launcher Type: SUN_STANDARD

Environment Variables:
JAVA_HOME=E:\Program Files\Java\jdk1.8.0_31
CLASSPATH=.;E:\Program Files\Java\jdk1.8.0_31\lib;E:\Program Files\Java\jdk1.8.0_31\lib\tools.jar
PATH=C:\WINDOWS\system32;C:\WINDOWS;C:\WINDOWS\System32\Wbem;C:\WINDOWS\System32\WindowsPowerShell\v1.0\;C:\Program Files (x86)\NVIDIA Corporation\PhysX\Common;C:\Program Files\TortoiseSVN\bin;C:\WINDOWS\system32;C:\WINDOWS;C:\WINDOWS\System32\Wbem;C:\WINDOWS\System32\WindowsPowerShell\v1.0\;C:\Program Files (x86)\GtkSharp\2.12\bin;C:\WINDOWS\system32\config\systemprofile\.dnx\bin;C:\Program Files\Microsoft DNX\Dnvm\;C:\Program Files\Microsoft SQL Server\130\Tools\Binn\;E:\Android\sdk\platform-tools;E:\Android\sdk\platform-tools;E:\Program Files\TortoiseGit\bin;E:\Program Files\Java\jdk1.8.0_31\bin;E:\Program Files\Java\jdk1.8.0_31\jre\bin;e:\Program Files\MATLAB\R2016b\bin;C:\Users\bzmoop\AppData\Local\Microsoft\WindowsApps;
USERNAME=bzmoop
OS=Windows_NT
PROCESSOR_IDENTIFIER=Intel64 Family 6 Model 58 Stepping 9, GenuineIntel



---------------  S Y S T E M  ---------------

OS: Windows 8.1 , 64 bit Build 9600 

CPU:total 4 (2 cores per cpu, 2 threads per core) family 6 model 58 stepping 9, cmov, cx8, fxsr, mmx, sse, sse2, sse3, ssse3, sse4.1, sse4.2, popcnt, avx, aes, clmul, erms, ht, tsc, tscinvbit, tscinv

Memory: 4k page, physical 12417384k(3015672k free), swap 12417384k(5304k free)

vm_info: Java HotSpot(TM) 64-Bit Server VM (25.31-b07) for windows-amd64 JRE (1.8.0_31-b13), built on Dec 17 2014 21:00:28 by "java_re" with MS VC++ 10.0 (VS2010)

time: Mon Nov 21 19:42:28 2016
elapsed time: 6 seconds (0d 0h 0m 6s)

