#
# There is insufficient memory for the Java Runtime Environment to continue.
# Native memory allocation (malloc) failed to allocate 1074816 bytes for Chunk::new
# Possible reasons:
#   The system is out of physical RAM or swap space
#   In 32 bit mode, the process size limit was hit
# Possible solutions:
#   Reduce memory load on the system
#   Increase physical memory or swap space
#   Check if swap backing store is full
#   Use 64 bit Java on a 64 bit OS
#   Decrease Java heap size (-Xmx/-Xms)
#   Decrease number of Java threads
#   Decrease Java thread stack sizes (-Xss)
#   Set larger code cache with -XX:ReservedCodeCacheSize=
# This output file may be truncated or incomplete.
#
#  Out of Memory Error (allocation.cpp:390), pid=15176, tid=4392
#
# JRE version: Java(TM) SE Runtime Environment (8.0_31-b13) (build 1.8.0_31-b13)
# Java VM: Java HotSpot(TM) 64-Bit Server VM (25.31-b07 mixed mode windows-amd64 compressed oops)
# Failed to write core dump. Minidumps are not enabled by default on client versions of Windows
#

---------------  T H R E A D  ---------------

Current thread (0x0000000016ffe800):  JavaThread "C2 CompilerThread1" daemon [_thread_in_native, id=4392, stack(0x00000000173b0000,0x00000000174b0000)]

Stack: [0x00000000173b0000,0x00000000174b0000]
Native frames: (J=compiled Java code, j=interpreted, Vv=VM code, C=native code)
V  [jvm.dll+0x3169ba]
V  [jvm.dll+0x2674c3]
V  [jvm.dll+0x268103]
V  [jvm.dll+0x25f8f5]
V  [jvm.dll+0xbf025]
V  [jvm.dll+0xbf4cc]
V  [jvm.dll+0x45df82]
V  [jvm.dll+0x49f21f]
V  [jvm.dll+0x453401]
V  [jvm.dll+0x454124]
V  [jvm.dll+0x437c62]
V  [jvm.dll+0x988e2]
V  [jvm.dll+0x990d3]
V  [jvm.dll+0x22c194]
V  [jvm.dll+0x28576a]
C  [msvcr100.dll+0x21d9f]
C  [msvcr100.dll+0x21e3b]
C  [KERNEL32.DLL+0x8364]
C  [ntdll.dll+0x65e91]


Current CompileTask:
C2:   6839 1506   !   4       com.android.dx.cf.code.RopperMachine::run (1550 bytes)


---------------  P R O C E S S  ---------------

Java Threads: ( => current thread )
  0x0000000017213800 JavaThread "pool-1-thread-4" [_thread_blocked, id=10204, stack(0x0000000017bb0000,0x0000000017cb0000)]
  0x0000000017212800 JavaThread "pool-1-thread-3" [_thread_blocked, id=1136, stack(0x0000000017ab0000,0x0000000017bb0000)]
  0x0000000017221000 JavaThread "pool-1-thread-2" [_thread_blocked, id=6408, stack(0x00000000179b0000,0x0000000017ab0000)]
  0x000000001721c800 JavaThread "pool-2-thread-1" [_thread_blocked, id=13360, stack(0x00000000178b0000,0x00000000179b0000)]
  0x000000001721b800 JavaThread "pool-1-thread-1" [_thread_blocked, id=13968, stack(0x00000000177b0000,0x00000000178b0000)]
  0x0000000017008800 JavaThread "Service Thread" daemon [_thread_blocked, id=14156, stack(0x00000000175b0000,0x00000000176b0000)]
  0x0000000017001000 JavaThread "C1 CompilerThread2" daemon [_thread_blocked, id=15864, stack(0x00000000174b0000,0x00000000175b0000)]
=>0x0000000016ffe800 JavaThread "C2 CompilerThread1" daemon [_thread_in_native, id=4392, stack(0x00000000173b0000,0x00000000174b0000)]
  0x00000000159ab000 JavaThread "C2 CompilerThread0" daemon [_thread_in_native, id=7372, stack(0x0000000016eb0000,0x0000000016fb0000)]
  0x00000000159aa000 JavaThread "Attach Listener" daemon [_thread_blocked, id=14576, stack(0x0000000016db0000,0x0000000016eb0000)]
  0x00000000159a9800 JavaThread "Signal Dispatcher" daemon [_thread_blocked, id=18064, stack(0x0000000016cb0000,0x0000000016db0000)]
  0x000000000326f000 JavaThread "Finalizer" daemon [_thread_blocked, id=18212, stack(0x0000000016bb0000,0x0000000016cb0000)]
  0x000000000326c000 JavaThread "Reference Handler" daemon [_thread_blocked, id=13324, stack(0x0000000016ab0000,0x0000000016bb0000)]
  0x0000000003183000 JavaThread "main" [_thread_in_Java, id=3656, stack(0x0000000003080000,0x0000000003180000)]

Other Threads:
  0x0000000015917000 VMThread [stack: 0x00000000169b0000,0x0000000016ab0000] [id=12264]
  0x000000001700b000 WatcherThread [stack: 0x00000000176b0000,0x00000000177b0000] [id=12272]

VM state:not at safepoint (normal execution)

VM Mutex/Monitor currently owned by a thread: None

Heap:
 PSYoungGen      total 56832K, used 15700K [0x00000000eab00000, 0x00000000f1a00000, 0x0000000100000000)
  eden space 49152K, 16% used [0x00000000eab00000,0x00000000eb2d5e30,0x00000000edb00000)
  from space 7680K, 99% used [0x00000000edb00000,0x00000000ee27f430,0x00000000ee280000)
  to   space 7680K, 0% used [0x00000000f1280000,0x00000000f1280000,0x00000000f1a00000)
 ParOldGen       total 130048K, used 1188K [0x00000000c0000000, 0x00000000c7f00000, 0x00000000eab00000)
  object space 130048K, 0% used [0x00000000c0000000,0x00000000c01291e8,0x00000000c7f00000)
 Metaspace       used 6133K, capacity 7024K, committed 7296K, reserved 1056768K
  class space    used 595K, capacity 616K, committed 640K, reserved 1048576K

Card table byte_map: [0x0000000012640000,0x0000000012850000] byte_map_base: 0x0000000012040000

Marking Bits: (ParMarkBitMap*) 0x000000005ac6d4f0
 Begin Bits: [0x0000000012db0000, 0x0000000013db0000)
 End Bits:   [0x0000000013db0000, 0x0000000014db0000)

Polling page: 0x0000000002fe0000

CodeCache: size=245760Kb used=6322Kb max_used=6335Kb free=239438Kb
 bounds [0x0000000003280000, 0x00000000038c0000, 0x0000000012280000]
 total_blobs=1773 nmethods=1507 adapters=180
 compilation: enabled

Compilation events (10 events):
Event: 6.681 Thread 0x0000000016ffe800 nmethod 1505 0x00000000038a9e90 code [0x00000000038aa080, 0x00000000038aab78]
Event: 6.685 Thread 0x00000000159ab000 nmethod 1503 0x00000000038b1e10 code [0x00000000038b28e0, 0x00000000038b3f90]
Event: 6.686 Thread 0x0000000016ffe800 1506   !   4       com.android.dx.cf.code.RopperMachine::run (1550 bytes)
Event: 6.689 Thread 0x00000000159ab000 1507       4       com.android.dx.ssa.SsaBasicBlock::scheduleMovesFromPhis (108 bytes)
Event: 6.692 Thread 0x00000000159ab000 nmethod 1507 0x000000000388e950 code [0x000000000388eae0, 0x000000000388ece0]
Event: 6.693 Thread 0x00000000159ab000 1508       4       com.android.dx.ssa.back.SsaToRop$1::visitBlock (97 bytes)
Event: 6.735 Thread 0x00000000159ab000 nmethod 1508 0x00000000038b5cd0 code [0x00000000038b5ee0, 0x00000000038b6e48]
Event: 6.739 Thread 0x00000000159ab000 1509       4       com.android.dx.ssa.back.IdenticalBlockCombiner::combineBlocks (102 bytes)
Event: 6.743 Thread 0x00000000159ab000 nmethod 1509 0x00000000038afd10 code [0x00000000038afea0, 0x00000000038b0110]
Event: 6.745 Thread 0x00000000159ab000 1510       4       com.android.dx.rop.code.Rops::ropFor (771 bytes)

GC Heap History (2 events):
Event: 5.449 GC heap before
{Heap before GC invocations=1 (full 0):
 PSYoungGen      total 56832K, used 49152K [0x00000000eab00000, 0x00000000eea00000, 0x0000000100000000)
  eden space 49152K, 100% used [0x00000000eab00000,0x00000000edb00000,0x00000000edb00000)
  from space 7680K, 0% used [0x00000000ee280000,0x00000000ee280000,0x00000000eea00000)
  to   space 7680K, 0% used [0x00000000edb00000,0x00000000edb00000,0x00000000ee280000)
 ParOldGen       total 130048K, used 0K [0x00000000c0000000, 0x00000000c7f00000, 0x00000000eab00000)
  object space 130048K, 0% used [0x00000000c0000000,0x00000000c0000000,0x00000000c7f00000)
 Metaspace       used 6098K, capacity 7024K, committed 7296K, reserved 1056768K
  class space    used 593K, capacity 616K, committed 640K, reserved 1048576K
Event: 5.877 GC heap after
Heap after GC invocations=1 (full 0):
 PSYoungGen      total 56832K, used 7677K [0x00000000eab00000, 0x00000000f1a00000, 0x0000000100000000)
  eden space 49152K, 0% used [0x00000000eab00000,0x00000000eab00000,0x00000000edb00000)
  from space 7680K, 99% used [0x00000000edb00000,0x00000000ee27f430,0x00000000ee280000)
  to   space 7680K, 0% used [0x00000000f1280000,0x00000000f1280000,0x00000000f1a00000)
 ParOldGen       total 130048K, used 1188K [0x00000000c0000000, 0x00000000c7f00000, 0x00000000eab00000)
  object space 130048K, 0% used [0x00000000c0000000,0x00000000c01291e8,0x00000000c7f00000)
 Metaspace       used 6098K, capacity 7024K, committed 7296K, reserved 1056768K
  class space    used 593K, capacity 616K, committed 640K, reserved 1048576K
}

Deoptimization events (10 events):
Event: 3.866 Thread 0x000000001721b800 Uncommon trap: reason=bimorphic action=maybe_recompile pc=0x000000000349c14c method=java.util.HashMap.getNode(ILjava/lang/Object;)Ljava/util/HashMap$Node; @ 126
Event: 3.866 Thread 0x000000001721b800 Uncommon trap: reason=bimorphic action=maybe_recompile pc=0x000000000349c14c method=java.util.HashMap.getNode(ILjava/lang/Object;)Ljava/util/HashMap$Node; @ 126
Event: 3.866 Thread 0x000000001721b800 Uncommon trap: reason=bimorphic action=maybe_recompile pc=0x0000000003709d5c method=java.util.HashMap.putVal(ILjava/lang/Object;Ljava/lang/Object;ZZ)Ljava/lang/Object; @ 203
Event: 3.866 Thread 0x000000001721b800 Uncommon trap: reason=bimorphic action=maybe_recompile pc=0x000000000349c14c method=java.util.HashMap.getNode(ILjava/lang/Object;)Ljava/util/HashMap$Node; @ 126
Event: 3.867 Thread 0x000000001721b800 Uncommon trap: reason=bimorphic action=maybe_recompile pc=0x0000000003589fc8 method=java.util.HashMap.getNode(ILjava/lang/Object;)Ljava/util/HashMap$Node; @ 126
Event: 4.333 Thread 0x000000001721b800 Uncommon trap: reason=bimorphic action=maybe_recompile pc=0x0000000003709d5c method=java.util.HashMap.putVal(ILjava/lang/Object;Ljava/lang/Object;ZZ)Ljava/lang/Object; @ 203
Event: 4.333 Thread 0x000000001721b800 Uncommon trap: reason=bimorphic action=maybe_recompile pc=0x0000000003709d5c method=java.util.HashMap.putVal(ILjava/lang/Object;Ljava/lang/Object;ZZ)Ljava/lang/Object; @ 203
Event: 4.776 Thread 0x0000000003183000 Uncommon trap: reason=bimorphic action=maybe_recompile pc=0x00000000037c0298 method=com.android.dx.cf.code.BytecodeArray.parseInstruction(ILcom/android/dx/cf/code/BytecodeArray$Visitor;)I @ 2135
Event: 4.776 Thread 0x0000000003183000 Uncommon trap: reason=bimorphic action=maybe_recompile pc=0x00000000037c0298 method=com.android.dx.cf.code.BytecodeArray.parseInstruction(ILcom/android/dx/cf/code/BytecodeArray$Visitor;)I @ 2135
Event: 4.808 Thread 0x0000000003183000 Uncommon trap: reason=unreached action=reinterpret pc=0x00000000037beca4 method=com.android.dx.cf.code.BytecodeArray.parseInstruction(ILcom/android/dx/cf/code/BytecodeArray$Visitor;)I @ 1198

Internal exceptions (10 events):
Event: 2.077 Thread 0x0000000003183000 Exception <a 'java/security/PrivilegedActionException'> (0x00000000eb83ee30) thrown at [C:\workspace\8-2-build-windows-amd64-cygwin\jdk8u31\2394\hotspot\src\share\vm\prims\jvm.cpp, line 1312]
Event: 2.088 Thread 0x0000000003183000 Exception <a 'java/security/PrivilegedActionException'> (0x00000000eb85b898) thrown at [C:\workspace\8-2-build-windows-amd64-cygwin\jdk8u31\2394\hotspot\src\share\vm\prims\jvm.cpp, line 1312]
Event: 2.755 Thread 0x000000001721b800 Exception <a 'java/security/PrivilegedActionException'> (0x00000000ebc7f158) thrown at [C:\workspace\8-2-build-windows-amd64-cygwin\jdk8u31\2394\hotspot\src\share\vm\prims\jvm.cpp, line 1312]
Event: 2.768 Thread 0x0000000003183000 Exception <a 'java/security/PrivilegedActionException'> (0x00000000eb9e7430) thrown at [C:\workspace\8-2-build-windows-amd64-cygwin\jdk8u31\2394\hotspot\src\share\vm\prims\jvm.cpp, line 1312]
Event: 3.392 Thread 0x0000000003183000 Exception <a 'java/security/PrivilegedActionException'> (0x00000000ebf00178) thrown at [C:\workspace\8-2-build-windows-amd64-cygwin\jdk8u31\2394\hotspot\src\share\vm\prims\jvm.cpp, line 1312]
Event: 3.393 Thread 0x0000000003183000 Exception <a 'java/security/PrivilegedActionException'> (0x00000000ebf028d0) thrown at [C:\workspace\8-2-build-windows-amd64-cygwin\jdk8u31\2394\hotspot\src\share\vm\prims\jvm.cpp, line 1312]
Event: 3.663 Thread 0x0000000017221000 Implicit null exception at 0x00000000035af762 to 0x00000000035af852
Event: 5.919 Thread 0x0000000017213800 Exception <a 'java/security/PrivilegedActionException'> (0x00000000eabca780) thrown at [C:\workspace\8-2-build-windows-amd64-cygwin\jdk8u31\2394\hotspot\src\share\vm\prims\jvm.cpp, line 1312]
Event: 5.920 Thread 0x0000000017213800 Exception <a 'java/security/PrivilegedActionException'> (0x00000000eabcff30) thrown at [C:\workspace\8-2-build-windows-amd64-cygwin\jdk8u31\2394\hotspot\src\share\vm\prims\jvm.cpp, line 1312]
Event: 5.922 Thread 0x0000000017213800 Exception <a 'java/security/PrivilegedActionException'> (0x00000000eabd5468) thrown at [C:\workspace\8-2-build-windows-amd64-cygwin\jdk8u31\2394\hotspot\src\share\vm\prims\jvm.cpp, line 1312]

Events (10 events):
Event: 4.808 Thread 0x0000000003183000 DEOPT PACKING pc=0x00000000037beca4 sp=0x000000000317e360
Event: 4.808 Thread 0x0000000003183000 DEOPT UNPACKING pc=0x00000000032c556a sp=0x000000000317e318 mode 2
Event: 5.436 Executing VM operation: ParallelGCFailedAllocation
Event: 5.877 Executing VM operation: ParallelGCFailedAllocation done
Event: 5.918 loading class com/android/dx/dex/file/ParameterAnnotationStruct
Event: 5.918 loading class com/android/dx/dex/file/ParameterAnnotationStruct done
Event: 5.920 loading class com/android/dx/dex/file/UniformListItem
Event: 5.920 loading class com/android/dx/dex/file/UniformListItem done
Event: 5.920 loading class com/android/dx/dex/file/AnnotationSetRefItem
Event: 5.922 loading class com/android/dx/dex/file/AnnotationSetRefItem done


Dynamic libraries:
0x00007ff625be0000 - 0x00007ff625c14000 	E:\Program Files\Java\jdk1.8.0_31\bin\java.exe
0x00007fff70f30000 - 0x00007fff71101000 	C:\WINDOWS\SYSTEM32\ntdll.dll
0x00007fff6ebd0000 - 0x00007fff6ec7b000 	C:\WINDOWS\System32\KERNEL32.DLL
0x00007fff6d570000 - 0x00007fff6d78d000 	C:\WINDOWS\System32\KERNELBASE.dll
0x00007fff6ed20000 - 0x00007fff6edc2000 	C:\WINDOWS\System32\ADVAPI32.dll
0x00007fff70d30000 - 0x00007fff70dce000 	C:\WINDOWS\System32\msvcrt.dll
0x00007fff6e850000 - 0x00007fff6e8a9000 	C:\WINDOWS\System32\sechost.dll
0x00007fff6e8b0000 - 0x00007fff6e9d1000 	C:\WINDOWS\System32\RPCRT4.dll
0x00007fff6f0b0000 - 0x00007fff6f215000 	C:\WINDOWS\System32\USER32.dll
0x00007fff6e110000 - 0x00007fff6e12e000 	C:\WINDOWS\System32\win32u.dll
0x00007fff708c0000 - 0x00007fff708f4000 	C:\WINDOWS\System32\GDI32.dll
0x00007fff6e130000 - 0x00007fff6e2b2000 	C:\WINDOWS\System32\gdi32full.dll
0x00007fff65f70000 - 0x00007fff661e9000 	C:\WINDOWS\WinSxS\amd64_microsoft.windows.common-controls_6595b64144ccf1df_6.0.14393.447_none_42191651c6827bb3\COMCTL32.dll
0x00007fff6ede0000 - 0x00007fff6f0a7000 	C:\WINDOWS\System32\combase.dll
0x00007fff6d420000 - 0x00007fff6d515000 	C:\WINDOWS\System32\ucrtbase.dll
0x00007fff6d790000 - 0x00007fff6d7fa000 	C:\WINDOWS\System32\bcryptPrimitives.dll
0x00007fff6e610000 - 0x00007fff6e63e000 	C:\WINDOWS\System32\IMM32.DLL
0x00007fff6d290000 - 0x00007fff6d2c1000 	C:\Windows\system32\nvinitx.dll
0x00007fff6d280000 - 0x00007fff6d28a000 	C:\WINDOWS\SYSTEM32\VERSION.dll
0x000000005acf0000 - 0x000000005adc2000 	E:\Program Files\Java\jdk1.8.0_31\jre\bin\msvcr100.dll
0x000000005a490000 - 0x000000005acea000 	E:\Program Files\Java\jdk1.8.0_31\jre\bin\server\jvm.dll
0x00007fff6e600000 - 0x00007fff6e608000 	C:\WINDOWS\System32\PSAPI.DLL
0x00007fff5e220000 - 0x00007fff5e229000 	C:\WINDOWS\SYSTEM32\WSOCK32.dll
0x00007fff6e640000 - 0x00007fff6e6aa000 	C:\WINDOWS\System32\WS2_32.dll
0x00007fff6b7d0000 - 0x00007fff6b7f3000 	C:\WINDOWS\SYSTEM32\WINMM.dll
0x00007fff6b770000 - 0x00007fff6b79b000 	C:\WINDOWS\SYSTEM32\WINMMBASE.dll
0x00007fff6d520000 - 0x00007fff6d562000 	C:\WINDOWS\System32\cfgmgr32.dll
0x000000005a480000 - 0x000000005a48f000 	E:\Program Files\Java\jdk1.8.0_31\jre\bin\verify.dll
0x000000005a450000 - 0x000000005a478000 	E:\Program Files\Java\jdk1.8.0_31\jre\bin\java.dll
0x000000005a430000 - 0x000000005a446000 	E:\Program Files\Java\jdk1.8.0_31\jre\bin\zip.dll
0x00007fff6f340000 - 0x00007fff70849000 	C:\WINDOWS\System32\SHELL32.dll
0x00007fff6d800000 - 0x00007fff6deda000 	C:\WINDOWS\System32\windows.storage.dll
0x00007fff6d3c0000 - 0x00007fff6d40c000 	C:\WINDOWS\System32\powrprof.dll
0x00007fff6f220000 - 0x00007fff6f272000 	C:\WINDOWS\System32\shlwapi.dll
0x00007fff6d3b0000 - 0x00007fff6d3bf000 	C:\WINDOWS\System32\kernel.appcore.dll
0x00007fff6e2c0000 - 0x00007fff6e369000 	C:\WINDOWS\System32\shcore.dll
0x00007fff6d390000 - 0x00007fff6d3a4000 	C:\WINDOWS\System32\profapi.dll
0x00007fff5b590000 - 0x00007fff5b722000 	C:\WINDOWS\SYSTEM32\dbghelp.dll

VM Arguments:
jvm_args: -Djava.awt.headless=true -Xmx1024M -Dfile.encoding=GBK -Duser.country=CN -Duser.language=zh -Duser.variant 
java_command: com.android.dx.command.Main --dex --num-threads=4 --output E:\john_work\MV_085\app\build\intermediates\pre-dexed\debug\com.android.support-recyclerview-v7-23.4.0_e69fa6814f6c27ac6003e0e72738ffc092187a80.jar E:\john_work\MV_085\app\build\intermediates\exploded-aar\com.android.support\recyclerview-v7\23.4.0\jars\classes.jar
java_class_path (initial): E:\Android\sdk\build-tools\24.0.2\lib\dx.jar
Launcher Type: SUN_STANDARD

Environment Variables:
JAVA_HOME=E:\Program Files\Java\jdk1.8.0_31
CLASSPATH=.;E:\Program Files\Java\jdk1.8.0_31\lib;E:\Program Files\Java\jdk1.8.0_31\lib\tools.jar
PATH=C:\WINDOWS\system32;C:\WINDOWS;C:\WINDOWS\System32\Wbem;C:\WINDOWS\System32\WindowsPowerShell\v1.0\;C:\Program Files (x86)\NVIDIA Corporation\PhysX\Common;C:\Program Files\TortoiseSVN\bin;C:\WINDOWS\system32;C:\WINDOWS;C:\WINDOWS\System32\Wbem;C:\WINDOWS\System32\WindowsPowerShell\v1.0\;C:\Program Files (x86)\GtkSharp\2.12\bin;C:\WINDOWS\system32\config\systemprofile\.dnx\bin;C:\Program Files\Microsoft DNX\Dnvm\;C:\Program Files\Microsoft SQL Server\130\Tools\Binn\;E:\Android\sdk\platform-tools;E:\Android\sdk\platform-tools;E:\Program Files\TortoiseGit\bin;E:\Program Files\Java\jdk1.8.0_31\bin;E:\Program Files\Java\jdk1.8.0_31\jre\bin;e:\Program Files\MATLAB\R2016b\bin;C:\Users\bzmoop\AppData\Local\Microsoft\WindowsApps;
USERNAME=bzmoop
OS=Windows_NT
PROCESSOR_IDENTIFIER=Intel64 Family 6 Model 58 Stepping 9, GenuineIntel



---------------  S Y S T E M  ---------------

OS: Windows 8.1 , 64 bit Build 9600 

CPU:total 4 (2 cores per cpu, 2 threads per core) family 6 model 58 stepping 9, cmov, cx8, fxsr, mmx, sse, sse2, sse3, ssse3, sse4.1, sse4.2, popcnt, avx, aes, clmul, erms, ht, tsc, tscinvbit, tscinv

Memory: 4k page, physical 12417384k(3020240k free), swap 12417384k(6412k free)

vm_info: Java HotSpot(TM) 64-Bit Server VM (25.31-b07) for windows-amd64 JRE (1.8.0_31-b13), built on Dec 17 2014 21:00:28 by "java_re" with MS VC++ 10.0 (VS2010)

time: Mon Nov 21 19:42:28 2016
elapsed time: 6 seconds (0d 0h 0m 6s)

