#
# There is insufficient memory for the Java Runtime Environment to continue.
# Native memory allocation (malloc) failed to allocate 1048576 bytes for AllocateHeap
# Possible reasons:
#   The system is out of physical RAM or swap space
#   In 32 bit mode, the process size limit was hit
# Possible solutions:
#   Reduce memory load on the system
#   Increase physical memory or swap space
#   Check if swap backing store is full
#   Use 64 bit Java on a 64 bit OS
#   Decrease Java heap size (-Xmx/-Xms)
#   Decrease number of Java threads
#   Decrease Java thread stack sizes (-Xss)
#   Set larger code cache with -XX:ReservedCodeCacheSize=
# This output file may be truncated or incomplete.
#
#  Out of Memory Error (memory/allocation.inline.hpp:62), pid=15804, tid=14492
#
# JRE version:  (8.0_31-b13) (build )
# Java VM: Java HotSpot(TM) 64-Bit Server VM (25.31-b07 mixed mode windows-amd64 compressed oops)
# Failed to write core dump. Minidumps are not enabled by default on client versions of Windows
#

---------------  T H R E A D  ---------------

Current thread (0x0000000002713000):  JavaThread "Unknown thread" [_thread_in_vm, id=14492, stack(0x0000000002610000,0x0000000002710000)]

Stack: [0x0000000002610000,0x0000000002710000]
Native frames: (J=compiled Java code, j=interpreted, Vv=VM code, C=native code)
V  [jvm.dll+0x3169ba]
V  [jvm.dll+0x2674c3]
V  [jvm.dll+0x268103]
V  [jvm.dll+0x25f8f5]
V  [jvm.dll+0x3df90f]
V  [jvm.dll+0x3e044f]
V  [jvm.dll+0x3e0564]
V  [jvm.dll+0x3e0733]
V  [jvm.dll+0xe54d2]
V  [jvm.dll+0x1fa089]
V  [jvm.dll+0x22b694]
V  [jvm.dll+0x14d8c1]
C  [java.exe+0x20b6]
C  [java.exe+0xc9bb]
C  [java.exe+0xca4f]
C  [KERNEL32.DLL+0x8364]
C  [ntdll.dll+0x65e91]


---------------  P R O C E S S  ---------------

Java Threads: ( => current thread )

Other Threads:

=>0x0000000002713000 (exited) JavaThread "Unknown thread" [_thread_in_vm, id=14492, stack(0x0000000002610000,0x0000000002710000)]

VM state:not at safepoint (normal execution)

VM Mutex/Monitor currently owned by a thread: None

Heap:
 PSYoungGen      total 56832K, used 983K [0x00000000eab00000, 0x00000000eea00000, 0x0000000100000000)
  eden space 49152K, 2% used [0x00000000eab00000,0x00000000eabf5c38,0x00000000edb00000)
  from space 7680K, 0% used [0x00000000ee280000,0x00000000ee280000,0x00000000eea00000)
  to   space 7680K, 0% used [0x00000000edb00000,0x00000000edb00000,0x00000000ee280000)
 ParOldGen       total 130048K, used 0K [0x00000000c0000000, 0x00000000c7f00000, 0x00000000eab00000)
  object space 130048K, 0% used [0x00000000c0000000,0x00000000c0000000,0x00000000c7f00000)
 Metaspace       used 677K, capacity 4480K, committed 4480K, reserved 1056768K
  class space    used 67K, capacity 384K, committed 384K, reserved 1048576K

Card table byte_map: [0x0000000011be0000,0x0000000011df0000] byte_map_base: 0x00000000115e0000

Marking Bits: (ParMarkBitMap*) 0x000000005494d4f0
 Begin Bits: [0x0000000012350000, 0x0000000013350000)
 End Bits:   [0x0000000013350000, 0x0000000014350000)

Polling page: 0x0000000000780000

CodeCache: size=245760Kb used=327Kb max_used=327Kb free=245432Kb
 bounds [0x0000000002820000, 0x0000000002a90000, 0x0000000011820000]
 total_blobs=56 nmethods=0 adapters=37
 compilation: enabled

Compilation events (0 events):
No events

GC Heap History (0 events):
No events

Deoptimization events (0 events):
No events

Internal exceptions (0 events):
No events

Events (10 events):
Event: 0.058 loading class java/lang/Short
Event: 0.058 loading class java/lang/Short done
Event: 0.058 loading class java/lang/Integer
Event: 0.058 loading class java/lang/Integer done
Event: 0.058 loading class java/lang/Long
Event: 0.058 loading class java/lang/Long done
Event: 0.059 loading class java/lang/NullPointerException
Event: 0.059 loading class java/lang/NullPointerException done
Event: 0.059 loading class java/lang/ArithmeticException
Event: 0.059 loading class java/lang/ArithmeticException done


Dynamic libraries:
0x00007ff6cf3b0000 - 0x00007ff6cf3e4000 	E:\Program Files\Java\jdk1.8.0_31\bin\java.exe
0x00007ffab5630000 - 0x00007ffab5801000 	C:\WINDOWS\SYSTEM32\ntdll.dll
0x00007ffab2df0000 - 0x00007ffab2e9b000 	C:\WINDOWS\System32\KERNEL32.DLL
0x00007ffab25c0000 - 0x00007ffab27dd000 	C:\WINDOWS\System32\KERNELBASE.dll
0x00007ffab4bb0000 - 0x00007ffab4c52000 	C:\WINDOWS\System32\ADVAPI32.dll
0x00007ffab5230000 - 0x00007ffab52ce000 	C:\WINDOWS\System32\msvcrt.dll
0x00007ffab4810000 - 0x00007ffab4869000 	C:\WINDOWS\System32\sechost.dll
0x00007ffab2bc0000 - 0x00007ffab2ce1000 	C:\WINDOWS\System32\RPCRT4.dll
0x00007ffab43e0000 - 0x00007ffab4545000 	C:\WINDOWS\System32\USER32.dll
0x00007ffab25a0000 - 0x00007ffab25be000 	C:\WINDOWS\System32\win32u.dll
0x00007ffab54e0000 - 0x00007ffab5514000 	C:\WINDOWS\System32\GDI32.dll
0x00007ffab27e0000 - 0x00007ffab2962000 	C:\WINDOWS\System32\gdi32full.dll
0x00007ffaaaa10000 - 0x00007ffaaac89000 	C:\WINDOWS\WinSxS\amd64_microsoft.windows.common-controls_6595b64144ccf1df_6.0.14393.447_none_42191651c6827bb3\COMCTL32.dll
0x00007ffab48e0000 - 0x00007ffab4ba7000 	C:\WINDOWS\System32\combase.dll
0x00007ffab2ac0000 - 0x00007ffab2bb5000 	C:\WINDOWS\System32\ucrtbase.dll
0x00007ffab2430000 - 0x00007ffab249a000 	C:\WINDOWS\System32\bcryptPrimitives.dll
0x00007ffab2ea0000 - 0x00007ffab2ece000 	C:\WINDOWS\System32\IMM32.DLL
0x00007ffab1990000 - 0x00007ffab19c1000 	C:\Windows\system32\nvinitx.dll
0x00007ffab1980000 - 0x00007ffab198a000 	C:\WINDOWS\SYSTEM32\VERSION.dll
0x00000000559a0000 - 0x0000000055a72000 	E:\Program Files\Java\jdk1.8.0_31\jre\bin\msvcr100.dll
0x0000000054170000 - 0x00000000549ca000 	E:\Program Files\Java\jdk1.8.0_31\jre\bin\server\jvm.dll
0x00007ffab4780000 - 0x00007ffab4788000 	C:\WINDOWS\System32\PSAPI.DLL
0x00007ffaa2410000 - 0x00007ffaa2419000 	C:\WINDOWS\SYSTEM32\WSOCK32.dll
0x00007ffab52d0000 - 0x00007ffab533a000 	C:\WINDOWS\System32\WS2_32.dll
0x00007ffaaff50000 - 0x00007ffaaff73000 	C:\WINDOWS\SYSTEM32\WINMM.dll
0x00007ffaaff20000 - 0x00007ffaaff4b000 	C:\WINDOWS\SYSTEM32\WINMMBASE.dll
0x00007ffab24a0000 - 0x00007ffab24e2000 	C:\WINDOWS\System32\cfgmgr32.dll
0x0000000055990000 - 0x000000005599f000 	E:\Program Files\Java\jdk1.8.0_31\jre\bin\verify.dll
0x0000000055960000 - 0x0000000055988000 	E:\Program Files\Java\jdk1.8.0_31\jre\bin\java.dll
0x0000000055940000 - 0x0000000055956000 	E:\Program Files\Java\jdk1.8.0_31\jre\bin\zip.dll
0x00007ffaa0490000 - 0x00007ffaa0622000 	C:\WINDOWS\SYSTEM32\dbghelp.dll

VM Arguments:
jvm_args: -Djava.awt.headless=true -Xmx1024M -Dfile.encoding=GBK -Duser.country=CN -Duser.language=zh -Duser.variant 
java_command: com.android.dx.command.Main --dex --num-threads=4 --output E:\john_work\MV_085\app\build\intermediates\pre-dexed\debug\com.android.support-support-v4-23.4.0_4f23fae384f0dd329c29d6ccb8a3be530d125730.jar E:\john_work\MV_085\app\build\intermediates\exploded-aar\com.android.support\support-v4\23.4.0\jars\classes.jar
java_class_path (initial): E:\Android\sdk\build-tools\24.0.2\lib\dx.jar
Launcher Type: SUN_STANDARD

Environment Variables:
JAVA_HOME=E:\Program Files\Java\jdk1.8.0_31
CLASSPATH=.;E:\Program Files\Java\jdk1.8.0_31\lib;E:\Program Files\Java\jdk1.8.0_31\lib\tools.jar
PATH=C:\WINDOWS\system32;C:\WINDOWS;C:\WINDOWS\System32\Wbem;C:\WINDOWS\System32\WindowsPowerShell\v1.0\;C:\Program Files (x86)\NVIDIA Corporation\PhysX\Common;C:\Program Files\TortoiseSVN\bin;C:\WINDOWS\system32;C:\WINDOWS;C:\WINDOWS\System32\Wbem;C:\WINDOWS\System32\WindowsPowerShell\v1.0\;C:\Program Files (x86)\GtkSharp\2.12\bin;C:\WINDOWS\system32\config\systemprofile\.dnx\bin;C:\Program Files\Microsoft DNX\Dnvm\;C:\Program Files\Microsoft SQL Server\130\Tools\Binn\;E:\Android\sdk\platform-tools;E:\Android\sdk\platform-tools;E:\Program Files\TortoiseGit\bin;E:\Program Files\Java\jdk1.8.0_31\bin;E:\Program Files\Java\jdk1.8.0_31\jre\bin;e:\Program Files\MATLAB\R2016b\bin;C:\Users\bzmoop\AppData\Local\Microsoft\WindowsApps;
USERNAME=bzmoop
OS=Windows_NT
PROCESSOR_IDENTIFIER=Intel64 Family 6 Model 58 Stepping 9, GenuineIntel



---------------  S Y S T E M  ---------------

OS: Windows 8.1 , 64 bit Build 9600 

CPU:total 4 (2 cores per cpu, 2 threads per core) family 6 model 58 stepping 9, cmov, cx8, fxsr, mmx, sse, sse2, sse3, ssse3, sse4.1, sse4.2, popcnt, avx, aes, clmul, erms, ht, tsc, tscinvbit, tscinv

Memory: 4k page, physical 12417384k(2381148k free), swap 12417384k(7300k free)

vm_info: Java HotSpot(TM) 64-Bit Server VM (25.31-b07) for windows-amd64 JRE (1.8.0_31-b13), built on Dec 17 2014 21:00:28 by "java_re" with MS VC++ 10.0 (VS2010)

time: Wed Nov 16 18:16:16 2016
elapsed time: 0 seconds (0d 0h 0m 0s)

