#
# There is insufficient memory for the Java Runtime Environment to continue.
# Native memory allocation (malloc) failed to allocate 295456 bytes for Chunk::new
# Possible reasons:
#   The system is out of physical RAM or swap space
#   In 32 bit mode, the process size limit was hit
# Possible solutions:
#   Reduce memory load on the system
#   Increase physical memory or swap space
#   Check if swap backing store is full
#   Use 64 bit Java on a 64 bit OS
#   Decrease Java heap size (-Xmx/-Xms)
#   Decrease number of Java threads
#   Decrease Java thread stack sizes (-Xss)
#   Set larger code cache with -XX:ReservedCodeCacheSize=
# This output file may be truncated or incomplete.
#
#  Out of Memory Error (allocation.cpp:390), pid=16948, tid=6624
#
# JRE version: Java(TM) SE Runtime Environment (8.0_31-b13) (build 1.8.0_31-b13)
# Java VM: Java HotSpot(TM) 64-Bit Server VM (25.31-b07 mixed mode windows-amd64 compressed oops)
# Failed to write core dump. Minidumps are not enabled by default on client versions of Windows
#

---------------  T H R E A D  ---------------

Current thread (0x0000000014e9d000):  JavaThread "C2 CompilerThread1" daemon [_thread_in_native, id=6624, stack(0x0000000016890000,0x0000000016990000)]

Stack: [0x0000000016890000,0x0000000016990000]
Native frames: (J=compiled Java code, j=interpreted, Vv=VM code, C=native code)
V  [jvm.dll+0x3169ba]
V  [jvm.dll+0x2674c3]
V  [jvm.dll+0x268103]
V  [jvm.dll+0x25f8f5]
V  [jvm.dll+0xbf025]
V  [jvm.dll+0xbf4cc]
V  [jvm.dll+0x45df82]
V  [jvm.dll+0x49f21f]
V  [jvm.dll+0x453401]
V  [jvm.dll+0x454124]
V  [jvm.dll+0x437c62]
V  [jvm.dll+0x988e2]
V  [jvm.dll+0x990d3]
V  [jvm.dll+0x22c194]
V  [jvm.dll+0x28576a]
C  [msvcr100.dll+0x21d9f]
C  [msvcr100.dll+0x21e3b]
C  [KERNEL32.DLL+0x8364]
C  [ntdll.dll+0x65e91]


Current CompileTask:
C2:  42258 2732 %     4       sun.security.provider.SHA::implCompress @ 12 (491 bytes)


---------------  P R O C E S S  ---------------

Java Threads: ( => current thread )
  0x00000000164e8800 JavaThread "Service Thread" daemon [_thread_blocked, id=15484, stack(0x0000000016a90000,0x0000000016b90000)]
  0x00000000164e2800 JavaThread "C1 CompilerThread2" daemon [_thread_blocked, id=15692, stack(0x0000000016990000,0x0000000016a90000)]
=>0x0000000014e9d000 JavaThread "C2 CompilerThread1" daemon [_thread_in_native, id=6624, stack(0x0000000016890000,0x0000000016990000)]
  0x0000000014e9b000 JavaThread "C2 CompilerThread0" daemon [_thread_in_native, id=16460, stack(0x0000000016390000,0x0000000016490000)]
  0x0000000014e9a800 JavaThread "Attach Listener" daemon [_thread_blocked, id=16456, stack(0x0000000016290000,0x0000000016390000)]
  0x0000000014e4e000 JavaThread "Signal Dispatcher" daemon [_thread_blocked, id=16428, stack(0x0000000016190000,0x0000000016290000)]
  0x000000000275f000 JavaThread "Finalizer" daemon [_thread_blocked, id=17284, stack(0x0000000016090000,0x0000000016190000)]
  0x000000000275c000 JavaThread "Reference Handler" daemon [_thread_blocked, id=16584, stack(0x0000000015f90000,0x0000000016090000)]
  0x0000000002673000 JavaThread "main" [_thread_in_vm, id=6108, stack(0x0000000002490000,0x0000000002590000)]

Other Threads:
  0x0000000014e06800 VMThread [stack: 0x0000000015e90000,0x0000000015f90000] [id=17380]
  0x00000000164ea800 WatcherThread [stack: 0x0000000016b90000,0x0000000016c90000] [id=15304]

VM state:not at safepoint (normal execution)

VM Mutex/Monitor currently owned by a thread: None

Heap:
 PSYoungGen      total 105984K, used 13307K [0x00000000eab00000, 0x00000000f1a00000, 0x0000000100000000)
  eden space 98304K, 5% used [0x00000000eab00000,0x00000000eb080850,0x00000000f0b00000)
  from space 7680K, 99% used [0x00000000f1280000,0x00000000f19fe7a8,0x00000000f1a00000)
  to   space 7680K, 0% used [0x00000000f0b00000,0x00000000f0b00000,0x00000000f1280000)
 ParOldGen       total 130048K, used 20454K [0x00000000c0000000, 0x00000000c7f00000, 0x00000000eab00000)
  object space 130048K, 15% used [0x00000000c0000000,0x00000000c13f9a88,0x00000000c7f00000)
 Metaspace       used 7175K, capacity 7704K, committed 7936K, reserved 1056768K
  class space    used 666K, capacity 720K, committed 768K, reserved 1048576K

Card table byte_map: [0x0000000011b30000,0x0000000011d40000] byte_map_base: 0x0000000011530000

Marking Bits: (ParMarkBitMap*) 0x000000005632d4f0
 Begin Bits: [0x00000000122a0000, 0x00000000132a0000)
 End Bits:   [0x00000000132a0000, 0x00000000142a0000)

Polling page: 0x0000000000a80000

CodeCache: size=245760Kb used=11390Kb max_used=11391Kb free=234369Kb
 bounds [0x0000000002770000, 0x00000000032a0000, 0x0000000011770000]
 total_blobs=2836 nmethods=2561 adapters=188
 compilation: enabled

Compilation events (10 events):
Event: 41.321 Thread 0x0000000014e9d000 nmethod 2726 0x0000000003296710 code [0x0000000003296840, 0x00000000032968f8]
Event: 42.210 Thread 0x00000000164e2800 2728       3       java.lang.Integer::reverseBytes (26 bytes)
Event: 42.210 Thread 0x00000000164e2800 nmethod 2728 0x00000000032977d0 code [0x0000000003297920, 0x0000000003297a70]
Event: 42.212 Thread 0x0000000014e9d000 2729       4       java.lang.Integer::reverseBytes (26 bytes)
Event: 42.212 Thread 0x0000000014e9d000 nmethod 2729 0x0000000003292650 code [0x0000000003292780, 0x00000000032927f8]
Event: 42.213 Thread 0x00000000164e2800 2730       3       sun.security.provider.SHA::implCompress (491 bytes)
Event: 42.214 Thread 0x00000000164e2800 nmethod 2730 0x0000000003292a10 code [0x0000000003292c00, 0x00000000032934e8]
Event: 42.215 Thread 0x00000000164e2800 2731       3       sun.security.provider.ByteArrayAccess::b2iBig64 (614 bytes)
Event: 42.217 Thread 0x00000000164e2800 nmethod 2731 0x0000000003298050 code [0x0000000003298260, 0x0000000003299008]
Event: 42.217 Thread 0x0000000014e9d000 2732 %     4       sun.security.provider.SHA::implCompress @ 12 (491 bytes)

GC Heap History (8 events):
Event: 3.653 GC heap before
{Heap before GC invocations=1 (full 0):
 PSYoungGen      total 56832K, used 49152K [0x00000000eab00000, 0x00000000eea00000, 0x0000000100000000)
  eden space 49152K, 100% used [0x00000000eab00000,0x00000000edb00000,0x00000000edb00000)
  from space 7680K, 0% used [0x00000000ee280000,0x00000000ee280000,0x00000000eea00000)
  to   space 7680K, 0% used [0x00000000edb00000,0x00000000edb00000,0x00000000ee280000)
 ParOldGen       total 130048K, used 0K [0x00000000c0000000, 0x00000000c7f00000, 0x00000000eab00000)
  object space 130048K, 0% used [0x00000000c0000000,0x00000000c0000000,0x00000000c7f00000)
 Metaspace       used 6072K, capacity 6960K, committed 7040K, reserved 1056768K
  class space    used 593K, capacity 616K, committed 640K, reserved 1048576K
Event: 3.666 GC heap after
Heap after GC invocations=1 (full 0):
 PSYoungGen      total 56832K, used 7653K [0x00000000eab00000, 0x00000000eea00000, 0x0000000100000000)
  eden space 49152K, 0% used [0x00000000eab00000,0x00000000eab00000,0x00000000edb00000)
  from space 7680K, 99% used [0x00000000edb00000,0x00000000ee2796e0,0x00000000ee280000)
  to   space 7680K, 0% used [0x00000000ee280000,0x00000000ee280000,0x00000000eea00000)
 ParOldGen       total 130048K, used 1233K [0x00000000c0000000, 0x00000000c7f00000, 0x00000000eab00000)
  object space 130048K, 0% used [0x00000000c0000000,0x00000000c0134510,0x00000000c7f00000)
 Metaspace       used 6072K, capacity 6960K, committed 7040K, reserved 1056768K
  class space    used 593K, capacity 616K, committed 640K, reserved 1048576K
}
Event: 7.426 GC heap before
{Heap before GC invocations=2 (full 0):
 PSYoungGen      total 56832K, used 56805K [0x00000000eab00000, 0x00000000eea00000, 0x0000000100000000)
  eden space 49152K, 100% used [0x00000000eab00000,0x00000000edb00000,0x00000000edb00000)
  from space 7680K, 99% used [0x00000000edb00000,0x00000000ee2796e0,0x00000000ee280000)
  to   space 7680K, 0% used [0x00000000ee280000,0x00000000ee280000,0x00000000eea00000)
 ParOldGen       total 130048K, used 1233K [0x00000000c0000000, 0x00000000c7f00000, 0x00000000eab00000)
  object space 130048K, 0% used [0x00000000c0000000,0x00000000c0134510,0x00000000c7f00000)
 Metaspace       used 6330K, capacity 7128K, committed 7424K, reserved 1056768K
  class space    used 613K, capacity 656K, committed 768K, reserved 1048576K
Event: 7.566 GC heap after
Heap after GC invocations=2 (full 0):
 PSYoungGen      total 56832K, used 7665K [0x00000000eab00000, 0x00000000f1a00000, 0x0000000100000000)
  eden space 49152K, 0% used [0x00000000eab00000,0x00000000eab00000,0x00000000edb00000)
  from space 7680K, 99% used [0x00000000ee280000,0x00000000ee9fc7f8,0x00000000eea00000)
  to   space 7680K, 0% used [0x00000000edb00000,0x00000000edb00000,0x00000000ee280000)
 ParOldGen       total 130048K, used 7524K [0x00000000c0000000, 0x00000000c7f00000, 0x00000000eab00000)
  object space 130048K, 5% used [0x00000000c0000000,0x00000000c0759228,0x00000000c7f00000)
 Metaspace       used 6330K, capacity 7128K, committed 7424K, reserved 1056768K
  class space    used 613K, capacity 656K, committed 768K, reserved 1048576K
}
Event: 14.602 GC heap before
{Heap before GC invocations=3 (full 0):
 PSYoungGen      total 56832K, used 56817K [0x00000000eab00000, 0x00000000f1a00000, 0x0000000100000000)
  eden space 49152K, 100% used [0x00000000eab00000,0x00000000edb00000,0x00000000edb00000)
  from space 7680K, 99% used [0x00000000ee280000,0x00000000ee9fc7f8,0x00000000eea00000)
  to   space 7680K, 0% used [0x00000000edb00000,0x00000000edb00000,0x00000000ee280000)
 ParOldGen       total 130048K, used 7524K [0x00000000c0000000, 0x00000000c7f00000, 0x00000000eab00000)
  object space 130048K, 5% used [0x00000000c0000000,0x00000000c0759228,0x00000000c7f00000)
 Metaspace       used 6388K, capacity 7192K, committed 7424K, reserved 1056768K
  class space    used 614K, capacity 656K, committed 768K, reserved 1048576K
Event: 14.891 GC heap after
Heap after GC invocations=3 (full 0):
 PSYoungGen      total 56832K, used 7650K [0x00000000eab00000, 0x00000000f1a00000, 0x0000000100000000)
  eden space 49152K, 0% used [0x00000000eab00000,0x00000000eab00000,0x00000000edb00000)
  from space 7680K, 99% used [0x00000000edb00000,0x00000000ee278bd8,0x00000000ee280000)
  to   space 7680K, 0% used [0x00000000f1280000,0x00000000f1280000,0x00000000f1a00000)
 ParOldGen       total 130048K, used 15433K [0x00000000c0000000, 0x00000000c7f00000, 0x00000000eab00000)
  object space 130048K, 11% used [0x00000000c0000000,0x00000000c0f12598,0x00000000c7f00000)
 Metaspace       used 6388K, capacity 7192K, committed 7424K, reserved 1056768K
  class space    used 614K, capacity 656K, committed 768K, reserved 1048576K
}
Event: 36.036 GC heap before
{Heap before GC invocations=4 (full 0):
 PSYoungGen      total 56832K, used 56802K [0x00000000eab00000, 0x00000000f1a00000, 0x0000000100000000)
  eden space 49152K, 100% used [0x00000000eab00000,0x00000000edb00000,0x00000000edb00000)
  from space 7680K, 99% used [0x00000000edb00000,0x00000000ee278bd8,0x00000000ee280000)
  to   space 7680K, 0% used [0x00000000f1280000,0x00000000f1280000,0x00000000f1a00000)
 ParOldGen       total 130048K, used 15433K [0x00000000c0000000, 0x00000000c7f00000, 0x00000000eab00000)
  object space 130048K, 11% used [0x00000000c0000000,0x00000000c0f12598,0x00000000c7f00000)
 Metaspace       used 6761K, capacity 7448K, committed 7680K, reserved 1056768K
  class space    used 633K, capacity 656K, committed 768K, reserved 1048576K
Event: 37.207 GC heap after
Heap after GC invocations=4 (full 0):
 PSYoungGen      total 105984K, used 7673K [0x00000000eab00000, 0x00000000f1a00000, 0x0000000100000000)
  eden space 98304K, 0% used [0x00000000eab00000,0x00000000eab00000,0x00000000f0b00000)
  from space 7680K, 99% used [0x00000000f1280000,0x00000000f19fe7a8,0x00000000f1a00000)
  to   space 7680K, 0% used [0x00000000f0b00000,0x00000000f0b00000,0x00000000f1280000)
 ParOldGen       total 130048K, used 20454K [0x00000000c0000000, 0x00000000c7f00000, 0x00000000eab00000)
  object space 130048K, 15% used [0x00000000c0000000,0x00000000c13f9a88,0x00000000c7f00000)
 Metaspace       used 6761K, capacity 7448K, committed 7680K, reserved 1056768K
  class space    used 633K, capacity 656K, committed 768K, reserved 1048576K
}

Deoptimization events (10 events):
Event: 35.989 Thread 0x0000000002673000 Uncommon trap: reason=unreached action=reinterpret pc=0x000000000312ed68 method=com.android.dx.dex.code.LocalList$MakeState.filterSpec(Lcom/android/dx/rop/code/RegisterSpec;)Lcom/android/dx/rop/code/RegisterSpec; @ 11
Event: 35.994 Thread 0x0000000002673000 Uncommon trap: reason=unreached action=reinterpret pc=0x000000000316e224 method=com.android.dx.dex.code.LocalList$MakeState.startLocal(ILcom/android/dx/rop/code/RegisterSpec;)V @ 71
Event: 41.213 Thread 0x0000000002673000 Uncommon trap: reason=unreached action=reinterpret pc=0x000000000321ef48 method=java.util.Arrays.sort([Ljava/lang/Object;IILjava/util/Comparator;)V @ 1
Event: 41.293 Thread 0x0000000002673000 Uncommon trap: reason=unreached action=reinterpret pc=0x0000000002b1f328 method=java.util.Arrays.copyOf([Ljava/lang/Object;ILjava/lang/Class;)[Ljava/lang/Object; @ 3
Event: 41.295 Thread 0x0000000002673000 Uncommon trap: reason=speculate_class_check action=maybe_recompile pc=0x0000000002e7e600 method=java.util.HashMap.putVal(ILjava/lang/Object;Ljava/lang/Object;ZZ)Ljava/lang/Object; @ 56
Event: 41.295 Thread 0x0000000002673000 Uncommon trap: reason=speculate_class_check action=maybe_recompile pc=0x0000000002e7e64c method=java.util.HashMap.putVal(ILjava/lang/Object;Ljava/lang/Object;ZZ)Ljava/lang/Object; @ 152
Event: 41.295 Thread 0x0000000002673000 Uncommon trap: reason=speculate_class_check action=maybe_recompile pc=0x0000000002e7e600 method=java.util.HashMap.putVal(ILjava/lang/Object;Ljava/lang/Object;ZZ)Ljava/lang/Object; @ 56
Event: 41.295 Thread 0x0000000002673000 Uncommon trap: reason=speculate_class_check action=maybe_recompile pc=0x0000000002e7e600 method=java.util.HashMap.putVal(ILjava/lang/Object;Ljava/lang/Object;ZZ)Ljava/lang/Object; @ 56
Event: 41.295 Thread 0x0000000002673000 Uncommon trap: reason=class_check action=maybe_recompile pc=0x000000000309d184 method=java.util.HashMap.putVal(ILjava/lang/Object;Ljava/lang/Object;ZZ)Ljava/lang/Object; @ 56
Event: 41.295 Thread 0x0000000002673000 Uncommon trap: reason=class_check action=maybe_recompile pc=0x000000000309d184 method=java.util.HashMap.putVal(ILjava/lang/Object;Ljava/lang/Object;ZZ)Ljava/lang/Object; @ 56

Internal exceptions (10 events):
Event: 29.869 Thread 0x0000000002673000 Exception <a 'java/security/PrivilegedActionException'> (0x00000000ed714f80) thrown at [C:\workspace\8-2-build-windows-amd64-cygwin\jdk8u31\2394\hotspot\src\share\vm\prims\jvm.cpp, line 1312]
Event: 37.238 Thread 0x0000000002673000 Exception <a 'java/security/PrivilegedActionException'> (0x00000000eab25fe0) thrown at [C:\workspace\8-2-build-windows-amd64-cygwin\jdk8u31\2394\hotspot\src\share\vm\prims\jvm.cpp, line 1312]
Event: 37.240 Thread 0x0000000002673000 Exception <a 'java/security/PrivilegedActionException'> (0x00000000eab31d18) thrown at [C:\workspace\8-2-build-windows-amd64-cygwin\jdk8u31\2394\hotspot\src\share\vm\prims\jvm.cpp, line 1312]
Event: 37.240 Thread 0x0000000002673000 Exception <a 'java/security/PrivilegedActionException'> (0x00000000eab34830) thrown at [C:\workspace\8-2-build-windows-amd64-cygwin\jdk8u31\2394\hotspot\src\share\vm\prims\jvm.cpp, line 1312]
Event: 39.155 Thread 0x0000000002673000 Exception <a 'java/security/PrivilegedActionException'> (0x00000000eae426c8) thrown at [C:\workspace\8-2-build-windows-amd64-cygwin\jdk8u31\2394\hotspot\src\share\vm\prims\jvm.cpp, line 1312]
Event: 39.225 Thread 0x0000000002673000 Exception <a 'java/security/PrivilegedActionException'> (0x00000000eafd0140) thrown at [C:\workspace\8-2-build-windows-amd64-cygwin\jdk8u31\2394\hotspot\src\share\vm\prims\jvm.cpp, line 1312]
Event: 39.226 Thread 0x0000000002673000 Exception <a 'java/security/PrivilegedActionException'> (0x00000000eafd54e0) thrown at [C:\workspace\8-2-build-windows-amd64-cygwin\jdk8u31\2394\hotspot\src\share\vm\prims\jvm.cpp, line 1312]
Event: 39.234 Thread 0x0000000002673000 Exception <a 'java/security/PrivilegedActionException'> (0x00000000eafdae60) thrown at [C:\workspace\8-2-build-windows-amd64-cygwin\jdk8u31\2394\hotspot\src\share\vm\prims\jvm.cpp, line 1312]
Event: 41.213 Thread 0x0000000002673000 Implicit null exception at 0x000000000321e10e to 0x000000000321ef21
Event: 41.268 Thread 0x0000000002673000 Exception <a 'java/security/PrivilegedActionException'> (0x00000000eafe1888) thrown at [C:\workspace\8-2-build-windows-amd64-cygwin\jdk8u31\2394\hotspot\src\share\vm\prims\jvm.cpp, line 1312]

Events (10 events):
Event: 41.322 loading class sun/security/provider/SHA
Event: 41.322 loading class sun/security/provider/DigestBase
Event: 41.322 loading class sun/security/provider/DigestBase done
Event: 42.209 loading class sun/security/provider/SHA done
Event: 42.209 loading class sun/security/jca/GetInstance$Instance
Event: 42.209 loading class sun/security/jca/GetInstance$Instance done
Event: 42.209 loading class java/security/MessageDigest$Delegate
Event: 42.209 loading class java/security/MessageDigest$Delegate done
Event: 42.209 loading class sun/security/provider/ByteArrayAccess
Event: 42.209 loading class sun/security/provider/ByteArrayAccess done


Dynamic libraries:
0x00007ff6f73e0000 - 0x00007ff6f7414000 	E:\Program Files\Java\jdk1.8.0_31\bin\java.exe
0x00007ffa5c290000 - 0x00007ffa5c461000 	C:\WINDOWS\SYSTEM32\ntdll.dll
0x00007ffa5c050000 - 0x00007ffa5c0fb000 	C:\WINDOWS\System32\KERNEL32.DLL
0x00007ffa59470000 - 0x00007ffa5968d000 	C:\WINDOWS\System32\KERNELBASE.dll
0x00007ffa59830000 - 0x00007ffa598d2000 	C:\WINDOWS\System32\ADVAPI32.dll
0x00007ffa5c100000 - 0x00007ffa5c19e000 	C:\WINDOWS\System32\msvcrt.dll
0x00007ffa5c1b0000 - 0x00007ffa5c209000 	C:\WINDOWS\System32\sechost.dll
0x00007ffa5a2b0000 - 0x00007ffa5a3d1000 	C:\WINDOWS\System32\RPCRT4.dll
0x00007ffa5bb00000 - 0x00007ffa5bc65000 	C:\WINDOWS\System32\USER32.dll
0x00007ffa59700000 - 0x00007ffa5971e000 	C:\WINDOWS\System32\win32u.dll
0x00007ffa59a40000 - 0x00007ffa59a74000 	C:\WINDOWS\System32\GDI32.dll
0x00007ffa592e0000 - 0x00007ffa59462000 	C:\WINDOWS\System32\gdi32full.dll
0x00007ffa51860000 - 0x00007ffa51ad9000 	C:\WINDOWS\WinSxS\amd64_microsoft.windows.common-controls_6595b64144ccf1df_6.0.14393.447_none_42191651c6827bb3\COMCTL32.dll
0x00007ffa59a80000 - 0x00007ffa59d47000 	C:\WINDOWS\System32\combase.dll
0x00007ffa591e0000 - 0x00007ffa592d5000 	C:\WINDOWS\System32\ucrtbase.dll
0x00007ffa59690000 - 0x00007ffa596fa000 	C:\WINDOWS\System32\bcryptPrimitives.dll
0x00007ffa5a180000 - 0x00007ffa5a1ae000 	C:\WINDOWS\System32\IMM32.DLL
0x00007ffa585f0000 - 0x00007ffa58621000 	C:\Windows\system32\nvinitx.dll
0x00007ffa585e0000 - 0x00007ffa585ea000 	C:\WINDOWS\SYSTEM32\VERSION.dll
0x0000000057b80000 - 0x0000000057c52000 	E:\Program Files\Java\jdk1.8.0_31\jre\bin\msvcr100.dll
0x0000000055b50000 - 0x00000000563aa000 	E:\Program Files\Java\jdk1.8.0_31\jre\bin\server\jvm.dll
0x00007ffa59820000 - 0x00007ffa59828000 	C:\WINDOWS\System32\PSAPI.DLL
0x00007ffa49450000 - 0x00007ffa49459000 	C:\WINDOWS\SYSTEM32\WSOCK32.dll
0x00007ffa5bf80000 - 0x00007ffa5bfea000 	C:\WINDOWS\System32\WS2_32.dll
0x00007ffa56590000 - 0x00007ffa565b3000 	C:\WINDOWS\SYSTEM32\WINMM.dll
0x00007ffa56560000 - 0x00007ffa5658b000 	C:\WINDOWS\SYSTEM32\WINMMBASE.dll
0x00007ffa58830000 - 0x00007ffa58872000 	C:\WINDOWS\System32\cfgmgr32.dll
0x0000000057b70000 - 0x0000000057b7f000 	E:\Program Files\Java\jdk1.8.0_31\jre\bin\verify.dll
0x0000000057b40000 - 0x0000000057b68000 	E:\Program Files\Java\jdk1.8.0_31\jre\bin\java.dll
0x0000000057b20000 - 0x0000000057b36000 	E:\Program Files\Java\jdk1.8.0_31\jre\bin\zip.dll
0x00007ffa5a3e0000 - 0x00007ffa5b8e9000 	C:\WINDOWS\System32\SHELL32.dll
0x00007ffa58a50000 - 0x00007ffa5912a000 	C:\WINDOWS\System32\windows.storage.dll
0x00007ffa586f0000 - 0x00007ffa5873c000 	C:\WINDOWS\System32\powrprof.dll
0x00007ffa5c230000 - 0x00007ffa5c282000 	C:\WINDOWS\System32\shlwapi.dll
0x00007ffa58770000 - 0x00007ffa5877f000 	C:\WINDOWS\System32\kernel.appcore.dll
0x00007ffa59130000 - 0x00007ffa591d9000 	C:\WINDOWS\System32\shcore.dll
0x00007ffa58740000 - 0x00007ffa58754000 	C:\WINDOWS\System32\profapi.dll
0x00007ffa47400000 - 0x00007ffa47592000 	C:\WINDOWS\SYSTEM32\dbghelp.dll

VM Arguments:
jvm_args: -Djava.awt.headless=true -Xmx1024M -Dfile.encoding=GBK -Duser.country=CN -Duser.language=zh -Duser.variant 
java_command: com.android.dx.command.Main --dex --num-threads=4 --output E:\john_work\MV_085\app\build\intermediates\pre-dexed\debug\glide-3.5.2_bdf1ae5940877ff85a377733972f43597822cbe8.jar C:\Users\bzmoop\.gradle\caches\modules-2\files-2.1\com.github.bumptech.glide\glide\3.5.2\ecf534dba3a8446ce84cbb797d314763be212a68\glide-3.5.2.jar
java_class_path (initial): E:\Android\sdk\build-tools\24.0.2\lib\dx.jar
Launcher Type: SUN_STANDARD

Environment Variables:
JAVA_HOME=E:\Program Files\Java\jdk1.8.0_31
CLASSPATH=.;E:\Program Files\Java\jdk1.8.0_31\lib;E:\Program Files\Java\jdk1.8.0_31\lib\tools.jar
PATH=C:\WINDOWS\system32;C:\WINDOWS;C:\WINDOWS\System32\Wbem;C:\WINDOWS\System32\WindowsPowerShell\v1.0\;C:\Program Files (x86)\NVIDIA Corporation\PhysX\Common;C:\Program Files\TortoiseSVN\bin;C:\WINDOWS\system32;C:\WINDOWS;C:\WINDOWS\System32\Wbem;C:\WINDOWS\System32\WindowsPowerShell\v1.0\;C:\Program Files (x86)\GtkSharp\2.12\bin;C:\WINDOWS\system32\config\systemprofile\.dnx\bin;C:\Program Files\Microsoft DNX\Dnvm\;C:\Program Files\Microsoft SQL Server\130\Tools\Binn\;E:\Android\sdk\platform-tools;E:\Android\sdk\platform-tools;E:\Program Files\TortoiseGit\bin;E:\Program Files\Java\jdk1.8.0_31\bin;C:\Python27;C:\Users\bzmoop\AppData\Local\Microsoft\WindowsApps;
USERNAME=bzmoop
OS=Windows_NT
PROCESSOR_IDENTIFIER=Intel64 Family 6 Model 58 Stepping 9, GenuineIntel



---------------  S Y S T E M  ---------------

OS: Windows 8.1 , 64 bit Build 9600 

CPU:total 4 (2 cores per cpu, 2 threads per core) family 6 model 58 stepping 9, cmov, cx8, fxsr, mmx, sse, sse2, sse3, ssse3, sse4.1, sse4.2, popcnt, avx, aes, clmul, erms, ht, tsc, tscinvbit, tscinv

Memory: 4k page, physical 12417384k(2539068k free), swap 12417384k(800k free)

vm_info: Java HotSpot(TM) 64-Bit Server VM (25.31-b07) for windows-amd64 JRE (1.8.0_31-b13), built on Dec 17 2014 21:00:28 by "java_re" with MS VC++ 10.0 (VS2010)

time: Wed Dec 14 17:43:17 2016
elapsed time: 42 seconds (0d 0h 0m 42s)

