#
# There is insufficient memory for the Java Runtime Environment to continue.
# Native memory allocation (malloc) failed to allocate 32744 bytes for ChunkPool::allocate
# Possible reasons:
#   The system is out of physical RAM or swap space
#   In 32 bit mode, the process size limit was hit
# Possible solutions:
#   Reduce memory load on the system
#   Increase physical memory or swap space
#   Check if swap backing store is full
#   Use 64 bit Java on a 64 bit OS
#   Decrease Java heap size (-Xmx/-Xms)
#   Decrease number of Java threads
#   Decrease Java thread stack sizes (-Xss)
#   Set larger code cache with -XX:ReservedCodeCacheSize=
# This output file may be truncated or incomplete.
#
#  Out of Memory Error (allocation.cpp:273), pid=17132, tid=8996
#
# JRE version: Java(TM) SE Runtime Environment (8.0_31-b13) (build 1.8.0_31-b13)
# Java VM: Java HotSpot(TM) 64-Bit Server VM (25.31-b07 mixed mode windows-amd64 compressed oops)
# Failed to write core dump. Minidumps are not enabled by default on client versions of Windows
#

---------------  T H R E A D  ---------------

Current thread (0x0000000016c82800):  JavaThread "C1 CompilerThread2" daemon [_thread_in_native, id=8996, stack(0x0000000017130000,0x0000000017230000)]

Stack: [0x0000000017130000,0x0000000017230000]
Native frames: (J=compiled Java code, j=interpreted, Vv=VM code, C=native code)
V  [jvm.dll+0x3169ba]


Current CompileTask:
C1:  41737 1965       3      
[error occurred during error reporting (printing current compile task), id 0xe0000001]


---------------  P R O C E S S  ---------------

Java Threads: ( => current thread )
  0x0000000016c89000 JavaThread "Service Thread" daemon [_thread_blocked, id=16304, stack(0x0000000017230000,0x0000000017330000)]
=>0x0000000016c82800 JavaThread "C1 CompilerThread2" daemon [_thread_in_native, id=8996, stack(0x0000000017130000,0x0000000017230000)]
  0x000000001562d000 JavaThread "C2 CompilerThread1" daemon [_thread_in_vm, id=11124, stack(0x0000000017030000,0x0000000017130000)]
  0x000000001562b000 JavaThread "C2 CompilerThread0" daemon [_thread_in_native, id=16368, stack(0x0000000016b30000,0x0000000016c30000)]
  0x000000001562a800 JavaThread "Attach Listener" daemon [_thread_blocked, id=9324, stack(0x0000000016a30000,0x0000000016b30000)]
  0x00000000155de000 JavaThread "Signal Dispatcher" daemon [_thread_blocked, id=8260, stack(0x0000000016930000,0x0000000016a30000)]
  0x0000000002eef000 JavaThread "Finalizer" daemon [_thread_blocked, id=16416, stack(0x0000000016830000,0x0000000016930000)]
  0x0000000002eec000 JavaThread "Reference Handler" daemon [_thread_blocked, id=16396, stack(0x0000000016730000,0x0000000016830000)]
  0x0000000002e03000 JavaThread "main" [_thread_in_vm, id=11712, stack(0x0000000002d00000,0x0000000002e00000)]

Other Threads:
  0x0000000015596800 VMThread [stack: 0x0000000016630000,0x0000000016730000] [id=7644]
  0x0000000016c8a800 WatcherThread [stack: 0x0000000017330000,0x0000000017430000] [id=14960]

VM state:not at safepoint (normal execution)

VM Mutex/Monitor currently owned by a thread: None

Heap:
 PSYoungGen      total 105984K, used 16893K [0x00000000eab00000, 0x00000000f7a00000, 0x0000000100000000)
  eden space 98304K, 9% used [0x00000000eab00000,0x00000000eb403be8,0x00000000f0b00000)
  from space 7680K, 99% used [0x00000000f0b00000,0x00000000f127b868,0x00000000f1280000)
  to   space 7680K, 0% used [0x00000000f7280000,0x00000000f7280000,0x00000000f7a00000)
 ParOldGen       total 130048K, used 21575K [0x00000000c0000000, 0x00000000c7f00000, 0x00000000eab00000)
  object space 130048K, 16% used [0x00000000c0000000,0x00000000c1511e68,0x00000000c7f00000)
 Metaspace       used 6423K, capacity 7192K, committed 7424K, reserved 1056768K
  class space    used 623K, capacity 656K, committed 768K, reserved 1048576K

Card table byte_map: [0x00000000122c0000,0x00000000124d0000] byte_map_base: 0x0000000011cc0000

Marking Bits: (ParMarkBitMap*) 0x000000005632d4f0
 Begin Bits: [0x0000000012a30000, 0x0000000013a30000)
 End Bits:   [0x0000000013a30000, 0x0000000014a30000)

Polling page: 0x0000000000df0000

CodeCache: size=245760Kb used=9676Kb max_used=9681Kb free=236083Kb
 bounds [0x0000000002f00000, 0x0000000003880000, 0x0000000011f00000]
 total_blobs=2202 nmethods=1935 adapters=180
 compilation: enabled

Compilation events (10 events):
Event: 41.697 Thread 0x000000001562d000 1960       4       com.android.dx.rop.cst.Constant::compareTo (33 bytes)
Event: 41.698 Thread 0x000000001562d000 nmethod 1960 0x000000000387de90 code [0x000000000387dfe0, 0x000000000387e1b8]
Event: 41.699 Thread 0x0000000016c82800 1961       3       com.android.dx.dex.file.EncodedField::addContents (15 bytes)
Event: 41.699 Thread 0x0000000016c82800 nmethod 1961 0x000000000387d990 code [0x000000000387db00, 0x000000000387dda8]
Event: 41.699 Thread 0x000000001562b000 1962  s    4       com.android.dx.dex.file.MethodIdsSection::intern (55 bytes)
Event: 41.713 Thread 0x0000000016c82800 1963       3       java.util.Collections::sort (8 bytes)
Event: 41.713 Thread 0x0000000016c82800 nmethod 1963 0x000000000387d550 code [0x000000000387d6c0, 0x000000000387d8c8]
Event: 41.713 Thread 0x0000000016c82800 1964       3       java.util.ComparableTimSort::sort (219 bytes)
Event: 41.714 Thread 0x0000000016c82800 nmethod 1964 0x000000000387c810 code [0x000000000387ca00, 0x000000000387d098]
Event: 41.715 Thread 0x0000000016c82800 1965       3       com.android.dx.dex.file.ClassDataItem::addContents (207 bytes)

GC Heap History (6 events):
Event: 25.551 GC heap before
{Heap before GC invocations=1 (full 0):
 PSYoungGen      total 56832K, used 49152K [0x00000000eab00000, 0x00000000eea00000, 0x0000000100000000)
  eden space 49152K, 100% used [0x00000000eab00000,0x00000000edb00000,0x00000000edb00000)
  from space 7680K, 0% used [0x00000000ee280000,0x00000000ee280000,0x00000000eea00000)
  to   space 7680K, 0% used [0x00000000edb00000,0x00000000edb00000,0x00000000ee280000)
 ParOldGen       total 130048K, used 0K [0x00000000c0000000, 0x00000000c7f00000, 0x00000000eab00000)
  object space 130048K, 0% used [0x00000000c0000000,0x00000000c0000000,0x00000000c7f00000)
 Metaspace       used 6136K, capacity 7024K, committed 7296K, reserved 1056768K
  class space    used 594K, capacity 616K, committed 640K, reserved 1048576K
Event: 26.434 GC heap after
Heap after GC invocations=1 (full 0):
 PSYoungGen      total 56832K, used 7666K [0x00000000eab00000, 0x00000000f1a00000, 0x0000000100000000)
  eden space 49152K, 0% used [0x00000000eab00000,0x00000000eab00000,0x00000000edb00000)
  from space 7680K, 99% used [0x00000000edb00000,0x00000000ee27c898,0x00000000ee280000)
  to   space 7680K, 0% used [0x00000000f1280000,0x00000000f1280000,0x00000000f1a00000)
 ParOldGen       total 130048K, used 1273K [0x00000000c0000000, 0x00000000c7f00000, 0x00000000eab00000)
  object space 130048K, 0% used [0x00000000c0000000,0x00000000c013e5a0,0x00000000c7f00000)
 Metaspace       used 6136K, capacity 7024K, committed 7296K, reserved 1056768K
  class space    used 594K, capacity 616K, committed 640K, reserved 1048576K
}
Event: 31.957 GC heap before
{Heap before GC invocations=2 (full 0):
 PSYoungGen      total 56832K, used 56818K [0x00000000eab00000, 0x00000000f1a00000, 0x0000000100000000)
  eden space 49152K, 100% used [0x00000000eab00000,0x00000000edb00000,0x00000000edb00000)
  from space 7680K, 99% used [0x00000000edb00000,0x00000000ee27c898,0x00000000ee280000)
  to   space 7680K, 0% used [0x00000000f1280000,0x00000000f1280000,0x00000000f1a00000)
 ParOldGen       total 130048K, used 1273K [0x00000000c0000000, 0x00000000c7f00000, 0x00000000eab00000)
  object space 130048K, 0% used [0x00000000c0000000,0x00000000c013e5a0,0x00000000c7f00000)
 Metaspace       used 6306K, capacity 7128K, committed 7424K, reserved 1056768K
  class space    used 618K, capacity 656K, committed 768K, reserved 1048576K
Event: 32.268 GC heap after
Heap after GC invocations=2 (full 0):
 PSYoungGen      total 105984K, used 7679K [0x00000000eab00000, 0x00000000f1a00000, 0x0000000100000000)
  eden space 98304K, 0% used [0x00000000eab00000,0x00000000eab00000,0x00000000f0b00000)
  from space 7680K, 99% used [0x00000000f1280000,0x00000000f19fff90,0x00000000f1a00000)
  to   space 7680K, 0% used [0x00000000f0b00000,0x00000000f0b00000,0x00000000f1280000)
 ParOldGen       total 130048K, used 7564K [0x00000000c0000000, 0x00000000c7f00000, 0x00000000eab00000)
  object space 130048K, 5% used [0x00000000c0000000,0x00000000c07630d8,0x00000000c7f00000)
 Metaspace       used 6306K, capacity 7128K, committed 7424K, reserved 1056768K
  class space    used 618K, capacity 656K, committed 768K, reserved 1048576K
}
Event: 39.514 GC heap before
{Heap before GC invocations=3 (full 0):
 PSYoungGen      total 105984K, used 105983K [0x00000000eab00000, 0x00000000f1a00000, 0x0000000100000000)
  eden space 98304K, 100% used [0x00000000eab00000,0x00000000f0b00000,0x00000000f0b00000)
  from space 7680K, 99% used [0x00000000f1280000,0x00000000f19fff90,0x00000000f1a00000)
  to   space 7680K, 0% used [0x00000000f0b00000,0x00000000f0b00000,0x00000000f1280000)
 ParOldGen       total 130048K, used 7564K [0x00000000c0000000, 0x00000000c7f00000, 0x00000000eab00000)
  object space 130048K, 5% used [0x00000000c0000000,0x00000000c07630d8,0x00000000c7f00000)
 Metaspace       used 6364K, capacity 7192K, committed 7424K, reserved 1056768K
  class space    used 620K, capacity 656K, committed 768K, reserved 1048576K
Event: 41.579 GC heap after
Heap after GC invocations=3 (full 0):
 PSYoungGen      total 105984K, used 7662K [0x00000000eab00000, 0x00000000f7a00000, 0x0000000100000000)
  eden space 98304K, 0% used [0x00000000eab00000,0x00000000eab00000,0x00000000f0b00000)
  from space 7680K, 99% used [0x00000000f0b00000,0x00000000f127b868,0x00000000f1280000)
  to   space 7680K, 0% used [0x00000000f7280000,0x00000000f7280000,0x00000000f7a00000)
 ParOldGen       total 130048K, used 21575K [0x00000000c0000000, 0x00000000c7f00000, 0x00000000eab00000)
  object space 130048K, 16% used [0x00000000c0000000,0x00000000c1511e68,0x00000000c7f00000)
 Metaspace       used 6364K, capacity 7192K, committed 7424K, reserved 1056768K
  class space    used 620K, capacity 656K, committed 768K, reserved 1048576K
}

Deoptimization events (10 events):
Event: 36.182 Thread 0x0000000016e99800 Uncommon trap: reason=class_check action=maybe_recompile pc=0x000000000375e574 method=com.android.dx.cf.code.RopperMachine.run(Lcom/android/dx/cf/code/Frame;II)V @ 1024
Event: 37.998 Thread 0x0000000016e89000 Uncommon trap: reason=class_check action=maybe_recompile pc=0x00000000037d8a70 method=com.android.dx.ssa.back.FirstFitLocalCombiningAllocator.findNextUnreservedRopReg(IILcom/android/dx/ssa/back/FirstFitLocalCombiningAllocator$Alignment;)I @ 60
Event: 38.001 Thread 0x0000000016e89000 Uncommon trap: reason=class_check action=maybe_recompile pc=0x00000000037d8a70 method=com.android.dx.ssa.back.FirstFitLocalCombiningAllocator.findNextUnreservedRopReg(IILcom/android/dx/ssa/back/FirstFitLocalCombiningAllocator$Alignment;)I @ 60
Event: 38.007 Thread 0x0000000016e89000 Uncommon trap: reason=class_check action=maybe_recompile pc=0x00000000036ad224 method=com.android.dx.ssa.back.FirstFitLocalCombiningAllocator.findNextUnreservedRopReg(IILcom/android/dx/ssa/back/FirstFitLocalCombiningAllocator$Alignment;)I @ 60
Event: 38.010 Thread 0x0000000016e89000 Uncommon trap: reason=class_check action=maybe_recompile pc=0x00000000036ad224 method=com.android.dx.ssa.back.FirstFitLocalCombiningAllocator.findNextUnreservedRopReg(IILcom/android/dx/ssa/back/FirstFitLocalCombiningAllocator$Alignment;)I @ 60
Event: 41.672 Thread 0x0000000002e03000 Uncommon trap: reason=class_check action=maybe_recompile pc=0x0000000003023264 method=java.util.Arrays.hashCode([Ljava/lang/Object;)I @ 43
Event: 41.672 Thread 0x0000000002e03000 Uncommon trap: reason=class_check action=maybe_recompile pc=0x0000000003023264 method=java.util.Arrays.hashCode([Ljava/lang/Object;)I @ 43
Event: 41.673 Thread 0x0000000002e03000 Uncommon trap: reason=class_check action=maybe_recompile pc=0x0000000003023264 method=java.util.Arrays.hashCode([Ljava/lang/Object;)I @ 43
Event: 41.673 Thread 0x0000000002e03000 Uncommon trap: reason=class_check action=maybe_recompile pc=0x0000000003023264 method=java.util.Arrays.hashCode([Ljava/lang/Object;)I @ 43
Event: 41.673 Thread 0x0000000002e03000 Uncommon trap: reason=class_check action=maybe_recompile pc=0x00000000033b2d08 method=java.util.Arrays.hashCode([Ljava/lang/Object;)I @ 43

Internal exceptions (10 events):
Event: 26.609 Thread 0x0000000016e86000 Exception <a 'java/security/PrivilegedActionException'> (0x00000000ead92a30) thrown at [C:\workspace\8-2-build-windows-amd64-cygwin\jdk8u31\2394\hotspot\src\share\vm\prims\jvm.cpp, line 1312]
Event: 26.610 Thread 0x0000000016e86000 Exception <a 'java/security/PrivilegedActionException'> (0x00000000ead981e0) thrown at [C:\workspace\8-2-build-windows-amd64-cygwin\jdk8u31\2394\hotspot\src\share\vm\prims\jvm.cpp, line 1312]
Event: 26.611 Thread 0x0000000016e86000 Exception <a 'java/security/PrivilegedActionException'> (0x00000000ead9d718) thrown at [C:\workspace\8-2-build-windows-amd64-cygwin\jdk8u31\2394\hotspot\src\share\vm\prims\jvm.cpp, line 1312]
Event: 29.000 Thread 0x0000000002e03000 Exception <a 'java/security/PrivilegedActionException'> (0x00000000ec62fc28) thrown at [C:\workspace\8-2-build-windows-amd64-cygwin\jdk8u31\2394\hotspot\src\share\vm\prims\jvm.cpp, line 1312]
Event: 29.000 Thread 0x0000000002e03000 Exception <a 'java/security/PrivilegedActionException'> (0x00000000ec6321c8) thrown at [C:\workspace\8-2-build-windows-amd64-cygwin\jdk8u31\2394\hotspot\src\share\vm\prims\jvm.cpp, line 1312]
Event: 29.686 Thread 0x0000000016e86000 Exception <a 'java/lang/ArrayIndexOutOfBoundsException': 18> (0x00000000ecde8680) thrown at [C:\workspace\8-2-build-windows-amd64-cygwin\jdk8u31\2394\hotspot\src\share\vm\interpreter\interpreterRuntime.cpp, line 366]
Event: 29.687 Thread 0x0000000016e86000 Exception <a 'java/lang/ArrayIndexOutOfBoundsException'> (0x00000000ecdea118) thrown at [C:\workspace\8-2-build-windows-amd64-cygwin\jdk8u31\2394\hotspot\src\share\vm\runtime\sharedRuntime.cpp, line 604]
Event: 29.688 Thread 0x0000000016e86000 Exception <a 'java/lang/ArrayIndexOutOfBoundsException'> (0x00000000ecdeb330) thrown at [C:\workspace\8-2-build-windows-amd64-cygwin\jdk8u31\2394\hotspot\src\share\vm\runtime\sharedRuntime.cpp, line 604]
Event: 36.091 Thread 0x0000000002e03000 Exception <a 'java/security/PrivilegedActionException'> (0x00000000ed83d7a0) thrown at [C:\workspace\8-2-build-windows-amd64-cygwin\jdk8u31\2394\hotspot\src\share\vm\prims\jvm.cpp, line 1312]
Event: 41.687 Thread 0x0000000002e03000 Exception <a 'java/security/PrivilegedActionException'> (0x00000000eb2f5828) thrown at [C:\workspace\8-2-build-windows-amd64-cygwin\jdk8u31\2394\hotspot\src\share\vm\prims\jvm.cpp, line 1312]

Events (10 events):
Event: 41.673 Thread 0x0000000002e03000 DEOPT PACKING pc=0x0000000003023264 sp=0x0000000002dfed50
Event: 41.673 Thread 0x0000000002e03000 DEOPT UNPACKING pc=0x0000000002f4556a sp=0x0000000002dfec80 mode 2
Event: 41.673 Thread 0x0000000002e03000 Uncommon trap: trap_request=0xffffffde fr.pc=0x0000000003023264
Event: 41.673 Thread 0x0000000002e03000 DEOPT PACKING pc=0x0000000003023264 sp=0x0000000002dfed00
Event: 41.673 Thread 0x0000000002e03000 DEOPT UNPACKING pc=0x0000000002f4556a sp=0x0000000002dfec30 mode 2
Event: 41.673 Thread 0x0000000002e03000 Uncommon trap: trap_request=0xffffffde fr.pc=0x00000000033b2d08
Event: 41.673 Thread 0x0000000002e03000 DEOPT PACKING pc=0x00000000033b2d08 sp=0x0000000002dfecf0
Event: 41.673 Thread 0x0000000002e03000 DEOPT UNPACKING pc=0x0000000002f4556a sp=0x0000000002dfec78 mode 2
Event: 41.687 loading class com/android/dx/rop/cst/Zeroes
Event: 41.687 loading class com/android/dx/rop/cst/Zeroes done


Dynamic libraries:
0x00007ff6f73e0000 - 0x00007ff6f7414000 	E:\Program Files\Java\jdk1.8.0_31\bin\java.exe
0x00007ffa5c290000 - 0x00007ffa5c461000 	C:\WINDOWS\SYSTEM32\ntdll.dll
0x00007ffa5c050000 - 0x00007ffa5c0fb000 	C:\WINDOWS\System32\KERNEL32.DLL
0x00007ffa59470000 - 0x00007ffa5968d000 	C:\WINDOWS\System32\KERNELBASE.dll
0x00007ffa59830000 - 0x00007ffa598d2000 	C:\WINDOWS\System32\ADVAPI32.dll
0x00007ffa5c100000 - 0x00007ffa5c19e000 	C:\WINDOWS\System32\msvcrt.dll
0x00007ffa5c1b0000 - 0x00007ffa5c209000 	C:\WINDOWS\System32\sechost.dll
0x00007ffa5a2b0000 - 0x00007ffa5a3d1000 	C:\WINDOWS\System32\RPCRT4.dll
0x00007ffa5bb00000 - 0x00007ffa5bc65000 	C:\WINDOWS\System32\USER32.dll
0x00007ffa59700000 - 0x00007ffa5971e000 	C:\WINDOWS\System32\win32u.dll
0x00007ffa59a40000 - 0x00007ffa59a74000 	C:\WINDOWS\System32\GDI32.dll
0x00007ffa592e0000 - 0x00007ffa59462000 	C:\WINDOWS\System32\gdi32full.dll
0x00007ffa51860000 - 0x00007ffa51ad9000 	C:\WINDOWS\WinSxS\amd64_microsoft.windows.common-controls_6595b64144ccf1df_6.0.14393.447_none_42191651c6827bb3\COMCTL32.dll
0x00007ffa59a80000 - 0x00007ffa59d47000 	C:\WINDOWS\System32\combase.dll
0x00007ffa591e0000 - 0x00007ffa592d5000 	C:\WINDOWS\System32\ucrtbase.dll
0x00007ffa59690000 - 0x00007ffa596fa000 	C:\WINDOWS\System32\bcryptPrimitives.dll
0x00007ffa5a180000 - 0x00007ffa5a1ae000 	C:\WINDOWS\System32\IMM32.DLL
0x00007ffa585f0000 - 0x00007ffa58621000 	C:\Windows\system32\nvinitx.dll
0x00007ffa585e0000 - 0x00007ffa585ea000 	C:\WINDOWS\SYSTEM32\VERSION.dll
0x0000000057b80000 - 0x0000000057c52000 	E:\Program Files\Java\jdk1.8.0_31\jre\bin\msvcr100.dll
0x0000000055b50000 - 0x00000000563aa000 	E:\Program Files\Java\jdk1.8.0_31\jre\bin\server\jvm.dll
0x00007ffa59820000 - 0x00007ffa59828000 	C:\WINDOWS\System32\PSAPI.DLL
0x00007ffa49450000 - 0x00007ffa49459000 	C:\WINDOWS\SYSTEM32\WSOCK32.dll
0x00007ffa5bf80000 - 0x00007ffa5bfea000 	C:\WINDOWS\System32\WS2_32.dll
0x00007ffa56590000 - 0x00007ffa565b3000 	C:\WINDOWS\SYSTEM32\WINMM.dll
0x00007ffa56560000 - 0x00007ffa5658b000 	C:\WINDOWS\SYSTEM32\WINMMBASE.dll
0x00007ffa58830000 - 0x00007ffa58872000 	C:\WINDOWS\System32\cfgmgr32.dll
0x0000000057b70000 - 0x0000000057b7f000 	E:\Program Files\Java\jdk1.8.0_31\jre\bin\verify.dll
0x0000000057b40000 - 0x0000000057b68000 	E:\Program Files\Java\jdk1.8.0_31\jre\bin\java.dll
0x0000000057b20000 - 0x0000000057b36000 	E:\Program Files\Java\jdk1.8.0_31\jre\bin\zip.dll
0x00007ffa5a3e0000 - 0x00007ffa5b8e9000 	C:\WINDOWS\System32\SHELL32.dll
0x00007ffa58a50000 - 0x00007ffa5912a000 	C:\WINDOWS\System32\windows.storage.dll
0x00007ffa586f0000 - 0x00007ffa5873c000 	C:\WINDOWS\System32\powrprof.dll
0x00007ffa5c230000 - 0x00007ffa5c282000 	C:\WINDOWS\System32\shlwapi.dll
0x00007ffa58770000 - 0x00007ffa5877f000 	C:\WINDOWS\System32\kernel.appcore.dll
0x00007ffa59130000 - 0x00007ffa591d9000 	C:\WINDOWS\System32\shcore.dll
0x00007ffa58740000 - 0x00007ffa58754000 	C:\WINDOWS\System32\profapi.dll
0x00007ffa47400000 - 0x00007ffa47592000 	C:\WINDOWS\SYSTEM32\dbghelp.dll

VM Arguments:
jvm_args: -Djava.awt.headless=true -Xmx1024M -Dfile.encoding=GBK -Duser.country=CN -Duser.language=zh -Duser.variant 
java_command: com.android.dx.command.Main --dex --num-threads=4 --output E:\john_work\MV_085\app\build\intermediates\pre-dexed\debug\com.android.support-recyclerview-v7-23.4.0_e69fa6814f6c27ac6003e0e72738ffc092187a80.jar E:\john_work\MV_085\app\build\intermediates\exploded-aar\com.android.support\recyclerview-v7\23.4.0\jars\classes.jar
java_class_path (initial): E:\Android\sdk\build-tools\24.0.2\lib\dx.jar
Launcher Type: SUN_STANDARD

Environment Variables:
JAVA_HOME=E:\Program Files\Java\jdk1.8.0_31
CLASSPATH=.;E:\Program Files\Java\jdk1.8.0_31\lib;E:\Program Files\Java\jdk1.8.0_31\lib\tools.jar
PATH=C:\WINDOWS\system32;C:\WINDOWS;C:\WINDOWS\System32\Wbem;C:\WINDOWS\System32\WindowsPowerShell\v1.0\;C:\Program Files (x86)\NVIDIA Corporation\PhysX\Common;C:\Program Files\TortoiseSVN\bin;C:\WINDOWS\system32;C:\WINDOWS;C:\WINDOWS\System32\Wbem;C:\WINDOWS\System32\WindowsPowerShell\v1.0\;C:\Program Files (x86)\GtkSharp\2.12\bin;C:\WINDOWS\system32\config\systemprofile\.dnx\bin;C:\Program Files\Microsoft DNX\Dnvm\;C:\Program Files\Microsoft SQL Server\130\Tools\Binn\;E:\Android\sdk\platform-tools;E:\Android\sdk\platform-tools;E:\Program Files\TortoiseGit\bin;E:\Program Files\Java\jdk1.8.0_31\bin;C:\Python27;C:\Users\bzmoop\AppData\Local\Microsoft\WindowsApps;
USERNAME=bzmoop
OS=Windows_NT
PROCESSOR_IDENTIFIER=Intel64 Family 6 Model 58 Stepping 9, GenuineIntel



---------------  S Y S T E M  ---------------

OS: Windows 8.1 , 64 bit Build 9600 

CPU:total 4 (2 cores per cpu, 2 threads per core) family 6 model 58 stepping 9, cmov, cx8, fxsr, mmx, sse, sse2, sse3, ssse3, sse4.1, sse4.2, popcnt, avx, aes, clmul, erms, ht, tsc, tscinvbit, tscinv

Memory: 4k page, physical 12417384k(2561164k free), swap 12417384k(1860k free)

vm_info: Java HotSpot(TM) 64-Bit Server VM (25.31-b07) for windows-amd64 JRE (1.8.0_31-b13), built on Dec 17 2014 21:00:28 by "java_re" with MS VC++ 10.0 (VS2010)

time: Wed Dec 14 17:43:17 2016
elapsed time: 41 seconds (0d 0h 0m 41s)

