#
# There is insufficient memory for the Java Runtime Environment to continue.
# Native memory allocation (malloc) failed to allocate 32944 bytes for Chunk::new
# Possible reasons:
#   The system is out of physical RAM or swap space
#   In 32 bit mode, the process size limit was hit
# Possible solutions:
#   Reduce memory load on the system
#   Increase physical memory or swap space
#   Check if swap backing store is full
#   Use 64 bit Java on a 64 bit OS
#   Decrease Java heap size (-Xmx/-Xms)
#   Decrease number of Java threads
#   Decrease Java thread stack sizes (-Xss)
#   Set larger code cache with -XX:ReservedCodeCacheSize=
# This output file may be truncated or incomplete.
#
#  Out of Memory Error (allocation.cpp:390), pid=17012, tid=12136
#
# JRE version: Java(TM) SE Runtime Environment (8.0_31-b13) (build 1.8.0_31-b13)
# Java VM: Java HotSpot(TM) 64-Bit Server VM (25.31-b07 mixed mode windows-amd64 compressed oops)
# Failed to write core dump. Minidumps are not enabled by default on client versions of Windows
#

---------------  T H R E A D  ---------------

Current thread (0x000000001513b800):  JavaThread "C2 CompilerThread1" daemon [_thread_in_native, id=12136, stack(0x0000000016740000,0x0000000016840000)]

Stack: [0x0000000016740000,0x0000000016840000]
Native frames: (J=compiled Java code, j=interpreted, Vv=VM code, C=native code)
V  [jvm.dll+0x3169ba]
V  [jvm.dll+0x2674c3]
V  [jvm.dll+0x268103]
V  [jvm.dll+0x25f8f5]
V  [jvm.dll+0xbf025]
V  [jvm.dll+0xbf4cc]
V  [jvm.dll+0x479917]
V  [jvm.dll+0x446e60]
V  [jvm.dll+0x451bce]
V  [jvm.dll+0x4541b8]
V  [jvm.dll+0x437c62]
V  [jvm.dll+0x988e2]
V  [jvm.dll+0x990d3]
V  [jvm.dll+0x22c194]
V  [jvm.dll+0x28576a]
C  [msvcr100.dll+0x21d9f]
C  [msvcr100.dll+0x21e3b]
C  [KERNEL32.DLL+0x8364]
C  [ntdll.dll+0x65e91]


Current CompileTask:
C2:  42467 2813 %     4       com.android.dx.dex.code.DalvInsnList::getOutsSize @ 9 (105 bytes)


---------------  P R O C E S S  ---------------

Java Threads: ( => current thread )
  0x0000000016897000 JavaThread "Service Thread" daemon [_thread_blocked, id=16280, stack(0x0000000016d40000,0x0000000016e40000)]
  0x000000001688d800 JavaThread "C1 CompilerThread2" daemon [_thread_in_native, id=11876, stack(0x0000000016c40000,0x0000000016d40000)]
=>0x000000001513b800 JavaThread "C2 CompilerThread1" daemon [_thread_in_native, id=12136, stack(0x0000000016740000,0x0000000016840000)]
  0x0000000015139800 JavaThread "C2 CompilerThread0" daemon [_thread_blocked, id=17108, stack(0x0000000016640000,0x0000000016740000)]
  0x00000000150ed800 JavaThread "Attach Listener" daemon [_thread_blocked, id=17168, stack(0x0000000016540000,0x0000000016640000)]
  0x00000000150ec800 JavaThread "Signal Dispatcher" daemon [_thread_blocked, id=17164, stack(0x0000000016440000,0x0000000016540000)]
  0x00000000029cf000 JavaThread "Finalizer" daemon [_thread_blocked, id=16488, stack(0x0000000016330000,0x0000000016430000)]
  0x00000000029cc000 JavaThread "Reference Handler" daemon [_thread_blocked, id=17404, stack(0x0000000016230000,0x0000000016330000)]
  0x00000000028e1000 JavaThread "main" [_thread_in_vm, id=17068, stack(0x00000000026d0000,0x00000000027d0000)]

Other Threads:
  0x00000000150a6800 VMThread [stack: 0x0000000016130000,0x0000000016230000] [id=17384]
  0x0000000016899000 WatcherThread [stack: 0x0000000016e40000,0x0000000016f40000] [id=15296]

VM state:not at safepoint (normal execution)

VM Mutex/Monitor currently owned by a thread: None

Heap:
 PSYoungGen      total 105984K, used 93553K [0x00000000eab00000, 0x00000000f7a00000, 0x0000000100000000)
  eden space 98304K, 87% used [0x00000000eab00000,0x00000000efedf7d8,0x00000000f0b00000)
  from space 7680K, 99% used [0x00000000f0b00000,0x00000000f127cc38,0x00000000f1280000)
  to   space 7680K, 0% used [0x00000000f7280000,0x00000000f7280000,0x00000000f7a00000)
 ParOldGen       total 130048K, used 22750K [0x00000000c0000000, 0x00000000c7f00000, 0x00000000eab00000)
  object space 130048K, 17% used [0x00000000c0000000,0x00000000c1637b78,0x00000000c7f00000)
 Metaspace       used 6911K, capacity 7672K, committed 7936K, reserved 1056768K
  class space    used 636K, capacity 688K, committed 768K, reserved 1048576K

Card table byte_map: [0x0000000011db0000,0x0000000011fc0000] byte_map_base: 0x00000000117b0000

Marking Bits: (ParMarkBitMap*) 0x000000005632d4f0
 Begin Bits: [0x0000000012520000, 0x0000000013520000)
 End Bits:   [0x0000000013520000, 0x0000000014520000)

Polling page: 0x0000000000c50000

CodeCache: size=245760Kb used=11208Kb max_used=11208Kb free=234551Kb
 bounds [0x00000000029f0000, 0x00000000034f0000, 0x00000000119f0000]
 total_blobs=2702 nmethods=2434 adapters=181
 compilation: enabled

Compilation events (10 events):
Event: 42.430 Thread 0x000000001688d800 nmethod 2811 0x00000000030c0950 code [0x00000000030c0ae0, 0x00000000030c0f18]
Event: 42.430 Thread 0x000000001688d800 2812   !   3       com.android.dx.dex.file.CodeItem::writeCodes (50 bytes)
Event: 42.430 Thread 0x000000001688d800 nmethod 2812 0x00000000030bf810 code [0x00000000030bfa20, 0x00000000030c0448]
Event: 42.430 Thread 0x000000001688d800 2805       3       com.android.dx.dex.file.CodeItem::getRegistersSize (11 bytes)
Event: 42.431 Thread 0x000000001688d800 nmethod 2805 0x00000000030bf250 code [0x00000000030bf3c0, 0x00000000030bf6e8]
Event: 42.431 Thread 0x000000001688d800 2808       3       com.android.dx.dex.code.form.Form20t::codeSize (2 bytes)
Event: 42.431 Thread 0x000000001688d800 nmethod 2808 0x00000000030bef10 code [0x00000000030bf060, 0x00000000030bf1b0]
Event: 42.431 Thread 0x000000001688d800 2814       3       com.android.dx.dex.code.form.Form21t::writeTo (34 bytes)
Event: 42.432 Thread 0x000000001688d800 nmethod 2814 0x00000000030bdb90 code [0x00000000030bdda0, 0x00000000030be998]
Event: 42.432 Thread 0x0000000015139800 2815 % !   4       com.android.dx.dex.code.DalvInsnList::writeTo @ 132 (254 bytes)

GC Heap History (6 events):
Event: 3.776 GC heap before
{Heap before GC invocations=1 (full 0):
 PSYoungGen      total 56832K, used 49152K [0x00000000eab00000, 0x00000000eea00000, 0x0000000100000000)
  eden space 49152K, 100% used [0x00000000eab00000,0x00000000edb00000,0x00000000edb00000)
  from space 7680K, 0% used [0x00000000ee280000,0x00000000ee280000,0x00000000eea00000)
  to   space 7680K, 0% used [0x00000000edb00000,0x00000000edb00000,0x00000000ee280000)
 ParOldGen       total 130048K, used 0K [0x00000000c0000000, 0x00000000c7f00000, 0x00000000eab00000)
  object space 130048K, 0% used [0x00000000c0000000,0x00000000c0000000,0x00000000c7f00000)
 Metaspace       used 6048K, capacity 7024K, committed 7296K, reserved 1056768K
  class space    used 591K, capacity 616K, committed 640K, reserved 1048576K
Event: 3.821 GC heap after
Heap after GC invocations=1 (full 0):
 PSYoungGen      total 56832K, used 7671K [0x00000000eab00000, 0x00000000f1a00000, 0x0000000100000000)
  eden space 49152K, 0% used [0x00000000eab00000,0x00000000eab00000,0x00000000edb00000)
  from space 7680K, 99% used [0x00000000edb00000,0x00000000ee27de98,0x00000000ee280000)
  to   space 7680K, 0% used [0x00000000f1280000,0x00000000f1280000,0x00000000f1a00000)
 ParOldGen       total 130048K, used 1039K [0x00000000c0000000, 0x00000000c7f00000, 0x00000000eab00000)
  object space 130048K, 0% used [0x00000000c0000000,0x00000000c0103e48,0x00000000c7f00000)
 Metaspace       used 6048K, capacity 7024K, committed 7296K, reserved 1056768K
  class space    used 591K, capacity 616K, committed 640K, reserved 1048576K
}
Event: 7.671 GC heap before
{Heap before GC invocations=2 (full 0):
 PSYoungGen      total 56832K, used 56823K [0x00000000eab00000, 0x00000000f1a00000, 0x0000000100000000)
  eden space 49152K, 100% used [0x00000000eab00000,0x00000000edb00000,0x00000000edb00000)
  from space 7680K, 99% used [0x00000000edb00000,0x00000000ee27de98,0x00000000ee280000)
  to   space 7680K, 0% used [0x00000000f1280000,0x00000000f1280000,0x00000000f1a00000)
 ParOldGen       total 130048K, used 1039K [0x00000000c0000000, 0x00000000c7f00000, 0x00000000eab00000)
  object space 130048K, 0% used [0x00000000c0000000,0x00000000c0103e48,0x00000000c7f00000)
 Metaspace       used 6202K, capacity 7088K, committed 7296K, reserved 1056768K
  class space    used 592K, capacity 616K, committed 640K, reserved 1048576K
Event: 8.095 GC heap after
Heap after GC invocations=2 (full 0):
 PSYoungGen      total 105984K, used 7671K [0x00000000eab00000, 0x00000000f1a00000, 0x0000000100000000)
  eden space 98304K, 0% used [0x00000000eab00000,0x00000000eab00000,0x00000000f0b00000)
  from space 7680K, 99% used [0x00000000f1280000,0x00000000f19fdeb0,0x00000000f1a00000)
  to   space 7680K, 0% used [0x00000000f0b00000,0x00000000f0b00000,0x00000000f1280000)
 ParOldGen       total 130048K, used 7711K [0x00000000c0000000, 0x00000000c7f00000, 0x00000000eab00000)
  object space 130048K, 5% used [0x00000000c0000000,0x00000000c0787c10,0x00000000c7f00000)
 Metaspace       used 6202K, capacity 7088K, committed 7296K, reserved 1056768K
  class space    used 592K, capacity 616K, committed 640K, reserved 1048576K
}
Event: 14.892 GC heap before
{Heap before GC invocations=3 (full 0):
 PSYoungGen      total 105984K, used 105975K [0x00000000eab00000, 0x00000000f1a00000, 0x0000000100000000)
  eden space 98304K, 100% used [0x00000000eab00000,0x00000000f0b00000,0x00000000f0b00000)
  from space 7680K, 99% used [0x00000000f1280000,0x00000000f19fdeb0,0x00000000f1a00000)
  to   space 7680K, 0% used [0x00000000f0b00000,0x00000000f0b00000,0x00000000f1280000)
 ParOldGen       total 130048K, used 7711K [0x00000000c0000000, 0x00000000c7f00000, 0x00000000eab00000)
  object space 130048K, 5% used [0x00000000c0000000,0x00000000c0787c10,0x00000000c7f00000)
 Metaspace       used 6407K, capacity 7192K, committed 7424K, reserved 1056768K
  class space    used 612K, capacity 656K, committed 768K, reserved 1048576K
Event: 18.076 GC heap after
Heap after GC invocations=3 (full 0):
 PSYoungGen      total 105984K, used 7667K [0x00000000eab00000, 0x00000000f7a00000, 0x0000000100000000)
  eden space 98304K, 0% used [0x00000000eab00000,0x00000000eab00000,0x00000000f0b00000)
  from space 7680K, 99% used [0x00000000f0b00000,0x00000000f127cc38,0x00000000f1280000)
  to   space 7680K, 0% used [0x00000000f7280000,0x00000000f7280000,0x00000000f7a00000)
 ParOldGen       total 130048K, used 22750K [0x00000000c0000000, 0x00000000c7f00000, 0x00000000eab00000)
  object space 130048K, 17% used [0x00000000c0000000,0x00000000c1637b78,0x00000000c7f00000)
 Metaspace       used 6407K, capacity 7192K, committed 7424K, reserved 1056768K
  class space    used 612K, capacity 656K, committed 768K, reserved 1048576K
}

Deoptimization events (10 events):
Event: 23.305 Thread 0x00000000028e1000 Uncommon trap: reason=bimorphic action=maybe_recompile pc=0x000000000347401c method=java.util.Arrays.hashCode([Ljava/lang/Object;)I @ 43
Event: 25.407 Thread 0x00000000028e1000 Uncommon trap: reason=unreached action=reinterpret pc=0x00000000034a202c method=com.android.dx.dex.code.OutputFinisher.addConstants(Ljava/util/HashSet;Lcom/android/dx/rop/code/RegisterSpec;)V @ 57
Event: 25.407 Thread 0x00000000028e1000 Uncommon trap: reason=unreached action=reinterpret pc=0x00000000034ace48 method=com.android.dx.dex.code.OutputFinisher.addConstants(Ljava/util/HashSet;Lcom/android/dx/rop/code/RegisterSpec;)V @ 57
Event: 30.460 Thread 0x00000000028e1000 Uncommon trap: reason=speculate_class_check action=maybe_recompile pc=0x0000000002db912c method=com.android.dx.util.FixedSizeList.equals(Ljava/lang/Object;)Z @ 25
Event: 30.460 Thread 0x00000000028e1000 Uncommon trap: reason=speculate_class_check action=maybe_recompile pc=0x0000000002db912c method=com.android.dx.util.FixedSizeList.equals(Ljava/lang/Object;)Z @ 25
Event: 30.460 Thread 0x00000000028e1000 Uncommon trap: reason=speculate_class_check action=maybe_recompile pc=0x0000000002db912c method=com.android.dx.util.FixedSizeList.equals(Ljava/lang/Object;)Z @ 25
Event: 30.460 Thread 0x00000000028e1000 Uncommon trap: reason=speculate_class_check action=maybe_recompile pc=0x0000000002db912c method=com.android.dx.util.FixedSizeList.equals(Ljava/lang/Object;)Z @ 25
Event: 31.999 Thread 0x00000000028e1000 Uncommon trap: reason=unreached action=reinterpret pc=0x0000000002db5fb8 method=com.android.dx.dex.code.OutputFinisher.findOpcodeForInsn(Lcom/android/dx/dex/code/DalvInsn;Lcom/android/dx/dex/code/Dop;)Lcom/android/dx/dex/code/Dop; @ 1
Event: 36.351 Thread 0x00000000028e1000 Uncommon trap: reason=class_check action=maybe_recompile pc=0x0000000002dcbfbc method=com.android.dx.dex.code.form.Form35c.isCompatible(Lcom/android/dx/dex/code/DalvInsn;)Z @ 36
Event: 37.694 Thread 0x00000000028e1000 Uncommon trap: reason=class_check action=maybe_recompile pc=0x0000000002dcbfbc method=com.android.dx.dex.code.form.Form35c.isCompatible(Lcom/android/dx/dex/code/DalvInsn;)Z @ 36

Internal exceptions (10 events):
Event: 30.460 Thread 0x00000000028e1000 Exception <a 'java/security/PrivilegedActionException'> (0x00000000ef39dcd8) thrown at [C:\workspace\8-2-build-windows-amd64-cygwin\jdk8u31\2394\hotspot\src\share\vm\prims\jvm.cpp, line 1312]
Event: 30.461 Thread 0x00000000028e1000 Exception <a 'java/security/PrivilegedActionException'> (0x00000000ef3a0ce0) thrown at [C:\workspace\8-2-build-windows-amd64-cygwin\jdk8u31\2394\hotspot\src\share\vm\prims\jvm.cpp, line 1312]
Event: 32.000 Thread 0x00000000028e1000 Exception <a 'java/security/PrivilegedActionException'> (0x00000000ef3f6a60) thrown at [C:\workspace\8-2-build-windows-amd64-cygwin\jdk8u31\2394\hotspot\src\share\vm\prims\jvm.cpp, line 1312]
Event: 39.522 Thread 0x00000000028e1000 Exception <a 'java/security/PrivilegedActionException'> (0x00000000efa96f90) thrown at [C:\workspace\8-2-build-windows-amd64-cygwin\jdk8u31\2394\hotspot\src\share\vm\prims\jvm.cpp, line 1312]
Event: 39.524 Thread 0x00000000028e1000 Exception <a 'java/security/PrivilegedActionException'> (0x00000000efaa2c50) thrown at [C:\workspace\8-2-build-windows-amd64-cygwin\jdk8u31\2394\hotspot\src\share\vm\prims\jvm.cpp, line 1312]
Event: 39.525 Thread 0x00000000028e1000 Exception <a 'java/security/PrivilegedActionException'> (0x00000000efaa5718) thrown at [C:\workspace\8-2-build-windows-amd64-cygwin\jdk8u31\2394\hotspot\src\share\vm\prims\jvm.cpp, line 1312]
Event: 40.840 Thread 0x00000000028e1000 Exception <a 'java/security/PrivilegedActionException'> (0x00000000efd86d00) thrown at [C:\workspace\8-2-build-windows-amd64-cygwin\jdk8u31\2394\hotspot\src\share\vm\prims\jvm.cpp, line 1312]
Event: 40.890 Thread 0x00000000028e1000 Exception <a 'java/security/PrivilegedActionException'> (0x00000000efe5bff0) thrown at [C:\workspace\8-2-build-windows-amd64-cygwin\jdk8u31\2394\hotspot\src\share\vm\prims\jvm.cpp, line 1312]
Event: 40.891 Thread 0x00000000028e1000 Exception <a 'java/security/PrivilegedActionException'> (0x00000000efe61390) thrown at [C:\workspace\8-2-build-windows-amd64-cygwin\jdk8u31\2394\hotspot\src\share\vm\prims\jvm.cpp, line 1312]
Event: 41.638 Thread 0x00000000028e1000 Exception <a 'java/security/PrivilegedActionException'> (0x00000000efe66d10) thrown at [C:\workspace\8-2-build-windows-amd64-cygwin\jdk8u31\2394\hotspot\src\share\vm\prims\jvm.cpp, line 1312]

Events (10 events):
Event: 39.525 loading class com/android/dx/dex/file/DebugInfoEncoder$2
Event: 39.525 loading class com/android/dx/dex/file/DebugInfoEncoder$2 done
Event: 40.840 loading class com/android/dex/EncodedValueCodec
Event: 40.840 loading class com/android/dex/EncodedValueCodec done
Event: 40.890 loading class com/android/dx/dex/file/MapItem
Event: 40.890 loading class com/android/dx/dex/file/MapItem done
Event: 40.891 loading class com/android/dx/dex/file/UniformListItem
Event: 40.891 loading class com/android/dx/dex/file/UniformListItem done
Event: 41.637 loading class com/android/dex/DexFormat
Event: 41.637 loading class com/android/dex/DexFormat done


Dynamic libraries:
0x00007ff6f73e0000 - 0x00007ff6f7414000 	E:\Program Files\Java\jdk1.8.0_31\bin\java.exe
0x00007ffa5c290000 - 0x00007ffa5c461000 	C:\WINDOWS\SYSTEM32\ntdll.dll
0x00007ffa5c050000 - 0x00007ffa5c0fb000 	C:\WINDOWS\System32\KERNEL32.DLL
0x00007ffa59470000 - 0x00007ffa5968d000 	C:\WINDOWS\System32\KERNELBASE.dll
0x00007ffa59830000 - 0x00007ffa598d2000 	C:\WINDOWS\System32\ADVAPI32.dll
0x00007ffa5c100000 - 0x00007ffa5c19e000 	C:\WINDOWS\System32\msvcrt.dll
0x00007ffa5c1b0000 - 0x00007ffa5c209000 	C:\WINDOWS\System32\sechost.dll
0x00007ffa5a2b0000 - 0x00007ffa5a3d1000 	C:\WINDOWS\System32\RPCRT4.dll
0x00007ffa5bb00000 - 0x00007ffa5bc65000 	C:\WINDOWS\System32\USER32.dll
0x00007ffa59700000 - 0x00007ffa5971e000 	C:\WINDOWS\System32\win32u.dll
0x00007ffa59a40000 - 0x00007ffa59a74000 	C:\WINDOWS\System32\GDI32.dll
0x00007ffa592e0000 - 0x00007ffa59462000 	C:\WINDOWS\System32\gdi32full.dll
0x00007ffa51860000 - 0x00007ffa51ad9000 	C:\WINDOWS\WinSxS\amd64_microsoft.windows.common-controls_6595b64144ccf1df_6.0.14393.447_none_42191651c6827bb3\COMCTL32.dll
0x00007ffa59a80000 - 0x00007ffa59d47000 	C:\WINDOWS\System32\combase.dll
0x00007ffa591e0000 - 0x00007ffa592d5000 	C:\WINDOWS\System32\ucrtbase.dll
0x00007ffa59690000 - 0x00007ffa596fa000 	C:\WINDOWS\System32\bcryptPrimitives.dll
0x00007ffa5a180000 - 0x00007ffa5a1ae000 	C:\WINDOWS\System32\IMM32.DLL
0x00007ffa585f0000 - 0x00007ffa58621000 	C:\Windows\system32\nvinitx.dll
0x00007ffa585e0000 - 0x00007ffa585ea000 	C:\WINDOWS\SYSTEM32\VERSION.dll
0x0000000057b80000 - 0x0000000057c52000 	E:\Program Files\Java\jdk1.8.0_31\jre\bin\msvcr100.dll
0x0000000055b50000 - 0x00000000563aa000 	E:\Program Files\Java\jdk1.8.0_31\jre\bin\server\jvm.dll
0x00007ffa59820000 - 0x00007ffa59828000 	C:\WINDOWS\System32\PSAPI.DLL
0x00007ffa49450000 - 0x00007ffa49459000 	C:\WINDOWS\SYSTEM32\WSOCK32.dll
0x00007ffa5bf80000 - 0x00007ffa5bfea000 	C:\WINDOWS\System32\WS2_32.dll
0x00007ffa56590000 - 0x00007ffa565b3000 	C:\WINDOWS\SYSTEM32\WINMM.dll
0x00007ffa56560000 - 0x00007ffa5658b000 	C:\WINDOWS\SYSTEM32\WINMMBASE.dll
0x00007ffa58830000 - 0x00007ffa58872000 	C:\WINDOWS\System32\cfgmgr32.dll
0x0000000057b70000 - 0x0000000057b7f000 	E:\Program Files\Java\jdk1.8.0_31\jre\bin\verify.dll
0x0000000057b40000 - 0x0000000057b68000 	E:\Program Files\Java\jdk1.8.0_31\jre\bin\java.dll
0x0000000057b20000 - 0x0000000057b36000 	E:\Program Files\Java\jdk1.8.0_31\jre\bin\zip.dll
0x00007ffa5a3e0000 - 0x00007ffa5b8e9000 	C:\WINDOWS\System32\SHELL32.dll
0x00007ffa58a50000 - 0x00007ffa5912a000 	C:\WINDOWS\System32\windows.storage.dll
0x00007ffa586f0000 - 0x00007ffa5873c000 	C:\WINDOWS\System32\powrprof.dll
0x00007ffa5c230000 - 0x00007ffa5c282000 	C:\WINDOWS\System32\shlwapi.dll
0x00007ffa58770000 - 0x00007ffa5877f000 	C:\WINDOWS\System32\kernel.appcore.dll
0x00007ffa59130000 - 0x00007ffa591d9000 	C:\WINDOWS\System32\shcore.dll
0x00007ffa58740000 - 0x00007ffa58754000 	C:\WINDOWS\System32\profapi.dll
0x00007ffa47400000 - 0x00007ffa47592000 	C:\WINDOWS\SYSTEM32\dbghelp.dll

VM Arguments:
jvm_args: -Djava.awt.headless=true -Xmx1024M -Dfile.encoding=GBK -Duser.country=CN -Duser.language=zh -Duser.variant 
java_command: com.android.dx.command.Main --dex --num-threads=4 --output E:\john_work\MV_085\app\build\intermediates\pre-dexed\debug\debug_59ec8aa13df5cc16c7c22342803a4f64ba423538.jar E:\john_work\MV_085\app\build\intermediates\classes\debug
java_class_path (initial): E:\Android\sdk\build-tools\24.0.2\lib\dx.jar
Launcher Type: SUN_STANDARD

Environment Variables:
JAVA_HOME=E:\Program Files\Java\jdk1.8.0_31
CLASSPATH=.;E:\Program Files\Java\jdk1.8.0_31\lib;E:\Program Files\Java\jdk1.8.0_31\lib\tools.jar
PATH=C:\WINDOWS\system32;C:\WINDOWS;C:\WINDOWS\System32\Wbem;C:\WINDOWS\System32\WindowsPowerShell\v1.0\;C:\Program Files (x86)\NVIDIA Corporation\PhysX\Common;C:\Program Files\TortoiseSVN\bin;C:\WINDOWS\system32;C:\WINDOWS;C:\WINDOWS\System32\Wbem;C:\WINDOWS\System32\WindowsPowerShell\v1.0\;C:\Program Files (x86)\GtkSharp\2.12\bin;C:\WINDOWS\system32\config\systemprofile\.dnx\bin;C:\Program Files\Microsoft DNX\Dnvm\;C:\Program Files\Microsoft SQL Server\130\Tools\Binn\;E:\Android\sdk\platform-tools;E:\Android\sdk\platform-tools;E:\Program Files\TortoiseGit\bin;E:\Program Files\Java\jdk1.8.0_31\bin;C:\Python27;C:\Users\bzmoop\AppData\Local\Microsoft\WindowsApps;
USERNAME=bzmoop
OS=Windows_NT
PROCESSOR_IDENTIFIER=Intel64 Family 6 Model 58 Stepping 9, GenuineIntel



---------------  S Y S T E M  ---------------

OS: Windows 8.1 , 64 bit Build 9600 

CPU:total 4 (2 cores per cpu, 2 threads per core) family 6 model 58 stepping 9, cmov, cx8, fxsr, mmx, sse, sse2, sse3, ssse3, sse4.1, sse4.2, popcnt, avx, aes, clmul, erms, ht, tsc, tscinvbit, tscinv

Memory: 4k page, physical 12417384k(2537784k free), swap 12417384k(1844k free)

vm_info: Java HotSpot(TM) 64-Bit Server VM (25.31-b07) for windows-amd64 JRE (1.8.0_31-b13), built on Dec 17 2014 21:00:28 by "java_re" with MS VC++ 10.0 (VS2010)

time: Wed Dec 14 17:43:17 2016
elapsed time: 42 seconds (0d 0h 0m 42s)

