#
# There is insufficient memory for the Java Runtime Environment to continue.
# Native memory allocation (malloc) failed to allocate 1227536 bytes for Chunk::new
# Possible reasons:
#   The system is out of physical RAM or swap space
#   In 32 bit mode, the process size limit was hit
# Possible solutions:
#   Reduce memory load on the system
#   Increase physical memory or swap space
#   Check if swap backing store is full
#   Use 64 bit Java on a 64 bit OS
#   Decrease Java heap size (-Xmx/-Xms)
#   Decrease number of Java threads
#   Decrease Java thread stack sizes (-Xss)
#   Set larger code cache with -XX:ReservedCodeCacheSize=
# This output file may be truncated or incomplete.
#
#  Out of Memory Error (allocation.cpp:390), pid=11348, tid=11296
#
# JRE version: Java(TM) SE Runtime Environment (8.0_31-b13) (build 1.8.0_31-b13)
# Java VM: Java HotSpot(TM) 64-Bit Server VM (25.31-b07 mixed mode windows-amd64 compressed oops)
# Failed to write core dump. Minidumps are not enabled by default on client versions of Windows
#

---------------  T H R E A D  ---------------

Current thread (0x000000001500d000):  JavaThread "C2 CompilerThread1" daemon [_thread_in_native, id=11296, stack(0x0000000016a00000,0x0000000016b00000)]

Stack: [0x0000000016a00000,0x0000000016b00000]
Native frames: (J=compiled Java code, j=interpreted, Vv=VM code, C=native code)
V  [jvm.dll+0x3169ba]
V  [jvm.dll+0x2674c3]
V  [jvm.dll+0x268103]
V  [jvm.dll+0x25f8f5]
V  [jvm.dll+0xbf025]
V  [jvm.dll+0xbf4cc]
V  [jvm.dll+0x479917]
V  [jvm.dll+0x446e60]
V  [jvm.dll+0x451bce]
V  [jvm.dll+0x4541b8]
V  [jvm.dll+0x437c62]
V  [jvm.dll+0x988e2]
V  [jvm.dll+0x990d3]
V  [jvm.dll+0x22c194]
V  [jvm.dll+0x28576a]
C  [msvcr100.dll+0x21d9f]
C  [msvcr100.dll+0x21e3b]
C  [KERNEL32.DLL+0x8364]
C  [ntdll.dll+0x65e91]


Current CompileTask:
C2:   6809 1568   !   4       com.android.dx.cf.code.Ropper::processBlock (1101 bytes)


---------------  P R O C E S S  ---------------

Java Threads: ( => current thread )
  0x000000001685c000 JavaThread "pool-1-thread-4" [_thread_blocked, id=1644, stack(0x0000000017a00000,0x0000000017b00000)]
  0x0000000016854000 JavaThread "pool-1-thread-3" [_thread_in_Java, id=6200, stack(0x0000000017900000,0x0000000017a00000)]
  0x0000000016853800 JavaThread "pool-1-thread-2" [_thread_in_Java, id=18136, stack(0x0000000017800000,0x0000000017900000)]
  0x0000000016870800 JavaThread "pool-2-thread-1" [_thread_blocked, id=17224, stack(0x0000000017700000,0x0000000017800000)]
  0x0000000016870000 JavaThread "pool-1-thread-1" [_thread_blocked, id=14168, stack(0x0000000017600000,0x0000000017700000)]
  0x0000000016651800 JavaThread "Service Thread" daemon [_thread_blocked, id=228, stack(0x0000000016c00000,0x0000000016d00000)]
  0x000000001664f000 JavaThread "C1 CompilerThread2" daemon [_thread_blocked, id=13940, stack(0x0000000016b00000,0x0000000016c00000)]
=>0x000000001500d000 JavaThread "C2 CompilerThread1" daemon [_thread_in_native, id=11296, stack(0x0000000016a00000,0x0000000016b00000)]
  0x000000001500b000 JavaThread "C2 CompilerThread0" daemon [_thread_in_native, id=16928, stack(0x0000000016500000,0x0000000016600000)]
  0x0000000015009800 JavaThread "Attach Listener" daemon [_thread_blocked, id=14620, stack(0x0000000016400000,0x0000000016500000)]
  0x0000000014fbe000 JavaThread "Signal Dispatcher" daemon [_thread_blocked, id=6596, stack(0x0000000016300000,0x0000000016400000)]
  0x00000000028cf000 JavaThread "Finalizer" daemon [_thread_blocked, id=1680, stack(0x0000000016200000,0x0000000016300000)]
  0x00000000028cc000 JavaThread "Reference Handler" daemon [_thread_blocked, id=2016, stack(0x0000000016100000,0x0000000016200000)]
  0x00000000027e3000 JavaThread "main" [_thread_blocked, id=18256, stack(0x00000000026e0000,0x00000000027e0000)]

Other Threads:
  0x0000000014f77000 VMThread [stack: 0x0000000016000000,0x0000000016100000] [id=17548]
  0x0000000016654000 WatcherThread [stack: 0x0000000016d00000,0x0000000016e00000] [id=16296]

VM state:not at safepoint (normal execution)

VM Mutex/Monitor currently owned by a thread: None

Heap:
 PSYoungGen      total 56832K, used 49189K [0x00000000eab00000, 0x00000000f1a00000, 0x0000000100000000)
  eden space 49152K, 84% used [0x00000000eab00000,0x00000000ed38d0b0,0x00000000edb00000)
  from space 7680K, 99% used [0x00000000edb00000,0x00000000ee27c488,0x00000000ee280000)
  to   space 7680K, 0% used [0x00000000f1280000,0x00000000f1280000,0x00000000f1a00000)
 ParOldGen       total 130048K, used 1207K [0x00000000c0000000, 0x00000000c7f00000, 0x00000000eab00000)
  object space 130048K, 0% used [0x00000000c0000000,0x00000000c012dcf8,0x00000000c7f00000)
 Metaspace       used 6295K, capacity 7128K, committed 7424K, reserved 1056768K
  class space    used 613K, capacity 656K, committed 768K, reserved 1048576K

Card table byte_map: [0x0000000011ca0000,0x0000000011eb0000] byte_map_base: 0x00000000116a0000

Marking Bits: (ParMarkBitMap*) 0x000000005ac6d4f0
 Begin Bits: [0x0000000012410000, 0x0000000013410000)
 End Bits:   [0x0000000013410000, 0x0000000014410000)

Polling page: 0x0000000002320000

CodeCache: size=245760Kb used=6904Kb max_used=6924Kb free=238855Kb
 bounds [0x00000000028e0000, 0x0000000002fb0000, 0x00000000118e0000]
 total_blobs=1916 nmethods=1650 adapters=180
 compilation: enabled

Compilation events (10 events):
Event: 6.556 Thread 0x000000001664f000 1676       2       com.android.dx.cf.attrib.AttSignature::byteLength (3 bytes)
Event: 6.556 Thread 0x000000001664f000 nmethod 1676 0x0000000002f8e450 code [0x0000000002f8e5a0, 0x0000000002f8e6f0]
Event: 6.556 Thread 0x000000001664f000 1677       2       java.util.concurrent.locks.AbstractQueuedSynchronizer::acquire (27 bytes)
Event: 6.557 Thread 0x000000001664f000 nmethod 1677 0x0000000002f8e790 code [0x0000000002f8e920, 0x0000000002f8eb38]
Event: 6.557 Thread 0x000000001664f000 1678       2       java.util.concurrent.locks.ReentrantLock$Sync::tryRelease (45 bytes)
Event: 6.557 Thread 0x000000001664f000 nmethod 1678 0x0000000002f8ec50 code [0x0000000002f8edc0, 0x0000000002f8efe8]
Event: 6.557 Thread 0x000000001664f000 1679       2       java.util.concurrent.ThreadPoolExecutor::isRunning (10 bytes)
Event: 6.557 Thread 0x000000001664f000 nmethod 1679 0x0000000002f8f090 code [0x0000000002f8f1e0, 0x0000000002f8f310]
Event: 6.701 Thread 0x000000001500b000 nmethod 1611 0x0000000002f96e90 code [0x0000000002f97400, 0x0000000002f9bff0]
Event: 6.702 Thread 0x000000001500b000 1652   !   4       com.android.dx.rop.code.RegisterSpec::intern (70 bytes)

GC Heap History (2 events):
Event: 3.848 GC heap before
{Heap before GC invocations=1 (full 0):
 PSYoungGen      total 56832K, used 49152K [0x00000000eab00000, 0x00000000eea00000, 0x0000000100000000)
  eden space 49152K, 100% used [0x00000000eab00000,0x00000000edb00000,0x00000000edb00000)
  from space 7680K, 0% used [0x00000000ee280000,0x00000000ee280000,0x00000000eea00000)
  to   space 7680K, 0% used [0x00000000edb00000,0x00000000edb00000,0x00000000ee280000)
 ParOldGen       total 130048K, used 0K [0x00000000c0000000, 0x00000000c7f00000, 0x00000000eab00000)
  object space 130048K, 0% used [0x00000000c0000000,0x00000000c0000000,0x00000000c7f00000)
 Metaspace       used 6101K, capacity 7024K, committed 7296K, reserved 1056768K
  class space    used 592K, capacity 616K, committed 640K, reserved 1048576K
Event: 4.477 GC heap after
Heap after GC invocations=1 (full 0):
 PSYoungGen      total 56832K, used 7665K [0x00000000eab00000, 0x00000000f1a00000, 0x0000000100000000)
  eden space 49152K, 0% used [0x00000000eab00000,0x00000000eab00000,0x00000000edb00000)
  from space 7680K, 99% used [0x00000000edb00000,0x00000000ee27c488,0x00000000ee280000)
  to   space 7680K, 0% used [0x00000000f1280000,0x00000000f1280000,0x00000000f1a00000)
 ParOldGen       total 130048K, used 1207K [0x00000000c0000000, 0x00000000c7f00000, 0x00000000eab00000)
  object space 130048K, 0% used [0x00000000c0000000,0x00000000c012dcf8,0x00000000c7f00000)
 Metaspace       used 6101K, capacity 7024K, committed 7296K, reserved 1056768K
  class space    used 592K, capacity 616K, committed 640K, reserved 1048576K
}

Deoptimization events (10 events):
Event: 2.998 Thread 0x0000000016854000 Uncommon trap: reason=unreached action=reinterpret pc=0x0000000002e3fd3c method=com.android.dx.cf.code.BytecodeArray.parseInstruction(ILcom/android/dx/cf/code/BytecodeArray$Visitor;)I @ 1198
Event: 3.464 Thread 0x000000001685c000 Uncommon trap: reason=bimorphic action=maybe_recompile pc=0x0000000002b6bdf0 method=java.util.HashMap.getNode(ILjava/lang/Object;)Ljava/util/HashMap$Node; @ 126
Event: 5.047 Thread 0x00000000027e3000 Uncommon trap: reason=bimorphic action=maybe_recompile pc=0x0000000002b6bdf0 method=java.util.HashMap.getNode(ILjava/lang/Object;)Ljava/util/HashMap$Node; @ 126
Event: 5.726 Thread 0x0000000016870000 Uncommon trap: reason=unreached action=reinterpret pc=0x0000000002c5aeb0 method=java.util.HashMap.getNode(ILjava/lang/Object;)Ljava/util/HashMap$Node; @ 84
Event: 5.727 Thread 0x0000000016870000 Uncommon trap: reason=unreached action=reinterpret pc=0x0000000002e9ce34 method=java.util.HashMap.putVal(ILjava/lang/Object;Ljava/lang/Object;ZZ)Ljava/lang/Object; @ 193
Event: 5.737 Thread 0x0000000016870000 Uncommon trap: reason=unreached action=reinterpret pc=0x0000000002b34ef0 method=java.util.HashMap.getNode(ILjava/lang/Object;)Ljava/util/HashMap$Node; @ 84
Event: 5.790 Thread 0x000000001685c000 Uncommon trap: reason=bimorphic action=maybe_recompile pc=0x0000000002f472f0 method=com.android.dx.cf.code.BytecodeArray.parseInstruction(ILcom/android/dx/cf/code/BytecodeArray$Visitor;)I @ 2135
Event: 5.790 Thread 0x000000001685c000 Uncommon trap: reason=bimorphic action=maybe_recompile pc=0x0000000002f472f0 method=com.android.dx.cf.code.BytecodeArray.parseInstruction(ILcom/android/dx/cf/code/BytecodeArray$Visitor;)I @ 2135
Event: 5.790 Thread 0x000000001685c000 Uncommon trap: reason=bimorphic action=maybe_recompile pc=0x0000000002f472f0 method=com.android.dx.cf.code.BytecodeArray.parseInstruction(ILcom/android/dx/cf/code/BytecodeArray$Visitor;)I @ 2135
Event: 5.791 Thread 0x000000001685c000 Uncommon trap: reason=bimorphic action=maybe_recompile pc=0x0000000002f472f0 method=com.android.dx.cf.code.BytecodeArray.parseInstruction(ILcom/android/dx/cf/code/BytecodeArray$Visitor;)I @ 2135

Internal exceptions (10 events):
Event: 1.615 Thread 0x00000000027e3000 Exception <a 'java/security/PrivilegedActionException'> (0x00000000ebd4e6a8) thrown at [C:\workspace\8-2-build-windows-amd64-cygwin\jdk8u31\2394\hotspot\src\share\vm\prims\jvm.cpp, line 1312]
Event: 1.616 Thread 0x00000000027e3000 Exception <a 'java/security/PrivilegedActionException'> (0x00000000ebd549f8) thrown at [C:\workspace\8-2-build-windows-amd64-cygwin\jdk8u31\2394\hotspot\src\share\vm\prims\jvm.cpp, line 1312]
Event: 1.617 Thread 0x0000000016870000 Exception <a 'java/security/PrivilegedActionException'> (0x00000000eba80d20) thrown at [C:\workspace\8-2-build-windows-amd64-cygwin\jdk8u31\2394\hotspot\src\share\vm\prims\jvm.cpp, line 1312]
Event: 2.009 Thread 0x0000000016870000 Exception <a 'java/security/PrivilegedActionException'> (0x00000000ec0f4b90) thrown at [C:\workspace\8-2-build-windows-amd64-cygwin\jdk8u31\2394\hotspot\src\share\vm\prims\jvm.cpp, line 1312]
Event: 2.010 Thread 0x0000000016870000 Exception <a 'java/security/PrivilegedActionException'> (0x00000000ec0faaa0) thrown at [C:\workspace\8-2-build-windows-amd64-cygwin\jdk8u31\2394\hotspot\src\share\vm\prims\jvm.cpp, line 1312]
Event: 2.174 Thread 0x00000000027e3000 Implicit null exception at 0x0000000002c866ca to 0x0000000002c88a8d
Event: 2.372 Thread 0x0000000016854000 Exception <a 'java/security/PrivilegedActionException'> (0x00000000ec496378) thrown at [C:\workspace\8-2-build-windows-amd64-cygwin\jdk8u31\2394\hotspot\src\share\vm\prims\jvm.cpp, line 1312]
Event: 5.723 Thread 0x0000000016870000 Exception <a 'java/lang/ArrayIndexOutOfBoundsException': 18> (0x00000000ec15c6e0) thrown at [C:\workspace\8-2-build-windows-amd64-cygwin\jdk8u31\2394\hotspot\src\share\vm\interpreter\interpreterRuntime.cpp, line 366]
Event: 5.724 Thread 0x0000000016870000 Exception <a 'java/lang/ArrayIndexOutOfBoundsException'> (0x00000000ec15e178) thrown at [C:\workspace\8-2-build-windows-amd64-cygwin\jdk8u31\2394\hotspot\src\share\vm\runtime\sharedRuntime.cpp, line 604]
Event: 5.725 Thread 0x0000000016870000 Exception <a 'java/lang/ArrayIndexOutOfBoundsException'> (0x00000000ec15f390) thrown at [C:\workspace\8-2-build-windows-amd64-cygwin\jdk8u31\2394\hotspot\src\share\vm\runtime\sharedRuntime.cpp, line 604]

Events (10 events):
Event: 5.790 Thread 0x000000001685c000 DEOPT UNPACKING pc=0x000000000292556a sp=0x0000000017afe490 mode 2
Event: 5.790 Thread 0x000000001685c000 Uncommon trap: trap_request=0xffffffc6 fr.pc=0x0000000002f472f0
Event: 5.790 Thread 0x000000001685c000 DEOPT PACKING pc=0x0000000002f472f0 sp=0x0000000017afe4d0
Event: 5.790 Thread 0x000000001685c000 DEOPT UNPACKING pc=0x000000000292556a sp=0x0000000017afe490 mode 2
Event: 5.790 Thread 0x000000001685c000 Uncommon trap: trap_request=0xffffffc6 fr.pc=0x0000000002f472f0
Event: 5.790 Thread 0x000000001685c000 DEOPT PACKING pc=0x0000000002f472f0 sp=0x0000000017afe330
Event: 5.790 Thread 0x000000001685c000 DEOPT UNPACKING pc=0x000000000292556a sp=0x0000000017afe2f0 mode 2
Event: 5.791 Thread 0x000000001685c000 Uncommon trap: trap_request=0xffffffc6 fr.pc=0x0000000002f472f0
Event: 5.791 Thread 0x000000001685c000 DEOPT PACKING pc=0x0000000002f472f0 sp=0x0000000017afe330
Event: 5.791 Thread 0x000000001685c000 DEOPT UNPACKING pc=0x000000000292556a sp=0x0000000017afe2f0 mode 2


Dynamic libraries:
0x00007ff625be0000 - 0x00007ff625c14000 	E:\Program Files\Java\jdk1.8.0_31\bin\java.exe
0x00007fff70f30000 - 0x00007fff71101000 	C:\WINDOWS\SYSTEM32\ntdll.dll
0x00007fff6ebd0000 - 0x00007fff6ec7b000 	C:\WINDOWS\System32\KERNEL32.DLL
0x00007fff6d570000 - 0x00007fff6d78d000 	C:\WINDOWS\System32\KERNELBASE.dll
0x00007fff6ed20000 - 0x00007fff6edc2000 	C:\WINDOWS\System32\ADVAPI32.dll
0x00007fff70d30000 - 0x00007fff70dce000 	C:\WINDOWS\System32\msvcrt.dll
0x00007fff6e850000 - 0x00007fff6e8a9000 	C:\WINDOWS\System32\sechost.dll
0x00007fff6e8b0000 - 0x00007fff6e9d1000 	C:\WINDOWS\System32\RPCRT4.dll
0x00007fff6f0b0000 - 0x00007fff6f215000 	C:\WINDOWS\System32\USER32.dll
0x00007fff6e110000 - 0x00007fff6e12e000 	C:\WINDOWS\System32\win32u.dll
0x00007fff708c0000 - 0x00007fff708f4000 	C:\WINDOWS\System32\GDI32.dll
0x00007fff6e130000 - 0x00007fff6e2b2000 	C:\WINDOWS\System32\gdi32full.dll
0x00007fff65f70000 - 0x00007fff661e9000 	C:\WINDOWS\WinSxS\amd64_microsoft.windows.common-controls_6595b64144ccf1df_6.0.14393.447_none_42191651c6827bb3\COMCTL32.dll
0x00007fff6ede0000 - 0x00007fff6f0a7000 	C:\WINDOWS\System32\combase.dll
0x00007fff6d420000 - 0x00007fff6d515000 	C:\WINDOWS\System32\ucrtbase.dll
0x00007fff6d790000 - 0x00007fff6d7fa000 	C:\WINDOWS\System32\bcryptPrimitives.dll
0x00007fff6e610000 - 0x00007fff6e63e000 	C:\WINDOWS\System32\IMM32.DLL
0x00007fff6d290000 - 0x00007fff6d2c1000 	C:\Windows\system32\nvinitx.dll
0x00007fff6d280000 - 0x00007fff6d28a000 	C:\WINDOWS\SYSTEM32\VERSION.dll
0x000000005acf0000 - 0x000000005adc2000 	E:\Program Files\Java\jdk1.8.0_31\jre\bin\msvcr100.dll
0x000000005a490000 - 0x000000005acea000 	E:\Program Files\Java\jdk1.8.0_31\jre\bin\server\jvm.dll
0x00007fff6e600000 - 0x00007fff6e608000 	C:\WINDOWS\System32\PSAPI.DLL
0x00007fff5e220000 - 0x00007fff5e229000 	C:\WINDOWS\SYSTEM32\WSOCK32.dll
0x00007fff6e640000 - 0x00007fff6e6aa000 	C:\WINDOWS\System32\WS2_32.dll
0x00007fff6b7d0000 - 0x00007fff6b7f3000 	C:\WINDOWS\SYSTEM32\WINMM.dll
0x00007fff6b770000 - 0x00007fff6b79b000 	C:\WINDOWS\SYSTEM32\WINMMBASE.dll
0x00007fff6d520000 - 0x00007fff6d562000 	C:\WINDOWS\System32\cfgmgr32.dll
0x000000005a480000 - 0x000000005a48f000 	E:\Program Files\Java\jdk1.8.0_31\jre\bin\verify.dll
0x000000005a450000 - 0x000000005a478000 	E:\Program Files\Java\jdk1.8.0_31\jre\bin\java.dll
0x000000005a430000 - 0x000000005a446000 	E:\Program Files\Java\jdk1.8.0_31\jre\bin\zip.dll
0x00007fff6f340000 - 0x00007fff70849000 	C:\WINDOWS\System32\SHELL32.dll
0x00007fff6d800000 - 0x00007fff6deda000 	C:\WINDOWS\System32\windows.storage.dll
0x00007fff6d3c0000 - 0x00007fff6d40c000 	C:\WINDOWS\System32\powrprof.dll
0x00007fff6f220000 - 0x00007fff6f272000 	C:\WINDOWS\System32\shlwapi.dll
0x00007fff6d3b0000 - 0x00007fff6d3bf000 	C:\WINDOWS\System32\kernel.appcore.dll
0x00007fff6e2c0000 - 0x00007fff6e369000 	C:\WINDOWS\System32\shcore.dll
0x00007fff6d390000 - 0x00007fff6d3a4000 	C:\WINDOWS\System32\profapi.dll
0x00007fff5b590000 - 0x00007fff5b722000 	C:\WINDOWS\SYSTEM32\dbghelp.dll

VM Arguments:
jvm_args: -Djava.awt.headless=true -Xmx1024M -Dfile.encoding=GBK -Duser.country=CN -Duser.language=zh -Duser.variant 
java_command: com.android.dx.command.Main --dex --num-threads=4 --output E:\john_work\MV_085\app\build\intermediates\pre-dexed\debug\glide-3.5.2_bdf1ae5940877ff85a377733972f43597822cbe8.jar C:\Users\bzmoop\.gradle\caches\modules-2\files-2.1\com.github.bumptech.glide\glide\3.5.2\ecf534dba3a8446ce84cbb797d314763be212a68\glide-3.5.2.jar
java_class_path (initial): E:\Android\sdk\build-tools\24.0.2\lib\dx.jar
Launcher Type: SUN_STANDARD

Environment Variables:
JAVA_HOME=E:\Program Files\Java\jdk1.8.0_31
CLASSPATH=.;E:\Program Files\Java\jdk1.8.0_31\lib;E:\Program Files\Java\jdk1.8.0_31\lib\tools.jar
PATH=C:\WINDOWS\system32;C:\WINDOWS;C:\WINDOWS\System32\Wbem;C:\WINDOWS\System32\WindowsPowerShell\v1.0\;C:\Program Files (x86)\NVIDIA Corporation\PhysX\Common;C:\Program Files\TortoiseSVN\bin;C:\WINDOWS\system32;C:\WINDOWS;C:\WINDOWS\System32\Wbem;C:\WINDOWS\System32\WindowsPowerShell\v1.0\;C:\Program Files (x86)\GtkSharp\2.12\bin;C:\WINDOWS\system32\config\systemprofile\.dnx\bin;C:\Program Files\Microsoft DNX\Dnvm\;C:\Program Files\Microsoft SQL Server\130\Tools\Binn\;E:\Android\sdk\platform-tools;E:\Android\sdk\platform-tools;E:\Program Files\TortoiseGit\bin;E:\Program Files\Java\jdk1.8.0_31\bin;E:\Program Files\Java\jdk1.8.0_31\jre\bin;e:\Program Files\MATLAB\R2016b\bin;C:\Users\bzmoop\AppData\Local\Microsoft\WindowsApps;
USERNAME=bzmoop
OS=Windows_NT
PROCESSOR_IDENTIFIER=Intel64 Family 6 Model 58 Stepping 9, GenuineIntel



---------------  S Y S T E M  ---------------

OS: Windows 8.1 , 64 bit Build 9600 

CPU:total 4 (2 cores per cpu, 2 threads per core) family 6 model 58 stepping 9, cmov, cx8, fxsr, mmx, sse, sse2, sse3, ssse3, sse4.1, sse4.2, popcnt, avx, aes, clmul, erms, ht, tsc, tscinvbit, tscinv

Memory: 4k page, physical 12417384k(3020248k free), swap 12417384k(6412k free)

vm_info: Java HotSpot(TM) 64-Bit Server VM (25.31-b07) for windows-amd64 JRE (1.8.0_31-b13), built on Dec 17 2014 21:00:28 by "java_re" with MS VC++ 10.0 (VS2010)

time: Mon Nov 21 19:42:28 2016
elapsed time: 6 seconds (0d 0h 0m 6s)

