#
# There is insufficient memory for the Java Runtime Environment to continue.
# Native memory allocation (malloc) failed to allocate 938016 bytes for Chunk::new
# Possible reasons:
#   The system is out of physical RAM or swap space
#   In 32 bit mode, the process size limit was hit
# Possible solutions:
#   Reduce memory load on the system
#   Increase physical memory or swap space
#   Check if swap backing store is full
#   Use 64 bit Java on a 64 bit OS
#   Decrease Java heap size (-Xmx/-Xms)
#   Decrease number of Java threads
#   Decrease Java thread stack sizes (-Xss)
#   Set larger code cache with -XX:ReservedCodeCacheSize=
# This output file may be truncated or incomplete.
#
#  Out of Memory Error (allocation.cpp:390), pid=17116, tid=12876
#
# JRE version: Java(TM) SE Runtime Environment (8.0_31-b13) (build 1.8.0_31-b13)
# Java VM: Java HotSpot(TM) 64-Bit Server VM (25.31-b07 mixed mode windows-amd64 compressed oops)
# Failed to write core dump. Minidumps are not enabled by default on client versions of Windows
#

---------------  T H R E A D  ---------------

Current thread (0x000000001590b000):  JavaThread "C2 CompilerThread0" daemon [_thread_in_native, id=12876, stack(0x0000000016e00000,0x0000000016f00000)]

Stack: [0x0000000016e00000,0x0000000016f00000]
Native frames: (J=compiled Java code, j=interpreted, Vv=VM code, C=native code)
V  [jvm.dll+0x3169ba]


Current CompileTask:
C2:  42384 2480       4       com.android.dx.ssa.ConstCollector::getConstsSortedByCountUse (386 bytes)


---------------  P R O C E S S  ---------------

Java Threads: ( => current thread )
  0x0000000017155000 JavaThread "pool-1-thread-4" [_thread_blocked, id=8244, stack(0x0000000018300000,0x0000000018400000)]
  0x0000000017154800 JavaThread "pool-1-thread-3" [_thread_in_Java, id=15648, stack(0x0000000018200000,0x0000000018300000)]
  0x0000000017152800 JavaThread "pool-1-thread-2" [_thread_blocked, id=17332, stack(0x0000000018100000,0x0000000018200000)]
  0x000000001715f000 JavaThread "pool-2-thread-1" [_thread_blocked, id=9852, stack(0x0000000018000000,0x0000000018100000)]
  0x000000001715e000 JavaThread "pool-1-thread-1" [_thread_in_Java, id=14304, stack(0x0000000017f00000,0x0000000018000000)]
  0x0000000016f60800 JavaThread "Service Thread" daemon [_thread_blocked, id=9528, stack(0x0000000017500000,0x0000000017600000)]
  0x0000000016f52800 JavaThread "C1 CompilerThread2" daemon [_thread_blocked, id=15240, stack(0x0000000017400000,0x0000000017500000)]
  0x0000000016f44800 JavaThread "C2 CompilerThread1" daemon [_thread_in_native, id=6068, stack(0x0000000017300000,0x0000000017400000)]
=>0x000000001590b000 JavaThread "C2 CompilerThread0" daemon [_thread_in_native, id=12876, stack(0x0000000016e00000,0x0000000016f00000)]
  0x000000001590a800 JavaThread "Attach Listener" daemon [_thread_blocked, id=15824, stack(0x0000000016d00000,0x0000000016e00000)]
  0x00000000158be000 JavaThread "Signal Dispatcher" daemon [_thread_blocked, id=16352, stack(0x0000000016c00000,0x0000000016d00000)]
  0x00000000031cf000 JavaThread "Finalizer" daemon [_thread_blocked, id=15940, stack(0x0000000016b00000,0x0000000016c00000)]
  0x00000000031cc000 JavaThread "Reference Handler" daemon [_thread_blocked, id=16188, stack(0x0000000016a00000,0x0000000016b00000)]
  0x00000000030e3000 JavaThread "main" [_thread_in_Java, id=17052, stack(0x0000000002fe0000,0x00000000030e0000)]

Other Threads:
  0x0000000015876800 VMThread [stack: 0x0000000016900000,0x0000000016a00000] [id=17324]
  0x0000000016f63000 WatcherThread [stack: 0x0000000017600000,0x0000000017700000] [id=16392]

VM state:not at safepoint (normal execution)

VM Mutex/Monitor currently owned by a thread: None

Heap:
 PSYoungGen      total 204288K, used 183503K [0x00000000eab00000, 0x00000000f7a00000, 0x0000000100000000)
  eden space 196608K, 89% used [0x00000000eab00000,0x00000000f56ba330,0x00000000f6b00000)
  from space 7680K, 99% used [0x00000000f7280000,0x00000000f79f9b90,0x00000000f7a00000)
  to   space 7680K, 0% used [0x00000000f6b00000,0x00000000f6b00000,0x00000000f7280000)
 ParOldGen       total 130048K, used 36660K [0x00000000c0000000, 0x00000000c7f00000, 0x00000000eab00000)
  object space 130048K, 28% used [0x00000000c0000000,0x00000000c23cd218,0x00000000c7f00000)
 Metaspace       used 6522K, capacity 7256K, committed 7424K, reserved 1056768K
  class space    used 619K, capacity 656K, committed 768K, reserved 1048576K

Card table byte_map: [0x00000000125a0000,0x00000000127b0000] byte_map_base: 0x0000000011fa0000

Marking Bits: (ParMarkBitMap*) 0x000000005632d4f0
 Begin Bits: [0x0000000012d10000, 0x0000000013d10000)
 End Bits:   [0x0000000013d10000, 0x0000000014d10000)

Polling page: 0x0000000002c00000

CodeCache: size=245760Kb used=8769Kb max_used=10311Kb free=236990Kb
 bounds [0x00000000031e0000, 0x0000000003c20000, 0x00000000121e0000]
 total_blobs=2125 nmethods=1858 adapters=180
 compilation: enabled

Compilation events (10 events):
Event: 42.183 Thread 0x0000000016f52800 2505       2       com.android.dx.ssa.DeadCodeRemover$NoSideEffectVisitor::visitMoveInsn (22 bytes)
Event: 42.183 Thread 0x0000000016f52800 nmethod 2505 0x0000000003402950 code [0x0000000003402ac0, 0x0000000003402cb8]
Event: 42.194 Thread 0x0000000016f52800 2507       2       com.android.dx.ssa.back.FirstFitLocalCombiningAllocator::ssaSetToSpecs (57 bytes)
Event: 42.195 Thread 0x0000000016f52800 nmethod 2507 0x00000000035ee310 code [0x00000000035ee500, 0x00000000035eec98]
Event: 42.219 Thread 0x0000000016f52800 2508       2       com.android.dx.rop.code.RegisterSpecList::indexOfRegister (38 bytes)
Event: 42.220 Thread 0x0000000016f52800 nmethod 2508 0x0000000003526ed0 code [0x0000000003527040, 0x00000000035272a8]
Event: 42.227 Thread 0x0000000016f52800 2509       2       com.android.dx.ssa.back.FirstFitLocalCombiningAllocator::fitPlanForRange (250 bytes)
Event: 42.229 Thread 0x0000000016f52800 nmethod 2509 0x00000000033cbfd0 code [0x00000000033cc260, 0x00000000033cccd8]
Event: 42.229 Thread 0x0000000016f52800 2510       1       java.util.TreeMap$Entry::getKey (5 bytes)
Event: 42.229 Thread 0x0000000016f52800 nmethod 2510 0x00000000035ee050 code [0x00000000035ee1a0, 0x00000000035ee2b0]

GC Heap History (8 events):
Event: 3.719 GC heap before
{Heap before GC invocations=1 (full 0):
 PSYoungGen      total 56832K, used 49152K [0x00000000eab00000, 0x00000000eea00000, 0x0000000100000000)
  eden space 49152K, 100% used [0x00000000eab00000,0x00000000edb00000,0x00000000edb00000)
  from space 7680K, 0% used [0x00000000ee280000,0x00000000ee280000,0x00000000eea00000)
  to   space 7680K, 0% used [0x00000000edb00000,0x00000000edb00000,0x00000000ee280000)
 ParOldGen       total 130048K, used 0K [0x00000000c0000000, 0x00000000c7f00000, 0x00000000eab00000)
  object space 130048K, 0% used [0x00000000c0000000,0x00000000c0000000,0x00000000c7f00000)
 Metaspace       used 6088K, capacity 6960K, committed 7040K, reserved 1056768K
  class space    used 596K, capacity 616K, committed 640K, reserved 1048576K
Event: 4.390 GC heap after
Heap after GC invocations=1 (full 0):
 PSYoungGen      total 56832K, used 7649K [0x00000000eab00000, 0x00000000f1a00000, 0x0000000100000000)
  eden space 49152K, 0% used [0x00000000eab00000,0x00000000eab00000,0x00000000edb00000)
  from space 7680K, 99% used [0x00000000edb00000,0x00000000ee2785a8,0x00000000ee280000)
  to   space 7680K, 0% used [0x00000000f1280000,0x00000000f1280000,0x00000000f1a00000)
 ParOldGen       total 130048K, used 86K [0x00000000c0000000, 0x00000000c7f00000, 0x00000000eab00000)
  object space 130048K, 0% used [0x00000000c0000000,0x00000000c0015a30,0x00000000c7f00000)
 Metaspace       used 6088K, capacity 6960K, committed 7040K, reserved 1056768K
  class space    used 596K, capacity 616K, committed 640K, reserved 1048576K
}
Event: 7.543 GC heap before
{Heap before GC invocations=2 (full 0):
 PSYoungGen      total 56832K, used 56801K [0x00000000eab00000, 0x00000000f1a00000, 0x0000000100000000)
  eden space 49152K, 100% used [0x00000000eab00000,0x00000000edb00000,0x00000000edb00000)
  from space 7680K, 99% used [0x00000000edb00000,0x00000000ee2785a8,0x00000000ee280000)
  to   space 7680K, 0% used [0x00000000f1280000,0x00000000f1280000,0x00000000f1a00000)
 ParOldGen       total 130048K, used 86K [0x00000000c0000000, 0x00000000c7f00000, 0x00000000eab00000)
  object space 130048K, 0% used [0x00000000c0000000,0x00000000c0015a30,0x00000000c7f00000)
 Metaspace       used 6235K, capacity 7088K, committed 7296K, reserved 1056768K
  class space    used 597K, capacity 616K, committed 640K, reserved 1048576K
Event: 7.759 GC heap after
Heap after GC invocations=2 (full 0):
 PSYoungGen      total 105984K, used 7659K [0x00000000eab00000, 0x00000000f1a00000, 0x0000000100000000)
  eden space 98304K, 0% used [0x00000000eab00000,0x00000000eab00000,0x00000000f0b00000)
  from space 7680K, 99% used [0x00000000f1280000,0x00000000f19facb8,0x00000000f1a00000)
  to   space 7680K, 0% used [0x00000000f0b00000,0x00000000f0b00000,0x00000000f1280000)
 ParOldGen       total 130048K, used 5914K [0x00000000c0000000, 0x00000000c7f00000, 0x00000000eab00000)
  object space 130048K, 4% used [0x00000000c0000000,0x00000000c05c6818,0x00000000c7f00000)
 Metaspace       used 6235K, capacity 7088K, committed 7296K, reserved 1056768K
  class space    used 597K, capacity 616K, committed 640K, reserved 1048576K
}
Event: 14.735 GC heap before
{Heap before GC invocations=3 (full 0):
 PSYoungGen      total 105984K, used 105963K [0x00000000eab00000, 0x00000000f1a00000, 0x0000000100000000)
  eden space 98304K, 100% used [0x00000000eab00000,0x00000000f0b00000,0x00000000f0b00000)
  from space 7680K, 99% used [0x00000000f1280000,0x00000000f19facb8,0x00000000f1a00000)
  to   space 7680K, 0% used [0x00000000f0b00000,0x00000000f0b00000,0x00000000f1280000)
 ParOldGen       total 130048K, used 5914K [0x00000000c0000000, 0x00000000c7f00000, 0x00000000eab00000)
  object space 130048K, 4% used [0x00000000c0000000,0x00000000c05c6818,0x00000000c7f00000)
 Metaspace       used 6336K, capacity 7152K, committed 7296K, reserved 1056768K
  class space    used 598K, capacity 616K, committed 640K, reserved 1048576K
Event: 16.964 GC heap after
Heap after GC invocations=3 (full 0):
 PSYoungGen      total 105984K, used 7673K [0x00000000eab00000, 0x00000000f7a00000, 0x0000000100000000)
  eden space 98304K, 0% used [0x00000000eab00000,0x00000000eab00000,0x00000000f0b00000)
  from space 7680K, 99% used [0x00000000f0b00000,0x00000000f127e608,0x00000000f1280000)
  to   space 7680K, 0% used [0x00000000f7280000,0x00000000f7280000,0x00000000f7a00000)
 ParOldGen       total 130048K, used 20347K [0x00000000c0000000, 0x00000000c7f00000, 0x00000000eab00000)
  object space 130048K, 15% used [0x00000000c0000000,0x00000000c13ded70,0x00000000c7f00000)
 Metaspace       used 6336K, capacity 7152K, committed 7296K, reserved 1056768K
  class space    used 598K, capacity 616K, committed 640K, reserved 1048576K
}
Event: 31.635 GC heap before
{Heap before GC invocations=4 (full 0):
 PSYoungGen      total 105984K, used 105977K [0x00000000eab00000, 0x00000000f7a00000, 0x0000000100000000)
  eden space 98304K, 100% used [0x00000000eab00000,0x00000000f0b00000,0x00000000f0b00000)
  from space 7680K, 99% used [0x00000000f0b00000,0x00000000f127e608,0x00000000f1280000)
  to   space 7680K, 0% used [0x00000000f7280000,0x00000000f7280000,0x00000000f7a00000)
 ParOldGen       total 130048K, used 20347K [0x00000000c0000000, 0x00000000c7f00000, 0x00000000eab00000)
  object space 130048K, 15% used [0x00000000c0000000,0x00000000c13ded70,0x00000000c7f00000)
 Metaspace       used 6501K, capacity 7256K, committed 7424K, reserved 1056768K
  class space    used 619K, capacity 656K, committed 768K, reserved 1048576K
Event: 33.655 GC heap after
Heap after GC invocations=4 (full 0):
 PSYoungGen      total 204288K, used 7654K [0x00000000eab00000, 0x00000000f7a00000, 0x0000000100000000)
  eden space 196608K, 0% used [0x00000000eab00000,0x00000000eab00000,0x00000000f6b00000)
  from space 7680K, 99% used [0x00000000f7280000,0x00000000f79f9b90,0x00000000f7a00000)
  to   space 7680K, 0% used [0x00000000f6b00000,0x00000000f6b00000,0x00000000f7280000)
 ParOldGen       total 130048K, used 36660K [0x00000000c0000000, 0x00000000c7f00000, 0x00000000eab00000)
  object space 130048K, 28% used [0x00000000c0000000,0x00000000c23cd218,0x00000000c7f00000)
 Metaspace       used 6501K, capacity 7256K, committed 7424K, reserved 1056768K
  class space    used 619K, capacity 656K, committed 768K, reserved 1048576K
}

Deoptimization events (10 events):
Event: 33.892 Thread 0x0000000017154800 Uncommon trap: reason=bimorphic action=maybe_recompile pc=0x0000000003790458 method=com.android.dx.ssa.LiteralOpUpgrader.tryReplacingWithConstant(Lcom/android/dx/ssa/NormalSsaInsn;)Z @ 62
Event: 33.901 Thread 0x0000000017154800 Uncommon trap: reason=bimorphic action=maybe_recompile pc=0x0000000003790458 method=com.android.dx.ssa.LiteralOpUpgrader.tryReplacingWithConstant(Lcom/android/dx/ssa/NormalSsaInsn;)Z @ 62
Event: 35.626 Thread 0x00000000030e3000 Uncommon trap: reason=unreached action=reinterpret pc=0x0000000003bd371c method=java.util.HashMap.putVal(ILjava/lang/Object;Ljava/lang/Object;ZZ)Ljava/lang/Object; @ 109
Event: 35.634 Thread 0x00000000030e3000 Uncommon trap: reason=bimorphic action=maybe_recompile pc=0x0000000003c09ee4 method=com.android.dx.cf.code.BytecodeArray.parseInstruction(ILcom/android/dx/cf/code/BytecodeArray$Visitor;)I @ 971
Event: 35.634 Thread 0x00000000030e3000 Uncommon trap: reason=bimorphic action=maybe_recompile pc=0x0000000003c09ee4 method=com.android.dx.cf.code.BytecodeArray.parseInstruction(ILcom/android/dx/cf/code/BytecodeArray$Visitor;)I @ 971
Event: 35.640 Thread 0x000000001715e000 Uncommon trap: reason=unreached action=reinterpret pc=0x00000000038ef82c method=java.util.HashMap.getNode(ILjava/lang/Object;)Ljava/util/HashMap$Node; @ 84
Event: 37.118 Thread 0x000000001715e000 Uncommon trap: reason=unreached action=reinterpret pc=0x0000000003aa3a7c method=java.util.HashMap.putVal(ILjava/lang/Object;Ljava/lang/Object;ZZ)Ljava/lang/Object; @ 109
Event: 40.212 Thread 0x00000000030e3000 Uncommon trap: reason=bimorphic action=maybe_recompile pc=0x00000000037d9f90 method=com.android.dx.cf.code.BytecodeArray.parseInstruction(ILcom/android/dx/cf/code/BytecodeArray$Visitor;)I @ 1035
Event: 40.212 Thread 0x00000000030e3000 Uncommon trap: reason=bimorphic action=maybe_recompile pc=0x00000000037d9f90 method=com.android.dx.cf.code.BytecodeArray.parseInstruction(ILcom/android/dx/cf/code/BytecodeArray$Visitor;)I @ 1035
Event: 40.916 Thread 0x0000000017152800 Uncommon trap: reason=unreached action=reinterpret pc=0x000000000398fb14 method=com.android.dx.cf.code.BytecodeArray.parseInstruction(ILcom/android/dx/cf/code/BytecodeArray$Visitor;)I @ 1261

Internal exceptions (10 events):
Event: 3.095 Thread 0x0000000017155000 Exception <a 'java/security/PrivilegedActionException'> (0x00000000ecf88e68) thrown at [C:\workspace\8-2-build-windows-amd64-cygwin\jdk8u31\2394\hotspot\src\share\vm\prims\jvm.cpp, line 1312]
Event: 5.595 Thread 0x00000000030e3000 Exception <a 'java/security/PrivilegedActionException'> (0x00000000ec6451c0) thrown at [C:\workspace\8-2-build-windows-amd64-cygwin\jdk8u31\2394\hotspot\src\share\vm\prims\jvm.cpp, line 1312]
Event: 5.605 Thread 0x00000000030e3000 Exception <a 'java/security/PrivilegedActionException'> (0x00000000ec6a4420) thrown at [C:\workspace\8-2-build-windows-amd64-cygwin\jdk8u31\2394\hotspot\src\share\vm\prims\jvm.cpp, line 1312]
Event: 9.561 Thread 0x00000000030e3000 Exception <a 'java/security/PrivilegedActionException'> (0x00000000ecf1ed90) thrown at [C:\workspace\8-2-build-windows-amd64-cygwin\jdk8u31\2394\hotspot\src\share\vm\prims\jvm.cpp, line 1312]
Event: 24.823 Thread 0x0000000017154800 Implicit null exception at 0x0000000003804b4f to 0x00000000038062f9
Event: 25.921 Thread 0x0000000017154800 Implicit null exception at 0x00000000037fff80 to 0x00000000038019d5
Event: 27.409 Thread 0x0000000017155000 Exception <a 'java/lang/ArrayIndexOutOfBoundsException': 18> (0x00000000f021fb20) thrown at [C:\workspace\8-2-build-windows-amd64-cygwin\jdk8u31\2394\hotspot\src\share\vm\interpreter\interpreterRuntime.cpp, line 366]
Event: 27.414 Thread 0x0000000017155000 Exception <a 'java/lang/ArrayIndexOutOfBoundsException'> (0x00000000f02215b8) thrown at [C:\workspace\8-2-build-windows-amd64-cygwin\jdk8u31\2394\hotspot\src\share\vm\runtime\sharedRuntime.cpp, line 604]
Event: 27.415 Thread 0x0000000017155000 Exception <a 'java/lang/ArrayIndexOutOfBoundsException'> (0x00000000f02227d0) thrown at [C:\workspace\8-2-build-windows-amd64-cygwin\jdk8u31\2394\hotspot\src\share\vm\runtime\sharedRuntime.cpp, line 604]
Event: 30.210 Thread 0x00000000030e3000 Exception <a 'java/security/PrivilegedActionException'> (0x00000000f0757db8) thrown at [C:\workspace\8-2-build-windows-amd64-cygwin\jdk8u31\2394\hotspot\src\share\vm\prims\jvm.cpp, line 1312]

Events (10 events):
Event: 40.912 Thread 0x0000000017152800 DEOPT UNPACKING pc=0x00000000032275bf sp=0x00000000181fe5b0 mode 0
Event: 40.916 Thread 0x0000000017152800 Uncommon trap: trap_request=0xffffffad fr.pc=0x000000000398fb14
Event: 40.916 Thread 0x0000000017152800 DEOPT PACKING pc=0x000000000398fb14 sp=0x00000000181fe6f0
Event: 40.916 Thread 0x0000000017152800 DEOPT UNPACKING pc=0x000000000322556a sp=0x00000000181fe698 mode 2
Event: 41.071 Thread 0x0000000017155000 DEOPT PACKING pc=0x00000000036cc2e3 sp=0x00000000183feaf0
Event: 41.071 Thread 0x0000000017155000 DEOPT UNPACKING pc=0x00000000032275bf sp=0x00000000183fe848 mode 0
Event: 42.077 Thread 0x0000000017154800 DEOPT PACKING pc=0x00000000038d72d8 sp=0x00000000182fe440
Event: 42.077 Thread 0x0000000017154800 DEOPT UNPACKING pc=0x00000000032275bf sp=0x00000000182fe1c0 mode 0
Event: 42.086 Thread 0x0000000017155000 DEOPT PACKING pc=0x000000000364629e sp=0x00000000183fea90
Event: 42.086 Thread 0x0000000017155000 DEOPT UNPACKING pc=0x00000000032275bf sp=0x00000000183fe7d0 mode 0


Dynamic libraries:
0x00007ff6f73e0000 - 0x00007ff6f7414000 	E:\Program Files\Java\jdk1.8.0_31\bin\java.exe
0x00007ffa5c290000 - 0x00007ffa5c461000 	C:\WINDOWS\SYSTEM32\ntdll.dll
0x00007ffa5c050000 - 0x00007ffa5c0fb000 	C:\WINDOWS\System32\KERNEL32.DLL
0x00007ffa59470000 - 0x00007ffa5968d000 	C:\WINDOWS\System32\KERNELBASE.dll
0x00007ffa59830000 - 0x00007ffa598d2000 	C:\WINDOWS\System32\ADVAPI32.dll
0x00007ffa5c100000 - 0x00007ffa5c19e000 	C:\WINDOWS\System32\msvcrt.dll
0x00007ffa5c1b0000 - 0x00007ffa5c209000 	C:\WINDOWS\System32\sechost.dll
0x00007ffa5a2b0000 - 0x00007ffa5a3d1000 	C:\WINDOWS\System32\RPCRT4.dll
0x00007ffa5bb00000 - 0x00007ffa5bc65000 	C:\WINDOWS\System32\USER32.dll
0x00007ffa59700000 - 0x00007ffa5971e000 	C:\WINDOWS\System32\win32u.dll
0x00007ffa59a40000 - 0x00007ffa59a74000 	C:\WINDOWS\System32\GDI32.dll
0x00007ffa592e0000 - 0x00007ffa59462000 	C:\WINDOWS\System32\gdi32full.dll
0x00007ffa51860000 - 0x00007ffa51ad9000 	C:\WINDOWS\WinSxS\amd64_microsoft.windows.common-controls_6595b64144ccf1df_6.0.14393.447_none_42191651c6827bb3\COMCTL32.dll
0x00007ffa59a80000 - 0x00007ffa59d47000 	C:\WINDOWS\System32\combase.dll
0x00007ffa591e0000 - 0x00007ffa592d5000 	C:\WINDOWS\System32\ucrtbase.dll
0x00007ffa59690000 - 0x00007ffa596fa000 	C:\WINDOWS\System32\bcryptPrimitives.dll
0x00007ffa5a180000 - 0x00007ffa5a1ae000 	C:\WINDOWS\System32\IMM32.DLL
0x00007ffa585f0000 - 0x00007ffa58621000 	C:\Windows\system32\nvinitx.dll
0x00007ffa585e0000 - 0x00007ffa585ea000 	C:\WINDOWS\SYSTEM32\VERSION.dll
0x0000000057b80000 - 0x0000000057c52000 	E:\Program Files\Java\jdk1.8.0_31\jre\bin\msvcr100.dll
0x0000000055b50000 - 0x00000000563aa000 	E:\Program Files\Java\jdk1.8.0_31\jre\bin\server\jvm.dll
0x00007ffa59820000 - 0x00007ffa59828000 	C:\WINDOWS\System32\PSAPI.DLL
0x00007ffa49450000 - 0x00007ffa49459000 	C:\WINDOWS\SYSTEM32\WSOCK32.dll
0x00007ffa5bf80000 - 0x00007ffa5bfea000 	C:\WINDOWS\System32\WS2_32.dll
0x00007ffa56590000 - 0x00007ffa565b3000 	C:\WINDOWS\SYSTEM32\WINMM.dll
0x00007ffa56560000 - 0x00007ffa5658b000 	C:\WINDOWS\SYSTEM32\WINMMBASE.dll
0x00007ffa58830000 - 0x00007ffa58872000 	C:\WINDOWS\System32\cfgmgr32.dll
0x0000000057b70000 - 0x0000000057b7f000 	E:\Program Files\Java\jdk1.8.0_31\jre\bin\verify.dll
0x0000000057b40000 - 0x0000000057b68000 	E:\Program Files\Java\jdk1.8.0_31\jre\bin\java.dll
0x0000000057b20000 - 0x0000000057b36000 	E:\Program Files\Java\jdk1.8.0_31\jre\bin\zip.dll
0x00007ffa5a3e0000 - 0x00007ffa5b8e9000 	C:\WINDOWS\System32\SHELL32.dll
0x00007ffa58a50000 - 0x00007ffa5912a000 	C:\WINDOWS\System32\windows.storage.dll
0x00007ffa586f0000 - 0x00007ffa5873c000 	C:\WINDOWS\System32\powrprof.dll
0x00007ffa5c230000 - 0x00007ffa5c282000 	C:\WINDOWS\System32\shlwapi.dll
0x00007ffa58770000 - 0x00007ffa5877f000 	C:\WINDOWS\System32\kernel.appcore.dll
0x00007ffa59130000 - 0x00007ffa591d9000 	C:\WINDOWS\System32\shcore.dll
0x00007ffa58740000 - 0x00007ffa58754000 	C:\WINDOWS\System32\profapi.dll

VM Arguments:
jvm_args: -Djava.awt.headless=true -Xmx1024M -Dfile.encoding=GBK -Duser.country=CN -Duser.language=zh -Duser.variant 
java_command: com.android.dx.command.Main --dex --num-threads=4 --output E:\john_work\MV_085\app\build\intermediates\pre-dexed\debug\com.android.support-support-v4-23.4.0_4f23fae384f0dd329c29d6ccb8a3be530d125730.jar E:\john_work\MV_085\app\build\intermediates\exploded-aar\com.android.support\support-v4\23.4.0\jars\classes.jar
java_class_path (initial): E:\Android\sdk\build-tools\24.0.2\lib\dx.jar
Launcher Type: SUN_STANDARD

Environment Variables:
JAVA_HOME=E:\Program Files\Java\jdk1.8.0_31
CLASSPATH=.;E:\Program Files\Java\jdk1.8.0_31\lib;E:\Program Files\Java\jdk1.8.0_31\lib\tools.jar
PATH=C:\WINDOWS\system32;C:\WINDOWS;C:\WINDOWS\System32\Wbem;C:\WINDOWS\System32\WindowsPowerShell\v1.0\;C:\Program Files (x86)\NVIDIA Corporation\PhysX\Common;C:\Program Files\TortoiseSVN\bin;C:\WINDOWS\system32;C:\WINDOWS;C:\WINDOWS\System32\Wbem;C:\WINDOWS\System32\WindowsPowerShell\v1.0\;C:\Program Files (x86)\GtkSharp\2.12\bin;C:\WINDOWS\system32\config\systemprofile\.dnx\bin;C:\Program Files\Microsoft DNX\Dnvm\;C:\Program Files\Microsoft SQL Server\130\Tools\Binn\;E:\Android\sdk\platform-tools;E:\Android\sdk\platform-tools;E:\Program Files\TortoiseGit\bin;E:\Program Files\Java\jdk1.8.0_31\bin;C:\Python27;C:\Users\bzmoop\AppData\Local\Microsoft\WindowsApps;
USERNAME=bzmoop
OS=Windows_NT
PROCESSOR_IDENTIFIER=Intel64 Family 6 Model 58 Stepping 9, GenuineIntel



---------------  S Y S T E M  ---------------

OS: Windows 8.1 , 64 bit Build 9600 

CPU:total 4 (2 cores per cpu, 2 threads per core) family 6 model 58 stepping 9, cmov, cx8, fxsr, mmx, sse, sse2, sse3, ssse3, sse4.1, sse4.2, popcnt, avx, aes, clmul, erms, ht, tsc, tscinvbit, tscinv

Memory: 4k page, physical 12417384k(2538008k free), swap 12417384k(820k free)

vm_info: Java HotSpot(TM) 64-Bit Server VM (25.31-b07) for windows-amd64 JRE (1.8.0_31-b13), built on Dec 17 2014 21:00:28 by "java_re" with MS VC++ 10.0 (VS2010)

time: Wed Dec 14 17:43:17 2016
elapsed time: 42 seconds (0d 0h 0m 42s)

